#
# There is insufficient memory for the Java Runtime Environment to continue.
# Native memory allocation (malloc) failed to allocate 32744 bytes. Error detail: Chunk::new
# Possible reasons:
#   The system is out of physical RAM or swap space
#   This process is running with CompressedOops enabled, and the Java Heap may be blocking the growth of the native heap
# Possible solutions:
#   Reduce memory load on the system
#   Increase physical memory or swap space
#   Check if swap backing store is full
#   Decrease Java heap size (-Xmx/-Xms)
#   Decrease number of Java threads
#   Decrease Java thread stack sizes (-Xss)
#   Set larger code cache with -XX:ReservedCodeCacheSize=
#   JVM is running with Unscaled Compressed Oops mode in which the Java heap is
#     placed in the first 4GB address space. The Java Heap base address is the
#     maximum limit for the native heap growth. Please use -XX:HeapBaseMinAddress
#     to set the Java Heap base and to place the Java Heap above 4GB virtual address.
# This output file may be truncated or incomplete.
#
#  Out of Memory Error (arena.cpp:168), pid=27952, tid=32760
#
# JRE version: OpenJDK Runtime Environment Temurin-21.0.7+6 (21.0.7+6) (build 21.0.7+6-LTS)
# Java VM: OpenJDK 64-Bit Server VM Temurin-21.0.7+6 (21.0.7+6-LTS, mixed mode, emulated-client, sharing, tiered, compressed oops, compressed class ptrs, g1 gc, windows-amd64)
# No core dump will be written. Minidumps are not enabled by default on client versions of Windows
#

---------------  S U M M A R Y ------------

Command Line: -Dcom.sun.management.jmxremote -Dcom.sun.management.jmxremote.port=57018 -Dcom.sun.management.jmxremote.authenticate=false -Dcom.sun.management.jmxremote.ssl=false -Djava.rmi.server.hostname=localhost -Dspring.jmx.enabled=true -Dmanagement.endpoints.jmx.exposure.include=* -Dspring.application.admin.enabled=true -Dspring.output.ansi.enabled=always -XX:TieredStopAtLevel=1 -Dspring.boot.project.name=carro -Dfile.encoding=UTF-8 -Dstdout.encoding=UTF-8 -Dstderr.encoding=UTF-8 -XX:+ShowCodeDetailsInExceptionMessages carro.carro.CarroApplication

Host: AMD Ryzen 5 PRO 4650U with Radeon Graphics, 12 cores, 7G,  Windows 11 , 64 bit Build 22621 (10.0.22621.5415)
Time: Wed Sep 17 17:17:52 2025 GMT Summer Time elapsed time: 0.773492 seconds (0d 0h 0m 0s)

---------------  T H R E A D  ---------------

Current thread (0x000001a2d0771100):  JavaThread "main"             [_thread_in_vm, id=32760, stack(0x000000819e700000,0x000000819e800000) (1024K)]

Stack: [0x000000819e700000,0x000000819e800000]
Native frames: (J=compiled Java code, j=interpreted, Vv=VM code, C=native code)
V  [jvm.dll+0x6ce119]
V  [jvm.dll+0x8a84a1]
V  [jvm.dll+0x8aa9ce]
V  [jvm.dll+0x8ab0b3]
V  [jvm.dll+0x27f8a6]
V  [jvm.dll+0xc507d]
V  [jvm.dll+0xc55b3]
V  [jvm.dll+0x214db5]
V  [jvm.dll+0x215bba]
V  [jvm.dll+0x2165e5]
V  [jvm.dll+0x20bbae]
V  [jvm.dll+0x5ae58c]
V  [jvm.dll+0x821706]
V  [jvm.dll+0x4718d6]
V  [jvm.dll+0x4777a8]
C  [java.dll+0x17ec]

Java frames: (J=compiled Java code, j=interpreted, Vv=VM code)
J 1346  java.lang.ClassLoader.defineClass1(Ljava/lang/ClassLoader;Ljava/lang/String;[BIILjava/security/ProtectionDomain;Ljava/lang/String;)Ljava/lang/Class; java.base@21.0.7 (0 bytes) @ 0x000001a2d6869991 [0x000001a2d68698c0+0x00000000000000d1]
j  java.lang.ClassLoader.defineClass(Ljava/lang/String;[BIILjava/security/ProtectionDomain;)Ljava/lang/Class;+27 java.base@21.0.7
j  java.security.SecureClassLoader.defineClass(Ljava/lang/String;[BIILjava/security/CodeSource;)Ljava/lang/Class;+12 java.base@21.0.7
j  jdk.internal.loader.BuiltinClassLoader.defineClass(Ljava/lang/String;Ljdk/internal/loader/Resource;)Ljava/lang/Class;+117 java.base@21.0.7
j  jdk.internal.loader.BuiltinClassLoader.findClassOnClassPathOrNull(Ljava/lang/String;)Ljava/lang/Class;+37 java.base@21.0.7
J 1210 c1 jdk.internal.loader.BuiltinClassLoader.loadClassOrNull(Ljava/lang/String;Z)Ljava/lang/Class; java.base@21.0.7 (143 bytes) @ 0x000001a2d683377c [0x000001a2d6833380+0x00000000000003fc]
J 1462 c1 jdk.internal.loader.ClassLoaders$AppClassLoader.loadClass(Ljava/lang/String;Z)Ljava/lang/Class; java.base@21.0.7 (40 bytes) @ 0x000001a2d689618c [0x000001a2d6896140+0x000000000000004c]
J 1439 c1 java.lang.ClassLoader.loadClass(Ljava/lang/String;)Ljava/lang/Class; java.base@21.0.7 (7 bytes) @ 0x000001a2d688c594 [0x000001a2d688c540+0x0000000000000054]
v  ~StubRoutines::call_stub 0x000001a2d64d100d
j  org.springframework.core.io.support.SpringFactoriesLoader.instantiateFactory(Ljava/lang/String;Ljava/lang/Class;Lorg/springframework/core/io/support/SpringFactoriesLoader$ArgumentResolver;Lorg/springframework/core/io/support/SpringFactoriesLoader$FailureHandler;)Ljava/lang/Object;+28
j  org.springframework.core.io.support.SpringFactoriesLoader.load(Ljava/lang/Class;Lorg/springframework/core/io/support/SpringFactoriesLoader$ArgumentResolver;Lorg/springframework/core/io/support/SpringFactoriesLoader$FailureHandler;)Ljava/util/List;+99
j  org.springframework.core.io.support.SpringFactoriesLoader.load(Ljava/lang/Class;Lorg/springframework/core/io/support/SpringFactoriesLoader$ArgumentResolver;)Ljava/util/List;+4
j  org.springframework.boot.SpringApplication.getSpringFactoriesInstances(Ljava/lang/Class;Lorg/springframework/core/io/support/SpringFactoriesLoader$ArgumentResolver;)Ljava/util/List;+9
j  org.springframework.boot.SpringApplication.getSpringFactoriesInstances(Ljava/lang/Class;)Ljava/util/List;+3
j  org.springframework.boot.SpringApplication.<init>(Lorg/springframework/core/io/ResourceLoader;[Ljava/lang/Class;)V+113
j  org.springframework.boot.SpringApplication.<init>([Ljava/lang/Class;)V+3
j  org.springframework.boot.SpringApplication.run([Ljava/lang/Class;[Ljava/lang/String;)Lorg/springframework/context/ConfigurableApplicationContext;+5
j  org.springframework.boot.SpringApplication.run(Ljava/lang/Class;[Ljava/lang/String;)Lorg/springframework/context/ConfigurableApplicationContext;+9
j  carro.carro.CarroApplication.main([Ljava/lang/String;)V+3
v  ~StubRoutines::call_stub 0x000001a2d64d100d

Compiled method (n/a) 790 1346     n 0       java.lang.ClassLoader::defineClass1 (native)
 total in heap  [0x000001a2d6869710,0x000001a2d6869d70] = 1632
 relocation     [0x000001a2d6869870,0x000001a2d68698a8] = 56
 main code      [0x000001a2d68698c0,0x000001a2d6869d6f] = 1199
 stub code      [0x000001a2d6869d6f,0x000001a2d6869d70] = 1

[Constant Pool (empty)]

[MachCode]
[Entry Point]
  # {method} {0x000001a280431000} 'defineClass1' '(Ljava/lang/ClassLoader;Ljava/lang/String;[BIILjava/security/ProtectionDomain;Ljava/lang/String;)Ljava/lang/Class;' in 'java/lang/ClassLoader'
  # parm0:    rdx:rdx   = 'java/lang/ClassLoader'
  # parm1:    r8:r8     = 'java/lang/String'
  # parm2:    r9:r9     = '[B'
  # parm3:    rdi       = int
  # parm4:    rsi       = int
  # parm5:    rcx:rcx   = 'java/security/ProtectionDomain'
  # parm6:    [sp+0xa0]   = 'java/lang/String'  (sp of caller)
  0x000001a2d68698c0: 448b 5208 | 49bb 0000 | 0080 a201 | 0000 4d03 | d349 3bc2 | 0f84 0600 

  0x000001a2d68698d8: ;   {runtime_call ic_miss_stub}
  0x000001a2d68698d8: 0000 e9a1 | 4ecb ff90 
[Verified Entry Point]
  0x000001a2d68698e0: 8984 2400 | 80ff ff55 | 488b ec48 | 81ec 9000 | 0000 6690 | 4181 7f20 | 0100 0000 

  0x000001a2d68698fc: ;   {runtime_call StubRoutines (final stubs)}
  0x000001a2d68698fc: 7405 e85d | b4c9 ff48 | 837d 1000 | 488d 4510 | 480f 4445 | 1048 8944 | 2440 4889 | 4c24 7048 
  0x000001a2d686991c: 83f9 0048 | 8d44 2470 | 480f 4444 | 2470 4889 | 4424 3848 | 8974 2430 | 4889 7c24 | 284c 894c 
  0x000001a2d686993c: 2458 4983 | f900 488d | 4424 5848 | 0f44 4424 | 5848 8944 | 2420 4c89 | 4424 5049 | 83f8 004c 
  0x000001a2d686995c: 8d4c 2450 | 4c0f 444c | 2450 4889 | 5424 4848 | 83fa 004c | 8d44 2448 | 4c0f 4444 

  0x000001a2d6869978: ;   {oop(a 'java/lang/Class'{0x0000000093901450} = 'java/lang/ClassLoader')}
  0x000001a2d6869978: 2448 49be | 5014 9093 | 0000 0000 | 4c89 7424 | 784c 8d74 | 2478 498b | d6c5 f877 

  0x000001a2d6869994: ;   {internal_word}
  0x000001a2d6869994: 49ba 9199 | 86d6 a201 | 0000 4d89 | 97a0 0300 | 0049 89a7 | 9803 0000 

  0x000001a2d68699ac: ;   {external_word}
  0x000001a2d68699ac: 49ba 3d5b | 8b29 f87f | 0000 4180 | 3a00 0f84 | 4e00 0000 | 5241 5041 

  0x000001a2d68699c4: ;   {metadata({method} {0x000001a280431000} 'defineClass1' '(Ljava/lang/ClassLoader;Ljava/lang/String;[BIILjava/security/ProtectionDomain;Ljava/lang/String;)Ljava/lang/Class;' in 'java/lang/ClassLoader')}
  0x000001a2d68699c4: 5148 baf8 | 0f43 80a2 | 0100 0049 | 8bcf 4883 | ec20 40f6 | c40f 0f84 | 1900 0000 | 4883 ec08 
  0x000001a2d68699e4: ;   {runtime_call}
  0x000001a2d68699e4: 48b8 504b | 3529 f87f | 0000 ffd0 | 4883 c408 | e90c 0000 

  0x000001a2d68699f8: ;   {runtime_call}
  0x000001a2d68699f8: 0048 b850 | 4b35 29f8 | 7f00 00ff | d048 83c4 | 2041 5941 | 585a 498d | 8fb8 0300 | 0041 c787 
  0x000001a2d6869a18: 4404 0000 | 0400 0000 

  0x000001a2d6869a20: ;   {runtime_call}
  0x000001a2d6869a20: 48b8 ac16 | e47b f87f | 0000 ffd0 | c5f8 7741 | c787 4404 | 0000 0500 | 0000 f083 | 4424 c000 
  0x000001a2d6869a40: 493b af48 | 0400 000f | 870e 0000 | 0041 83bf | 4004 0000 | 000f 842b | 0000 00c5 | f877 4889 
  0x000001a2d6869a60: 45f8 498b | cf4c 8be4 | 4883 ec20 | 4883 e4f0 

  0x000001a2d6869a70: ;   {runtime_call}
  0x000001a2d6869a70: 48b8 00d1 | 0029 f87f | 0000 ffd0 | 498b e44d | 33e4 488b | 45f8 41c7 | 8744 0400 | 0008 0000 
  0x000001a2d6869a90: 0041 83bf | c004 0000 | 020f 84a3 

  0x000001a2d6869a9c: ;   {external_word}
  0x000001a2d6869a9c: 0200 0049 | ba3d 5b8b | 29f8 7f00 | 0041 803a | 000f 844c | 0000 0048 

  0x000001a2d6869ab4: ;   {metadata({method} {0x000001a280431000} 'defineClass1' '(Ljava/lang/ClassLoader;Ljava/lang/String;[BIILjava/security/ProtectionDomain;Ljava/lang/String;)Ljava/lang/Class;' in 'java/lang/ClassLoader')}
  0x000001a2d6869ab4: 8945 f848 | baf8 0f43 | 80a2 0100 | 0049 8bcf | 4883 ec20 | 40f6 c40f | 0f84 1900 | 0000 4883 
  0x000001a2d6869ad4: ;   {runtime_call}
  0x000001a2d6869ad4: ec08 48b8 | 504b 3529 | f87f 0000 | ffd0 4883 | c408 e90c 

  0x000001a2d6869ae8: ;   {runtime_call}
  0x000001a2d6869ae8: 0000 0048 | b850 4b35 | 29f8 7f00 | 00ff d048 | 83c4 2048 | 8b45 f849 | c787 9803 | 0000 0000 
  0x000001a2d6869b08: 0000 49c7 | 87a0 0300 | 0000 0000 | 00c5 f877 | 4885 c00f | 84fe 0100 | 00a8 030f | 8508 0000 
  0x000001a2d6869b28: 0048 8b00 | e9ee 0100 | 00a8 010f | 8509 0000 | 0048 8b40 | fee9 dd01 | 0000 488b | 40ff 4180 
  0x000001a2d6869b48: 7f40 000f | 84ce 0100 | 0048 83f8 | 000f 84c4 | 0100 0049 | 8b4f 2848 | 83f9 000f | 8414 0000 
  0x000001a2d6869b68: 0048 83e9 | 0849 894f | 2849 034f | 3848 8901 | e9a2 0100 | 0048 81ec | d000 0000 | 4889 0424 
  0x000001a2d6869b88: 4889 4c24 | 0848 8954 | 2410 4889 | 7424 1848 | 897c 2420 | 4c89 4424 | 284c 894c | 2430 4c89 
  0x000001a2d6869ba8: 5424 384c | 895c 2440 | c5fb 1144 | 2450 c5fb | 114c 2458 | c5fb 1154 | 2460 c5fb | 115c 2468 
  0x000001a2d6869bc8: c5fb 1164 | 2470 c5fb | 116c 2478 | c5fb 11b4 | 2480 0000 | 00c5 fb11 | bc24 8800 | 0000 c57b 
  0x000001a2d6869be8: ;   {no_reloc}
  0x000001a2d6869be8: 1184 2490 | 0000 00c5 | 7b11 8c24 | 9800 0000 | c57b 1194 | 24a0 0000 | 00c5 7b11 | 9c24 a800 
  0x000001a2d6869c08: 0000 c57b | 11a4 24b0 | 0000 00c5 | 7b11 ac24 | b800 0000 | c57b 11b4 | 24c0 0000 | 00c5 7b11 
  0x000001a2d6869c28: bc24 c800 | 0000 498b | d748 8bc8 | 4883 ec20 | 40f6 c40f | 0f84 1900 | 0000 4883 

  0x000001a2d6869c44: ;   {runtime_call}
  0x000001a2d6869c44: ec08 48b8 | c014 f428 | f87f 0000 | ffd0 4883 | c408 e90c 

  0x000001a2d6869c58: ;   {runtime_call}
  0x000001a2d6869c58: 0000 0048 | b8c0 14f4 | 28f8 7f00 | 00ff d048 | 83c4 20c5 | 7b10 bc24 | c800 0000 | c57b 10b4 
  0x000001a2d6869c78: 24c0 0000 | 00c5 7b10 | ac24 b800 | 0000 c57b | 10a4 24b0 | 0000 00c5 | 7b10 9c24 | a800 0000 
  0x000001a2d6869c98: c57b 1094 | 24a0 0000 | 00c5 7b10 | 8c24 9800 | 0000 c57b | 1084 2490 | 0000 00c5 | fb10 bc24 
  0x000001a2d6869cb8: 8800 0000 | c5fb 10b4 | 2480 0000 | 00c5 fb10 | 6c24 78c5 | fb10 6424 | 70c5 fb10 | 5c24 68c5 
  0x000001a2d6869cd8: fb10 5424 | 60c5 fb10 | 4c24 58c5 | fb10 4424 | 504c 8b5c | 2440 4c8b | 5424 384c | 8b4c 2430 
  0x000001a2d6869cf8: 4c8b 4424 | 2848 8b7c | 2420 488b | 7424 1848 | 8b54 2410 | 488b 4c24 | 0848 8b04 | 2448 81c4 
  0x000001a2d6869d18: d000 0000 | c5f8 7749 | 8b8f 2804 | 0000 c781 | 0001 0000 | 0000 0000 | c949 837f | 0800 0f85 
  0x000001a2d6869d38: 0100 0000 

  0x000001a2d6869d3c: ;   {runtime_call StubRoutines (initial stubs)}
  0x000001a2d6869d3c: c3e9 be71 | c6ff c5f8 | 7748 8945 | f84c 8be4 | 4883 ec20 | 4883 e4f0 

  0x000001a2d6869d54: ;   {runtime_call}
  0x000001a2d6869d54: 48b8 3083 | 3529 f87f | 0000 ffd0 | 498b e44d | 33e4 488b | 45f8 e930 | fdff fff4 
[/MachCode]


Compiled method (c1) 799 1210   !   1       jdk.internal.loader.BuiltinClassLoader::loadClassOrNull (143 bytes)
 total in heap  [0x000001a2d6833110,0x000001a2d6834088] = 3960
 relocation     [0x000001a2d6833270,0x000001a2d6833368] = 248
 main code      [0x000001a2d6833380,0x000001a2d68339a0] = 1568
 stub code      [0x000001a2d68339a0,0x000001a2d6833a80] = 224
 metadata       [0x000001a2d6833a80,0x000001a2d6833af8] = 120
 scopes data    [0x000001a2d6833af8,0x000001a2d6833cf0] = 504
 scopes pcs     [0x000001a2d6833cf0,0x000001a2d6833e80] = 400
 dependencies   [0x000001a2d6833e80,0x000001a2d6833e98] = 24
 handler table  [0x000001a2d6833e98,0x000001a2d6834048] = 432
 nul chk table  [0x000001a2d6834048,0x000001a2d6834088] = 64

[Constant Pool (empty)]

[MachCode]
[Entry Point]
  # {method} {0x000001a280069050} 'loadClassOrNull' '(Ljava/lang/String;Z)Ljava/lang/Class;' in 'jdk/internal/loader/BuiltinClassLoader'
  # this:     rdx:rdx   = 'jdk/internal/loader/BuiltinClassLoader'
  # parm0:    r8:r8     = 'java/lang/String'
  # parm1:    r9        = boolean
  #           [sp+0x100]  (sp of caller)
  0x000001a2d6833380: 448b 5208 | 49bb 0000 | 0080 a201 | 0000 4d03 | d34c 3bd0 

  0x000001a2d6833394: ;   {runtime_call ic_miss_stub}
  0x000001a2d6833394: 0f85 e6b3 | ceff 660f | 1f44 0000 
[Verified Entry Point]
  0x000001a2d68333a0: 8984 2400 | 80ff ff55 | 4881 ecf0 | 0000 0090 | 4181 7f20 | 0100 0000 

  0x000001a2d68333b8: ;   {runtime_call StubRoutines (final stubs)}
  0x000001a2d68333b8: 7405 e8a1 | 19cd ff48 | 8994 24a0 | 0000 004c | 8984 2498 | 0000 008b | 5a28 4885 | db0f 8510 
  0x000001a2d68333d8: 0000 0048 | 8bf2 4489 | 8c24 a800 | 0000 e99d | 0000 0044 | 898c 24a8 

  0x000001a2d68333f0: ;   {metadata('java/lang/Object')}
  0x000001a2d68333f0: 0000 0048 | ba70 0e00 | 80a2 0100 | 0049 8b87 | b801 0000 | 488d 7810 | 493b bfc8 | 0100 000f 
  0x000001a2d6833410: 87bf 0400 | 0049 89bf | b801 0000 | 48c7 0001 | 0000 0048 | 8bca 49ba | 0000 0080 | a201 0000 
  0x000001a2d6833430: 492b ca89 | 4808 4833 | c989 480c | 4833 c948 | 3b03 498b | f04c 8bc6 | 4c8b c8bf | 0100 0000 
  0x000001a2d6833450: 488b d348 | 8984 2490 | 0000 000f 

  0x000001a2d683345c: ;   {optimized virtual_call}
  0x000001a2d683345c: 1f40 00e8 

  0x000001a2d6833460: ; ImmutableOopMap {[144]=Oop [152]=Oop [160]=Oop }
                      ;*invokevirtual putVal {reexecute=0 rethrow=0 return_oop=0}
                      ; - java.util.concurrent.ConcurrentHashMap::putIfAbsent@4 (line 1541)
                      ; - java.lang.ClassLoader::getClassLoadingLock@23 (line 681)
                      ; - jdk.internal.loader.BuiltinClassLoader::loadClassOrNull@2 (line 651)
  0x000001a2d6833460: 7cb8 dbff 

  0x000001a2d6833464: ;   {other}
  0x000001a2d6833464: 0f1f 8400 | 5403 0000 | 4885 c00f | 8408 0000 | 0048 8bf0 | e90b 0000 | 0048 8b84 | 2490 0000 
  0x000001a2d6833484: 0048 8bf0 | 488d 9424 | d000 0000 | 4889 7208 

  0x000001a2d6833494: ; implicit exception: dispatches to 0x000001a2d68338e6
  0x000001a2d6833494: 488b 0648 | 83c8 0148 | 8902 f048 | 0fb1 160f | 8412 0000 | 0048 2bc4 | 4825 07f0 | ffff 4889 
  0x000001a2d68334b4: 020f 8530 | 0400 0049 | ff87 4805 | 0000 488b | 9424 9800 | 0000 4889 | b424 b000 | 0000 0f1f 
  0x000001a2d68334d4: ;   {static_call}
  0x000001a2d68334d4: 4400 00e8 

  0x000001a2d68334d8: ; ImmutableOopMap {[152]=Oop [160]=Oop [176]=Oop [216]=Oop }
                      ;*invokestatic checkName {reexecute=0 rethrow=0 return_oop=0}
                      ; - java.lang.ClassLoader::findLoadedClass@1 (line 1298)
                      ; - jdk.internal.loader.BuiltinClassLoader::loadClassOrNull@10 (line 653)
  0x000001a2d68334d8: 043b feff 

  0x000001a2d68334dc: ;   {other}
  0x000001a2d68334dc: 0f1f 8400 | cc03 0001 | 85c0 0f85 | 0f00 0000 

  0x000001a2d68334ec: ;   {oop(nullptr)}
  0x000001a2d68334ec: 48be 0000 | 0000 0000 | 0000 e924 | 0000 004c | 8b84 2498 | 0000 0048 | 8b94 24a0 | 0000 000f 
  0x000001a2d683350c: ;   {optimized virtual_call}
  0x000001a2d683350c: 1f40 00e8 

  0x000001a2d6833510: ; ImmutableOopMap {[152]=Oop [160]=Oop [176]=Oop [216]=Oop }
                      ;*invokevirtual findLoadedClass0 {reexecute=0 rethrow=0 return_oop=0}
                      ; - java.lang.ClassLoader::findLoadedClass@11 (line 1300)
                      ; - jdk.internal.loader.BuiltinClassLoader::loadClassOrNull@10 (line 653)
  0x000001a2d6833510: cc63 feff 

  0x000001a2d6833514: ;   {other}
  0x000001a2d6833514: 0f1f 8400 | 0404 0002 | 488b f048 | 85f6 0f85 | 5f02 0000 | 4889 b424 | b800 0000 | 4c8b 8424 
  0x000001a2d6833534: 9800 0000 

  0x000001a2d6833538: ; implicit exception: dispatches to 0x000001a2d68338fe
  0x000001a2d6833538: 418b 4814 

  0x000001a2d683353c: ; implicit exception: dispatches to 0x000001a2d6833903
  0x000001a2d683353c: 448b 490c | 410f be48 | 10c1 e118 | c1f9 1841 | d3f9 41ff | c949 8bf8 | 41b8 2e00 | 0000 488b 
  0x000001a2d683355c: ;   {optimized virtual_call}
  0x000001a2d683355c: d766 90e8 

  0x000001a2d6833560: ; ImmutableOopMap {[152]=Oop [160]=Oop [176]=Oop [184]=Oop [216]=Oop }
                      ;*invokevirtual lastIndexOf {reexecute=0 rethrow=0 return_oop=0}
                      ; - java.lang.String::lastIndexOf@8 (line 2535)
                      ; - jdk.internal.loader.BuiltinClassLoader::findLoadedModule@3 (line 709)
                      ; - jdk.internal.loader.BuiltinClassLoader::loadClassOrNull@22 (line 658)
  0x000001a2d6833560: 7c02 fbff 

  0x000001a2d6833564: ;   {other}
  0x000001a2d6833564: 0f1f 8400 | 5404 0003 | 85c0 0f8d | 0f00 0000 

  0x000001a2d6833574: ;   {oop(nullptr)}
  0x000001a2d6833574: 48be 0000 | 0000 0000 | 0000 e979 | 0000 0041 | b800 0000 | 004c 8bc8 | 488b 9424 | 9800 0000 
  0x000001a2d6833594: ;   {optimized virtual_call}
  0x000001a2d6833594: 6666 90e8 

  0x000001a2d6833598: ; ImmutableOopMap {[152]=Oop [160]=Oop [176]=Oop [184]=Oop [216]=Oop }
                      ;*invokevirtual substring {reexecute=0 rethrow=0 return_oop=0}
                      ; - jdk.internal.loader.BuiltinClassLoader::findLoadedModule@16 (line 713)
                      ; - jdk.internal.loader.BuiltinClassLoader::loadClassOrNull@22 (line 658)
  0x000001a2d6833598: 6491 e7ff 

  0x000001a2d683359c: ;   {other}
  0x000001a2d683359c: 0f1f 8400 | 8c04 0004 

  0x000001a2d68335a4: ;   {oop(a 'java/util/concurrent/ConcurrentHashMap'{0x0000000093962fe8})}
  0x000001a2d68335a4: 4c8b c048 | bae8 2f96 | 9300 0000 | 0066 0f1f 

  0x000001a2d68335b4: ;   {optimized virtual_call}
  0x000001a2d68335b4: 4400 00e8 

  0x000001a2d68335b8: ; ImmutableOopMap {[152]=Oop [160]=Oop [176]=Oop [184]=Oop [216]=Oop }
                      ;*invokeinterface get {reexecute=0 rethrow=0 return_oop=0}
                      ; - jdk.internal.loader.BuiltinClassLoader::findLoadedModule@24 (line 714)
                      ; - jdk.internal.loader.BuiltinClassLoader::loadClassOrNull@22 (line 658)
  0x000001a2d68335b8: 044a ddff 

  0x000001a2d68335bc: ;   {other}
  0x000001a2d68335bc: 0f1f 8400 | ac04 0005 | 4885 c00f | 8429 0000 

  0x000001a2d68335cc: ;   {metadata('jdk/internal/loader/BuiltinClassLoader$LoadedModule')}
  0x000001a2d68335cc: 0048 beb0 | 4017 80a2 | 0100 0044 | 8b48 0849 | ba00 0000 | 80a2 0100 | 004d 03ca | 493b f10f 
  0x000001a2d68335ec: 8517 0300 | 00e9 0000 | 0000 4c8b | c049 8bf0 | 4885 f648 | 8b94 24a0 | 0000 000f | 84a7 0000 
  0x000001a2d683360c: 008b 7e0c | 483b fa0f | 8563 0000 

  0x000001a2d6833618: ;   {oop(a 'java/lang/Class'{0x000000009390a540} = 'jdk/internal/misc/VM')}
  0x000001a2d6833618: 0049 b840 | a590 9300 | 0000 0045 | 8b80 9400 | 0000 4183 | f802 41b8 | 0000 0000 | 7c06 41b8 
  0x000001a2d6833638: 0100 0000 | 4183 e001 | 4585 c00f | 850d 0000 | 0048 8bb4 | 24b8 0000 | 00e9 3101 | 0000 4c8b 
  0x000001a2d6833658: 8424 9800 | 0000 4c8b | ce48 8bf2 

  0x000001a2d6833664: ;   {optimized virtual_call}
  0x000001a2d6833664: 488b d6e8 

  0x000001a2d6833668: ; ImmutableOopMap {[160]=Oop [176]=Oop [216]=Oop }
                      ;*invokevirtual defineClass {reexecute=0 rethrow=0 return_oop=0}
                      ; - jdk.internal.loader.BuiltinClassLoader::findClassInModuleOrNull@9 (line 741)
                      ; - jdk.internal.loader.BuiltinClassLoader::loadClassOrNull@55 (line 665)
  0x000001a2d6833668: 14b4 ceff 

  0x000001a2d683366c: ;   {other}
  0x000001a2d683366c: 0f1f 8400 | 5c05 0006 | 488b f0e9 | 0b01 0000 

  0x000001a2d683367c: ; implicit exception: dispatches to 0x000001a2d6833916
  0x000001a2d683367c: 483b 074c | 8b84 2498 | 0000 0041 | b900 0000 | 0048 8bd7 | 0f1f 4400 | 0048 b860 | 9517 80a2 
  0x000001a2d683369c: ;   {virtual_call}
  0x000001a2d683369c: 0100 00e8 

  0x000001a2d68336a0: ; ImmutableOopMap {[160]=Oop [176]=Oop [216]=Oop }
                      ;*invokevirtual loadClassOrNull {reexecute=0 rethrow=0 return_oop=0}
                      ; - jdk.internal.loader.BuiltinClassLoader::loadClassOrNull@3 (line 700)
                      ; - jdk.internal.loader.BuiltinClassLoader::loadClassOrNull@66 (line 669)
  0x000001a2d68336a0: 1c96 0500 

  0x000001a2d68336a4: ;   {other}
  0x000001a2d68336a4: 0f1f 8400 | 9405 0007 | 488b f0e9 | d300 0000 | 8b72 5448 | 85f6 0f85 | 0d00 0000 | 488b b424 
  0x000001a2d68336c4: b800 0000 | e932 0000 | 0048 3b06 | 4c8b 8424 | 9800 0000 | 41b9 0000 | 0000 488b | d60f 1f40 
  0x000001a2d68336e4: 0048 b8ff | ffff ffff 

  0x000001a2d68336ec: ;   {virtual_call}
  0x000001a2d68336ec: ffff ffe8 

  0x000001a2d68336f0: ; ImmutableOopMap {[152]=Oop [160]=Oop [176]=Oop [216]=Oop }
                      ;*invokevirtual loadClassOrNull {reexecute=0 rethrow=0 return_oop=0}
                      ; - jdk.internal.loader.BuiltinClassLoader::loadClassOrNull@3 (line 700)
                      ; - jdk.internal.loader.BuiltinClassLoader::loadClassOrNull@86 (line 676)
  0x000001a2d68336f0: 0caa daff 

  0x000001a2d68336f4: ;   {other}
  0x000001a2d68336f4: 0f1f 8400 | e405 0008 | 488b f048 | 85f6 0f85 | 7f00 0000 | 488b 9424 | a000 0000 | 448b 4258 
  0x000001a2d6833714: 4d85 c041 | b800 0000 | 0074 0641 | b801 0000 | 0041 83e0 | 0145 85c0 | 0f84 5500 

  0x000001a2d6833730: ;   {oop(a 'java/lang/Class'{0x000000009390a540} = 'jdk/internal/misc/VM')}
  0x000001a2d6833730: 0000 49b8 | 40a5 9093 | 0000 0000 | 458b 8094 | 0000 0041 | 83f8 0241 | b800 0000 | 007c 0641 
  0x000001a2d6833750: b801 0000 | 0041 83e0 | 0145 85c0 | 0f84 2500 | 0000 4c8b | 8424 9800 | 0000 488b | f248 8bd6 
  0x000001a2d6833770: 0f1f 8000 

  0x000001a2d6833774: ;   {optimized virtual_call}
  0x000001a2d6833774: 0000 00e8 

  0x000001a2d6833778: ; ImmutableOopMap {[160]=Oop [176]=Oop [216]=Oop }
                      ;*invokevirtual findClassOnClassPathOrNull {reexecute=0 rethrow=0 return_oop=0}
                      ; - jdk.internal.loader.BuiltinClassLoader::loadClassOrNull@111 (line 681)
  0x000001a2d6833778: b202 0000 

  0x000001a2d683377c: ;   {other}
  0x000001a2d683377c: 0f1f 8400 | 6c06 0009 | 488b f044 | 8b8c 24a8 | 0000 0045 | 85c9 0f84 | 1200 0000 | 4885 f60f 
  0x000001a2d683379c: 8409 0000 | 0048 85f6 | 0f84 4300 | 0000 488d | 8424 d000 | 0000 488b | 1048 85d2 | 0f84 0f00 
  0x000001a2d68337bc: 0000 488b | 7808 f048 | 0fb1 170f | 8553 0100 | 0049 ff8f | 4805 0000 | 488b c648 | 81c4 f000 
  0x000001a2d68337dc: ;   {poll_return}
  0x000001a2d68337dc: 0000 5d49 | 3ba7 4804 | 0000 0f87 | 4a01 0000 | c348 89b4 | 24c8 0000 

  0x000001a2d68337f4: ;   {metadata('java/lang/NullPointerException')}
  0x000001a2d68337f4: 0048 ba50 | d306 80a2 | 0100 0049 | 8b87 b801 | 0000 488d | 7830 493b | bfc8 0100 | 000f 8735 
  0x000001a2d6833814: 0100 0049 | 89bf b801 | 0000 48c7 | 0001 0000 | 0048 8bca | 49ba 0000 | 0080 a201 | 0000 492b 
  0x000001a2d6833834: ca89 4808 | 4833 c989 | 480c 4833 | c948 8948 | 1048 8948 | 1848 8948 | 2048 8948 | 2848 8bd0 
  0x000001a2d6833854: 4889 8424 | c000 0000 

  0x000001a2d683385c: ;   {optimized virtual_call}
  0x000001a2d683385c: 6666 90e8 

  0x000001a2d6833860: ; ImmutableOopMap {[176]=Oop [192]=Oop [200]=Oop [216]=Oop }
                      ;*invokespecial <init> {reexecute=0 rethrow=0 return_oop=0}
                      ; - java.lang.ClassLoader::resolveClass@8 (line 1238)
                      ; - jdk.internal.loader.BuiltinClassLoader::loadClassOrNull@128 (line 688)
  0x000001a2d6833860: 1cb2 ceff 

  0x000001a2d6833864: ;   {other}
  0x000001a2d6833864: 0f1f 8400 | 5407 000a | 488b 8424 

  0x000001a2d6833870: ; ImmutableOopMap {rax=Oop [176]=Oop [200]=Oop [216]=Oop }
                      ;*athrow {reexecute=1 rethrow=0 return_oop=0}
                      ; - (reexecute) java.lang.ClassLoader::resolveClass@11 (line 1238)
                      ; - jdk.internal.loader.BuiltinClassLoader::loadClassOrNull@128 (line 688)
  0x000001a2d6833870: c000 0000 

  0x000001a2d6833874: ;   {section_word}
  0x000001a2d6833874: 48ba 7438 | 83d6 a201 

  0x000001a2d683387c: ;   {runtime_call handle_exception_nofpu Runtime1 stub}
  0x000001a2d683387c: 0000 e87d | 15da ff90 | 498b 87f8 | 0400 004d | 33d2 4d89 | 97f8 0400 | 004d 33d2 | 4d89 9700 
  0x000001a2d683389c: 0500 0048 | 8bf0 488d | 8424 d000 | 0000 488b | 3848 85ff | 0f84 0f00 | 0000 488b | 5808 f048 
  0x000001a2d68338bc: 0fb1 3b0f | 8594 0000 | 0049 ff8f | 4805 0000 | 488b c6e9 | b800 0000 

  0x000001a2d68338d4: ;   {runtime_call fast_new_instance Runtime1 stub}
  0x000001a2d68338d4: 488b d2e8 

  0x000001a2d68338d8: ; ImmutableOopMap {r8=Oop rbx=Oop [152]=Oop [160]=Oop }
                      ;*new {reexecute=0 rethrow=0 return_oop=0}
                      ; - java.lang.ClassLoader::getClassLoadingLock@9 (line 680)
                      ; - jdk.internal.loader.BuiltinClassLoader::loadClassOrNull@2 (line 651)
  0x000001a2d68338d8: a401 daff | e95e fbff 

  0x000001a2d68338e0: ;   {runtime_call throw_null_pointer_exception Runtime1 stub}
  0x000001a2d68338e0: ffe8 9af8 

  0x000001a2d68338e4: ; ImmutableOopMap {r8=Oop rbx=Oop rax=Oop [152]=Oop [160]=Oop }
                      ;*invokevirtual putIfAbsent {reexecute=0 rethrow=0 return_oop=0}
                      ; - java.lang.ClassLoader::getClassLoadingLock@23 (line 681)
                      ; - jdk.internal.loader.BuiltinClassLoader::loadClassOrNull@2 (line 651)
                      ;   {runtime_call throw_null_pointer_exception Runtime1 stub}
  0x000001a2d68338e4: d9ff e895 

  0x000001a2d68338e8: ; ImmutableOopMap {rsi=Oop [152]=Oop [160]=Oop }
                      ;*monitorenter {reexecute=0 rethrow=0 return_oop=0}
                      ; - jdk.internal.loader.BuiltinClassLoader::loadClassOrNull@7 (line 651)
  0x000001a2d68338e8: f8d9 ff48 | 8974 2408 | 4889 1424 

  0x000001a2d68338f4: ;   {runtime_call monitorenter_nofpu Runtime1 stub}
  0x000001a2d68338f4: e807 2dda 

  0x000001a2d68338f8: ; ImmutableOopMap {rsi=Oop [152]=Oop [160]=Oop [216]=Oop }
                      ;*monitorenter {reexecute=0 rethrow=0 return_oop=0}
                      ; - jdk.internal.loader.BuiltinClassLoader::loadClassOrNull@7 (line 651)
  0x000001a2d68338f8: ffe9 c4fb 

  0x000001a2d68338fc: ;   {runtime_call throw_null_pointer_exception Runtime1 stub}
  0x000001a2d68338fc: ffff e87d 

  0x000001a2d6833900: ; ImmutableOopMap {r8=Oop [152]=Oop [160]=Oop [176]=Oop [184]=Oop [216]=Oop }
                      ;*invokevirtual lastIndexOf {reexecute=0 rethrow=0 return_oop=0}
                      ; - jdk.internal.loader.BuiltinClassLoader::findLoadedModule@3 (line 709)
                      ; - jdk.internal.loader.BuiltinClassLoader::loadClassOrNull@22 (line 658)
                      ;   {runtime_call throw_null_pointer_exception Runtime1 stub}
  0x000001a2d6833900: f8d9 ffe8 

  0x000001a2d6833904: ; ImmutableOopMap {r8=Oop [152]=Oop [160]=Oop [176]=Oop [184]=Oop [216]=Oop }
                      ;*arraylength {reexecute=0 rethrow=0 return_oop=0}
                      ; - java.lang.String::length@4 (line 1519)
                      ; - java.lang.String::lastIndexOf@3 (line 2535)
                      ; - jdk.internal.loader.BuiltinClassLoader::findLoadedModule@3 (line 709)
                      ; - jdk.internal.loader.BuiltinClassLoader::loadClassOrNull@22 (line 658)
  0x000001a2d6833904: 78f8 d9ff | 4889 0424 

  0x000001a2d683390c: ;   {runtime_call throw_class_cast_exception Runtime1 stub}
  0x000001a2d683390c: e8ef 20da 

  0x000001a2d6833910: ; ImmutableOopMap {[152]=Oop [160]=Oop [176]=Oop [184]=Oop [216]=Oop }
                      ;*checkcast {reexecute=0 rethrow=0 return_oop=0}
                      ; - jdk.internal.loader.BuiltinClassLoader::findLoadedModule@29 (line 714)
                      ; - jdk.internal.loader.BuiltinClassLoader::loadClassOrNull@22 (line 658)
                      ;   {runtime_call throw_null_pointer_exception Runtime1 stub}
  0x000001a2d6833910: ffe8 6af8 

  0x000001a2d6833914: ; ImmutableOopMap {rsi=Oop rdx=Oop [152]=Oop [160]=Oop [176]=Oop [184]=Oop [216]=Oop }
                      ;*invokevirtual loader {reexecute=0 rethrow=0 return_oop=0}
                      ; - jdk.internal.loader.BuiltinClassLoader::loadClassOrNull@34 (line 662)
                      ;   {runtime_call throw_null_pointer_exception Runtime1 stub}
  0x000001a2d6833914: d9ff e865 

  0x000001a2d6833918: ; ImmutableOopMap {rdi=Oop [152]=Oop [160]=Oop [176]=Oop [216]=Oop }
                      ;*invokevirtual loadClassOrNull {reexecute=0 rethrow=0 return_oop=0}
                      ; - jdk.internal.loader.BuiltinClassLoader::loadClassOrNull@66 (line 669)
                      ;   {runtime_call throw_null_pointer_exception Runtime1 stub}
  0x000001a2d6833918: f8d9 ffe8 

  0x000001a2d683391c: ; ImmutableOopMap {rsi=Oop [152]=Oop [160]=Oop [176]=Oop [216]=Oop }
                      ;*invokevirtual loadClassOrNull {reexecute=0 rethrow=0 return_oop=0}
                      ; - jdk.internal.loader.BuiltinClassLoader::loadClassOrNull@86 (line 676)
  0x000001a2d683391c: 60f8 d9ff | 488d 8424 | d000 0000 | 4889 0424 

  0x000001a2d683392c: ;   {runtime_call monitorexit_nofpu Runtime1 stub}
  0x000001a2d683392c: e8cf 32da | ffe9 9efe 

  0x000001a2d6833934: ;   {internal_word}
  0x000001a2d6833934: ffff 49ba | df37 83d6 | a201 0000 | 4d89 9760 

  0x000001a2d6833944: ;   {runtime_call SafepointBlob}
  0x000001a2d6833944: 0400 00e9 | b41d cfff 

  0x000001a2d683394c: ;   {runtime_call fast_new_instance Runtime1 stub}
  0x000001a2d683394c: 488b d2e8 

  0x000001a2d6833950: ; ImmutableOopMap {[176]=Oop [200]=Oop [216]=Oop }
                      ;*new {reexecute=0 rethrow=0 return_oop=0}
                      ; - java.lang.ClassLoader::resolveClass@4 (line 1238)
                      ; - jdk.internal.loader.BuiltinClassLoader::loadClassOrNull@128 (line 688)
  0x000001a2d6833950: 2c01 daff | e9f8 feff | ff48 8d84 | 24d0 0000 | 0048 8904 

  0x000001a2d6833964: ;   {runtime_call monitorexit_nofpu Runtime1 stub}
  0x000001a2d6833964: 24e8 9632 | daff e95d | ffff ff49 | 8b87 f804 | 0000 49c7 | 87f8 0400 | 0000 0000 | 0049 c787 
  0x000001a2d6833984: 0005 0000 | 0000 0000 | 4881 c4f0 | 0000 005d 

  0x000001a2d6833994: ;   {runtime_call unwind_exception Runtime1 stub}
  0x000001a2d6833994: e9e7 d5d9 | fff4 f4f4 | f4f4 f4f4 
[Stub Code]
  0x000001a2d68339a0: ;   {no_reloc}
  0x000001a2d68339a0: 0f1f 4400 

  0x000001a2d68339a4: ;   {static_stub}
  0x000001a2d68339a4: 0048 bb00 | 0000 0000 

  0x000001a2d68339ac: ;   {runtime_call nmethod}
  0x000001a2d68339ac: 0000 00e9 | fbff ffff 

  0x000001a2d68339b4: ;   {static_stub}
  0x000001a2d68339b4: 9048 bb00 | 0000 0000 

  0x000001a2d68339bc: ;   {runtime_call nmethod}
  0x000001a2d68339bc: 0000 00e9 | fbff ffff 

  0x000001a2d68339c4: ;   {static_stub}
  0x000001a2d68339c4: 9048 bb00 | 0000 0000 

  0x000001a2d68339cc: ;   {runtime_call nmethod}
  0x000001a2d68339cc: 0000 00e9 | fbff ffff 

  0x000001a2d68339d4: ;   {static_stub}
  0x000001a2d68339d4: 48bb 0000 | 0000 0000 

  0x000001a2d68339dc: ;   {runtime_call nmethod}
  0x000001a2d68339dc: 0000 e9fb 

  0x000001a2d68339e0: ;   {static_stub}
  0x000001a2d68339e0: ffff ff48 | bb00 0000 | 0000 0000 

  0x000001a2d68339ec: ;   {runtime_call nmethod}
  0x000001a2d68339ec: 00e9 fbff 

  0x000001a2d68339f0: ;   {static_stub}
  0x000001a2d68339f0: ffff 48bb | 0000 0000 | 0000 0000 

  0x000001a2d68339fc: ;   {runtime_call nmethod}
  0x000001a2d68339fc: e9fb ffff 

  0x000001a2d6833a00: ;   {static_stub}
  0x000001a2d6833a00: ff48 bb00 | 0000 0000 

  0x000001a2d6833a08: ;   {runtime_call nmethod}
  0x000001a2d6833a08: 0000 00e9 | fbff ffff 

  0x000001a2d6833a10: ;   {static_stub}
  0x000001a2d6833a10: 48bb 0000 | 0000 0000 

  0x000001a2d6833a18: ;   {runtime_call nmethod}
  0x000001a2d6833a18: 0000 e9fb 

  0x000001a2d6833a1c: ;   {static_stub}
  0x000001a2d6833a1c: ffff ff48 | bb00 0000 | 0000 0000 

  0x000001a2d6833a28: ;   {runtime_call nmethod}
  0x000001a2d6833a28: 00e9 fbff 

  0x000001a2d6833a2c: ;   {static_stub}
  0x000001a2d6833a2c: ffff 48bb | d897 0680 | a201 0000 

  0x000001a2d6833a38: ;   {runtime_call I2C/C2I adapters}
  0x000001a2d6833a38: e9aa 07cf 

  0x000001a2d6833a3c: ;   {static_stub}
  0x000001a2d6833a3c: ff48 bb00 | 0000 0000 

  0x000001a2d6833a44: ;   {runtime_call nmethod}
  0x000001a2d6833a44: 0000 00e9 | fbff ffff 
[Exception Handler]
  0x000001a2d6833a4c: ;   {runtime_call handle_exception_from_callee Runtime1 stub}
  0x000001a2d6833a4c: e8af 19da 

  0x000001a2d6833a50: ;   {external_word}
  0x000001a2d6833a50: ff48 b990 | 7f61 29f8 | 7f00 0048 

  0x000001a2d6833a5c: ;   {runtime_call}
  0x000001a2d6833a5c: 83e4 f048 | b8e0 4424 | 29f8 7f00 | 00ff d0f4 
[Deopt Handler Code]
  0x000001a2d6833a6c: ;   {section_word}
  0x000001a2d6833a6c: 49ba 6c3a | 83d6 a201 | 0000 4152 

  0x000001a2d6833a78: ;   {runtime_call DeoptimizationBlob}
  0x000001a2d6833a78: e923 0fcf | fff4 f4f4 
[/MachCode]


Compiled method (c1) 814 1462       1       jdk.internal.loader.ClassLoaders$AppClassLoader::loadClass (40 bytes)
 total in heap  [0x000001a2d6895f90,0x000001a2d6896398] = 1032
 relocation     [0x000001a2d68960f0,0x000001a2d6896138] = 72
 main code      [0x000001a2d6896140,0x000001a2d6896278] = 312
 stub code      [0x000001a2d6896278,0x000001a2d68962d0] = 88
 metadata       [0x000001a2d68962d0,0x000001a2d68962f8] = 40
 scopes data    [0x000001a2d68962f8,0x000001a2d6896340] = 72
 scopes pcs     [0x000001a2d6896340,0x000001a2d6896390] = 80
 dependencies   [0x000001a2d6896390,0x000001a2d6896398] = 8

[Constant Pool (empty)]

[MachCode]
[Entry Point]
  # {method} {0x000001a280069d40} 'loadClass' '(Ljava/lang/String;Z)Ljava/lang/Class;' in 'jdk/internal/loader/ClassLoaders$AppClassLoader'
  # this:     rdx:rdx   = 'jdk/internal/loader/ClassLoaders$AppClassLoader'
  # parm0:    r8:r8     = 'java/lang/String'
  # parm1:    r9        = boolean
  #           [sp+0x80]  (sp of caller)
  0x000001a2d6896140: 448b 5208 | 49bb 0000 | 0080 a201 | 0000 4d03 | d34c 3bd0 

  0x000001a2d6896154: ;   {runtime_call ic_miss_stub}
  0x000001a2d6896154: 0f85 2686 | c8ff 660f | 1f44 0000 
[Verified Entry Point]
  0x000001a2d6896160: 8984 2400 | 80ff ff55 | 4883 ec70 | 4181 7f20 | 0100 0000 

  0x000001a2d6896174: ;   {runtime_call StubRoutines (final stubs)}
  0x000001a2d6896174: 7405 e8e5 | ebc6 ff49 | 8bf0 4c8b | c648 8974 

  0x000001a2d6896184: ;   {optimized virtual_call}
  0x000001a2d6896184: 2450 90e8 

  0x000001a2d6896188: ; ImmutableOopMap {[80]=Oop }
                      ;*invokevirtual loadClassOrNull {reexecute=0 rethrow=0 return_oop=0}
                      ; - jdk.internal.loader.BuiltinClassLoader::loadClass@3 (line 639)
                      ; - jdk.internal.loader.ClassLoaders$AppClassLoader::loadClass@36 (line 188)
  0x000001a2d6896188: 14d2 f9ff 

  0x000001a2d689618c: ;   {other}
  0x000001a2d689618c: 0f1f 8400 | fc01 0000 | 4885 c00f | 8413 0000 | 0048 83c4 

  0x000001a2d68961a0: ;   {poll_return}
  0x000001a2d68961a0: 705d 493b | a748 0400 | 000f 877f | 0000 00c3 | 4c8b 4424 

  0x000001a2d68961b4: ;   {metadata('java/lang/ClassNotFoundException')}
  0x000001a2d68961b4: 5048 bad8 | b206 80a2 | 0100 0049 | 8b87 b801 | 0000 488d | 7828 493b | bfc8 0100 | 000f 876d 
  0x000001a2d68961d4: 0000 0049 | 89bf b801 | 0000 48c7 | 0001 0000 | 0048 8bca | 49ba 0000 | 0080 a201 | 0000 492b 
  0x000001a2d68961f4: ca89 4808 | 4833 c989 | 480c 4833 | c948 8948 | 1048 8948 | 1848 8948 | 2048 8bd0 | 4889 4424 
  0x000001a2d6896214: ;   {optimized virtual_call}
  0x000001a2d6896214: 5866 90e8 

  0x000001a2d6896218: ; ImmutableOopMap {[88]=Oop }
                      ;*invokespecial <init> {reexecute=0 rethrow=0 return_oop=0}
                      ; - jdk.internal.loader.BuiltinClassLoader::loadClass@16 (line 641)
                      ; - jdk.internal.loader.ClassLoaders$AppClassLoader::loadClass@36 (line 188)
  0x000001a2d6896218: 7000 0000 

  0x000001a2d689621c: ;   {other}
  0x000001a2d689621c: 0f1f 8400 | 8c02 0001 | 488b 4424 | 58e9 3d00 

  0x000001a2d689622c: ;   {internal_word}
  0x000001a2d689622c: 0000 49ba | a261 89d6 | a201 0000 | 4d89 9760 

  0x000001a2d689623c: ;   {runtime_call SafepointBlob}
  0x000001a2d689623c: 0400 00e9 | bcf4 c8ff 

  0x000001a2d6896244: ;   {runtime_call fast_new_instance Runtime1 stub}
  0x000001a2d6896244: 488b d2e8 

  0x000001a2d6896248: ; ImmutableOopMap {r8=Oop }
                      ;*new {reexecute=0 rethrow=0 return_oop=0}
                      ; - jdk.internal.loader.BuiltinClassLoader::loadClass@11 (line 641)
                      ; - jdk.internal.loader.ClassLoaders$AppClassLoader::loadClass@36 (line 188)
  0x000001a2d6896248: 34d8 d3ff | ebbf 498b | 87f8 0400 | 0049 c787 | f804 0000 | 0000 0000 | 49c7 8700 | 0500 0000 
  0x000001a2d6896268: 0000 0048 | 83c4 705d 

  0x000001a2d6896270: ;   {runtime_call unwind_exception Runtime1 stub}
  0x000001a2d6896270: e90b add3 | fff4 f4f4 
[Stub Code]
  0x000001a2d6896278: ;   {no_reloc}
  0x000001a2d6896278: 0f1f 4400 

  0x000001a2d689627c: ;   {static_stub}
  0x000001a2d689627c: 0048 bb00 | 0000 0000 

  0x000001a2d6896284: ;   {runtime_call nmethod}
  0x000001a2d6896284: 0000 00e9 | fbff ffff 

  0x000001a2d689628c: ;   {static_stub}
  0x000001a2d689628c: 48bb 30b8 | 0680 a201 

  0x000001a2d6896294: ;   {runtime_call I2C/C2I adapters}
  0x000001a2d6896294: 0000 e94c 

  0x000001a2d6896298: ;   {runtime_call handle_exception_from_callee Runtime1 stub}
  0x000001a2d6896298: dfc8 ffe8 | 60f1 d3ff 

  0x000001a2d68962a0: ;   {external_word}
  0x000001a2d68962a0: 48b9 907f | 6129 f87f | 0000 4883 

  0x000001a2d68962ac: ;   {runtime_call}
  0x000001a2d68962ac: e4f0 48b8 | e044 2429 | f87f 0000 

  0x000001a2d68962b8: ;   {section_word}
  0x000001a2d68962b8: ffd0 f449 | babb 6289 | d6a2 0100 

  0x000001a2d68962c4: ;   {runtime_call DeoptimizationBlob}
  0x000001a2d68962c4: 0041 52e9 | d4e6 c8ff | f4f4 f4f4 
[/MachCode]


---------------  P R O C E S S  ---------------

Threads class SMR info:
_java_thread_list=0x000001a2e32d4200, length=18, elements={
0x000001a2d0771100, 0x000001a2de90b080, 0x000001a2de90c500, 0x000001a2de90e460,
0x000001a2de911250, 0x000001a2de90fea0, 0x000001a2de910bc0, 0x000001a2de917f30,
0x000001a2de90eaf0, 0x000001a2dea10680, 0x000001a2de90f810, 0x000001a2de9118e0,
0x000001a2de910530, 0x000001a2de90f180, 0x000001a2e32b4f20, 0x000001a2e32b2e50,
0x000001a2e32b27c0, 0x000001a2e32b34e0
}

Java Threads: ( => current thread )
=>0x000001a2d0771100 JavaThread "main"                              [_thread_in_vm, id=32760, stack(0x000000819e700000,0x000000819e800000) (1024K)]
  0x000001a2de90b080 JavaThread "Reference Handler"          daemon [_thread_blocked, id=31788, stack(0x000000819ef00000,0x000000819f000000) (1024K)]
  0x000001a2de90c500 JavaThread "Finalizer"                  daemon [_thread_blocked, id=33292, stack(0x000000819f000000,0x000000819f100000) (1024K)]
  0x000001a2de90e460 JavaThread "Signal Dispatcher"          daemon [_thread_blocked, id=33140, stack(0x000000819f100000,0x000000819f200000) (1024K)]
  0x000001a2de911250 JavaThread "Attach Listener"            daemon [_thread_blocked, id=20512, stack(0x000000819f200000,0x000000819f300000) (1024K)]
  0x000001a2de90fea0 JavaThread "Service Thread"             daemon [_thread_blocked, id=33400, stack(0x000000819f300000,0x000000819f400000) (1024K)]
  0x000001a2de910bc0 JavaThread "Monitor Deflation Thread"   daemon [_thread_blocked, id=33364, stack(0x000000819f400000,0x000000819f500000) (1024K)]
  0x000001a2de917f30 JavaThread "C1 CompilerThread0"         daemon [_thread_blocked, id=33460, stack(0x000000819f500000,0x000000819f600000) (1024K)]
  0x000001a2de90eaf0 JavaThread "Common-Cleaner"             daemon [_thread_blocked, id=24296, stack(0x000000819f600000,0x000000819f700000) (1024K)]
  0x000001a2dea10680 JavaThread "C1 CompilerThread1"         daemon [_thread_blocked, id=33360, stack(0x000000819f700000,0x000000819f800000) (1024K)]
  0x000001a2de90f810 JavaThread "Notification Thread"        daemon [_thread_blocked, id=32396, stack(0x000000819f800000,0x000000819f900000) (1024K)]
  0x000001a2de9118e0 JavaThread "RMI TCP Accept-0"           daemon [_thread_in_native, id=33472, stack(0x000000819f900000,0x000000819fa00000) (1024K)]
  0x000001a2de910530 JavaThread "RMI TCP Accept-57018"       daemon [_thread_in_native, id=33720, stack(0x000000819fa00000,0x000000819fb00000) (1024K)]
  0x000001a2de90f180 JavaThread "RMI TCP Accept-0"           daemon [_thread_in_native, id=15716, stack(0x000000819fb00000,0x000000819fc00000) (1024K)]
  0x000001a2e32b4f20 JavaThread "RMI TCP Connection(1)-127.0.0.1" daemon [_thread_in_native, id=3776, stack(0x000000819fc00000,0x000000819fd00000) (1024K)]
  0x000001a2e32b2e50 JavaThread "RMI Scheduler(0)"           daemon [_thread_blocked, id=30320, stack(0x000000819fd00000,0x000000819fe00000) (1024K)]
  0x000001a2e32b27c0 JavaThread "RMI TCP Connection(2)-127.0.0.1" daemon [_thread_in_native, id=20908, stack(0x000000819fe00000,0x000000819ff00000) (1024K)]
  0x000001a2e32b34e0 JavaThread "JMX server connection timeout 28" daemon [_thread_blocked, id=23560, stack(0x000000819ff00000,0x00000081a0000000) (1024K)]
Total: 18

Other Threads:
  0x000001a2d075a620 VMThread "VM Thread"                           [id=12476, stack(0x000000819ee00000,0x000000819ef00000) (1024K)]
  0x000001a2de8dc300 WatcherThread "VM Periodic Task Thread"        [id=7112, stack(0x000000819ed00000,0x000000819ee00000) (1024K)]
  0x000001a2d0759060 WorkerThread "GC Thread#0"                     [id=33336, stack(0x000000819e800000,0x000000819e900000) (1024K)]
  0x000001a2d2ba9d60 ConcurrentGCThread "G1 Main Marker"            [id=33592, stack(0x000000819e900000,0x000000819ea00000) (1024K)]
  0x000001a2d075a280 WorkerThread "G1 Conc#0"                       [id=3576, stack(0x000000819ea00000,0x000000819eb00000) (1024K)]
  0x000001a2de7ae9c0 ConcurrentGCThread "G1 Refine#0"               [id=27256, stack(0x000000819eb00000,0x000000819ec00000) (1024K)]
  0x000001a2de7af1e0 ConcurrentGCThread "G1 Service"                [id=30272, stack(0x000000819ec00000,0x000000819ed00000) (1024K)]
Total: 7

Threads with active compile tasks:
Total: 0

VM state: not at safepoint (normal execution)

VM Mutex/Monitor currently owned by a thread: None

Heap address: 0x000000008c600000, size: 1850 MB, Compressed Oops mode: 32-bit

CDS archive(s) mapped at: [0x000001a280000000-0x000001a280c80000-0x000001a280c80000), size 13107200, SharedBaseAddress: 0x000001a280000000, ArchiveRelocationMode: 1.
Compressed class space mapped at: 0x000001a281000000-0x000001a2c1000000, reserved size: 1073741824
Narrow klass base: 0x000001a280000000, Narrow klass shift: 0, Narrow klass range: 0x100000000

GC Precious Log:
 CardTable entry size: 512
 Card Set container configuration: InlinePtr #cards 5 size 8 Array Of Cards #cards 12 size 40 Howl #buckets 4 coarsen threshold 1843 Howl Bitmap #cards 512 size 80 coarsen threshold 460 Card regions per heap region 1 cards per card region 2048
 CPUs: 12 total, 12 available
 Memory: 7399M
 Large Page Support: Disabled
 NUMA Support: Disabled
 Compressed Oops: Enabled (32-bit)
 Heap Region Size: 1M
 Heap Min Capacity: 8M
 Heap Initial Capacity: 116M
 Heap Max Capacity: 1850M
 Pre-touch: Disabled
 Parallel Workers: 10
 Concurrent Workers: 3
 Concurrent Refinement Workers: 10
 Periodic GC: Disabled

Heap:
 garbage-first heap   total 118784K, used 23552K [0x000000008c600000, 0x0000000100000000)
  region size 1024K, 23 young (23552K), 0 survivors (0K)
 Metaspace       used 7457K, committed 7680K, reserved 1114112K
  class space    used 909K, committed 1024K, reserved 1048576K

Heap Regions: E=young(eden), S=young(survivor), O=old, HS=humongous(starts), HC=humongous(continues), CS=collection set, F=free, TAMS=top-at-mark-start, PB=parsable bottom
|   0|0x000000008c600000, 0x000000008c700000, 0x000000008c700000|100%|HS|  |TAMS 0x000000008c600000| PB 0x000000008c600000| Complete 
|   1|0x000000008c700000, 0x000000008c800000, 0x000000008c800000|100%|HS|  |TAMS 0x000000008c700000| PB 0x000000008c700000| Complete 
|   2|0x000000008c800000, 0x000000008c800000, 0x000000008c900000|  0%| F|  |TAMS 0x000000008c800000| PB 0x000000008c800000| Untracked 
|   3|0x000000008c900000, 0x000000008c900000, 0x000000008ca00000|  0%| F|  |TAMS 0x000000008c900000| PB 0x000000008c900000| Untracked 
|   4|0x000000008ca00000, 0x000000008ca00000, 0x000000008cb00000|  0%| F|  |TAMS 0x000000008ca00000| PB 0x000000008ca00000| Untracked 
|   5|0x000000008cb00000, 0x000000008cb00000, 0x000000008cc00000|  0%| F|  |TAMS 0x000000008cb00000| PB 0x000000008cb00000| Untracked 
|   6|0x000000008cc00000, 0x000000008cc00000, 0x000000008cd00000|  0%| F|  |TAMS 0x000000008cc00000| PB 0x000000008cc00000| Untracked 
|   7|0x000000008cd00000, 0x000000008cd00000, 0x000000008ce00000|  0%| F|  |TAMS 0x000000008cd00000| PB 0x000000008cd00000| Untracked 
|   8|0x000000008ce00000, 0x000000008ce00000, 0x000000008cf00000|  0%| F|  |TAMS 0x000000008ce00000| PB 0x000000008ce00000| Untracked 
|   9|0x000000008cf00000, 0x000000008cf00000, 0x000000008d000000|  0%| F|  |TAMS 0x000000008cf00000| PB 0x000000008cf00000| Untracked 
|  10|0x000000008d000000, 0x000000008d000000, 0x000000008d100000|  0%| F|  |TAMS 0x000000008d000000| PB 0x000000008d000000| Untracked 
|  11|0x000000008d100000, 0x000000008d100000, 0x000000008d200000|  0%| F|  |TAMS 0x000000008d100000| PB 0x000000008d100000| Untracked 
|  12|0x000000008d200000, 0x000000008d200000, 0x000000008d300000|  0%| F|  |TAMS 0x000000008d200000| PB 0x000000008d200000| Untracked 
|  13|0x000000008d300000, 0x000000008d300000, 0x000000008d400000|  0%| F|  |TAMS 0x000000008d300000| PB 0x000000008d300000| Untracked 
|  14|0x000000008d400000, 0x000000008d400000, 0x000000008d500000|  0%| F|  |TAMS 0x000000008d400000| PB 0x000000008d400000| Untracked 
|  15|0x000000008d500000, 0x000000008d500000, 0x000000008d600000|  0%| F|  |TAMS 0x000000008d500000| PB 0x000000008d500000| Untracked 
|  16|0x000000008d600000, 0x000000008d600000, 0x000000008d700000|  0%| F|  |TAMS 0x000000008d600000| PB 0x000000008d600000| Untracked 
|  17|0x000000008d700000, 0x000000008d700000, 0x000000008d800000|  0%| F|  |TAMS 0x000000008d700000| PB 0x000000008d700000| Untracked 
|  18|0x000000008d800000, 0x000000008d800000, 0x000000008d900000|  0%| F|  |TAMS 0x000000008d800000| PB 0x000000008d800000| Untracked 
|  19|0x000000008d900000, 0x000000008d900000, 0x000000008da00000|  0%| F|  |TAMS 0x000000008d900000| PB 0x000000008d900000| Untracked 
|  20|0x000000008da00000, 0x000000008da00000, 0x000000008db00000|  0%| F|  |TAMS 0x000000008da00000| PB 0x000000008da00000| Untracked 
|  21|0x000000008db00000, 0x000000008db00000, 0x000000008dc00000|  0%| F|  |TAMS 0x000000008db00000| PB 0x000000008db00000| Untracked 
|  22|0x000000008dc00000, 0x000000008dc00000, 0x000000008dd00000|  0%| F|  |TAMS 0x000000008dc00000| PB 0x000000008dc00000| Untracked 
|  23|0x000000008dd00000, 0x000000008dd00000, 0x000000008de00000|  0%| F|  |TAMS 0x000000008dd00000| PB 0x000000008dd00000| Untracked 
|  24|0x000000008de00000, 0x000000008de00000, 0x000000008df00000|  0%| F|  |TAMS 0x000000008de00000| PB 0x000000008de00000| Untracked 
|  25|0x000000008df00000, 0x000000008df00000, 0x000000008e000000|  0%| F|  |TAMS 0x000000008df00000| PB 0x000000008df00000| Untracked 
|  26|0x000000008e000000, 0x000000008e000000, 0x000000008e100000|  0%| F|  |TAMS 0x000000008e000000| PB 0x000000008e000000| Untracked 
|  27|0x000000008e100000, 0x000000008e100000, 0x000000008e200000|  0%| F|  |TAMS 0x000000008e100000| PB 0x000000008e100000| Untracked 
|  28|0x000000008e200000, 0x000000008e200000, 0x000000008e300000|  0%| F|  |TAMS 0x000000008e200000| PB 0x000000008e200000| Untracked 
|  29|0x000000008e300000, 0x000000008e300000, 0x000000008e400000|  0%| F|  |TAMS 0x000000008e300000| PB 0x000000008e300000| Untracked 
|  30|0x000000008e400000, 0x000000008e400000, 0x000000008e500000|  0%| F|  |TAMS 0x000000008e400000| PB 0x000000008e400000| Untracked 
|  31|0x000000008e500000, 0x000000008e500000, 0x000000008e600000|  0%| F|  |TAMS 0x000000008e500000| PB 0x000000008e500000| Untracked 
|  32|0x000000008e600000, 0x000000008e600000, 0x000000008e700000|  0%| F|  |TAMS 0x000000008e600000| PB 0x000000008e600000| Untracked 
|  33|0x000000008e700000, 0x000000008e700000, 0x000000008e800000|  0%| F|  |TAMS 0x000000008e700000| PB 0x000000008e700000| Untracked 
|  34|0x000000008e800000, 0x000000008e800000, 0x000000008e900000|  0%| F|  |TAMS 0x000000008e800000| PB 0x000000008e800000| Untracked 
|  35|0x000000008e900000, 0x000000008e900000, 0x000000008ea00000|  0%| F|  |TAMS 0x000000008e900000| PB 0x000000008e900000| Untracked 
|  36|0x000000008ea00000, 0x000000008ea00000, 0x000000008eb00000|  0%| F|  |TAMS 0x000000008ea00000| PB 0x000000008ea00000| Untracked 
|  37|0x000000008eb00000, 0x000000008eb00000, 0x000000008ec00000|  0%| F|  |TAMS 0x000000008eb00000| PB 0x000000008eb00000| Untracked 
|  38|0x000000008ec00000, 0x000000008ec00000, 0x000000008ed00000|  0%| F|  |TAMS 0x000000008ec00000| PB 0x000000008ec00000| Untracked 
|  39|0x000000008ed00000, 0x000000008ed00000, 0x000000008ee00000|  0%| F|  |TAMS 0x000000008ed00000| PB 0x000000008ed00000| Untracked 
|  40|0x000000008ee00000, 0x000000008ee00000, 0x000000008ef00000|  0%| F|  |TAMS 0x000000008ee00000| PB 0x000000008ee00000| Untracked 
|  41|0x000000008ef00000, 0x000000008ef00000, 0x000000008f000000|  0%| F|  |TAMS 0x000000008ef00000| PB 0x000000008ef00000| Untracked 
|  42|0x000000008f000000, 0x000000008f000000, 0x000000008f100000|  0%| F|  |TAMS 0x000000008f000000| PB 0x000000008f000000| Untracked 
|  43|0x000000008f100000, 0x000000008f100000, 0x000000008f200000|  0%| F|  |TAMS 0x000000008f100000| PB 0x000000008f100000| Untracked 
|  44|0x000000008f200000, 0x000000008f200000, 0x000000008f300000|  0%| F|  |TAMS 0x000000008f200000| PB 0x000000008f200000| Untracked 
|  45|0x000000008f300000, 0x000000008f300000, 0x000000008f400000|  0%| F|  |TAMS 0x000000008f300000| PB 0x000000008f300000| Untracked 
|  46|0x000000008f400000, 0x000000008f400000, 0x000000008f500000|  0%| F|  |TAMS 0x000000008f400000| PB 0x000000008f400000| Untracked 
|  47|0x000000008f500000, 0x000000008f500000, 0x000000008f600000|  0%| F|  |TAMS 0x000000008f500000| PB 0x000000008f500000| Untracked 
|  48|0x000000008f600000, 0x000000008f600000, 0x000000008f700000|  0%| F|  |TAMS 0x000000008f600000| PB 0x000000008f600000| Untracked 
|  49|0x000000008f700000, 0x000000008f700000, 0x000000008f800000|  0%| F|  |TAMS 0x000000008f700000| PB 0x000000008f700000| Untracked 
|  50|0x000000008f800000, 0x000000008f800000, 0x000000008f900000|  0%| F|  |TAMS 0x000000008f800000| PB 0x000000008f800000| Untracked 
|  51|0x000000008f900000, 0x000000008f900000, 0x000000008fa00000|  0%| F|  |TAMS 0x000000008f900000| PB 0x000000008f900000| Untracked 
|  52|0x000000008fa00000, 0x000000008fa00000, 0x000000008fb00000|  0%| F|  |TAMS 0x000000008fa00000| PB 0x000000008fa00000| Untracked 
|  53|0x000000008fb00000, 0x000000008fb00000, 0x000000008fc00000|  0%| F|  |TAMS 0x000000008fb00000| PB 0x000000008fb00000| Untracked 
|  54|0x000000008fc00000, 0x000000008fc00000, 0x000000008fd00000|  0%| F|  |TAMS 0x000000008fc00000| PB 0x000000008fc00000| Untracked 
|  55|0x000000008fd00000, 0x000000008fd00000, 0x000000008fe00000|  0%| F|  |TAMS 0x000000008fd00000| PB 0x000000008fd00000| Untracked 
|  56|0x000000008fe00000, 0x000000008fe00000, 0x000000008ff00000|  0%| F|  |TAMS 0x000000008fe00000| PB 0x000000008fe00000| Untracked 
|  57|0x000000008ff00000, 0x000000008ff00000, 0x0000000090000000|  0%| F|  |TAMS 0x000000008ff00000| PB 0x000000008ff00000| Untracked 
|  58|0x0000000090000000, 0x0000000090000000, 0x0000000090100000|  0%| F|  |TAMS 0x0000000090000000| PB 0x0000000090000000| Untracked 
|  59|0x0000000090100000, 0x0000000090100000, 0x0000000090200000|  0%| F|  |TAMS 0x0000000090100000| PB 0x0000000090100000| Untracked 
|  60|0x0000000090200000, 0x0000000090200000, 0x0000000090300000|  0%| F|  |TAMS 0x0000000090200000| PB 0x0000000090200000| Untracked 
|  61|0x0000000090300000, 0x0000000090300000, 0x0000000090400000|  0%| F|  |TAMS 0x0000000090300000| PB 0x0000000090300000| Untracked 
|  62|0x0000000090400000, 0x0000000090400000, 0x0000000090500000|  0%| F|  |TAMS 0x0000000090400000| PB 0x0000000090400000| Untracked 
|  63|0x0000000090500000, 0x0000000090500000, 0x0000000090600000|  0%| F|  |TAMS 0x0000000090500000| PB 0x0000000090500000| Untracked 
|  64|0x0000000090600000, 0x0000000090600000, 0x0000000090700000|  0%| F|  |TAMS 0x0000000090600000| PB 0x0000000090600000| Untracked 
|  65|0x0000000090700000, 0x0000000090700000, 0x0000000090800000|  0%| F|  |TAMS 0x0000000090700000| PB 0x0000000090700000| Untracked 
|  66|0x0000000090800000, 0x0000000090800000, 0x0000000090900000|  0%| F|  |TAMS 0x0000000090800000| PB 0x0000000090800000| Untracked 
|  67|0x0000000090900000, 0x0000000090900000, 0x0000000090a00000|  0%| F|  |TAMS 0x0000000090900000| PB 0x0000000090900000| Untracked 
|  68|0x0000000090a00000, 0x0000000090a00000, 0x0000000090b00000|  0%| F|  |TAMS 0x0000000090a00000| PB 0x0000000090a00000| Untracked 
|  69|0x0000000090b00000, 0x0000000090b00000, 0x0000000090c00000|  0%| F|  |TAMS 0x0000000090b00000| PB 0x0000000090b00000| Untracked 
|  70|0x0000000090c00000, 0x0000000090c00000, 0x0000000090d00000|  0%| F|  |TAMS 0x0000000090c00000| PB 0x0000000090c00000| Untracked 
|  71|0x0000000090d00000, 0x0000000090d00000, 0x0000000090e00000|  0%| F|  |TAMS 0x0000000090d00000| PB 0x0000000090d00000| Untracked 
|  72|0x0000000090e00000, 0x0000000090e00000, 0x0000000090f00000|  0%| F|  |TAMS 0x0000000090e00000| PB 0x0000000090e00000| Untracked 
|  73|0x0000000090f00000, 0x0000000090f00000, 0x0000000091000000|  0%| F|  |TAMS 0x0000000090f00000| PB 0x0000000090f00000| Untracked 
|  74|0x0000000091000000, 0x0000000091000000, 0x0000000091100000|  0%| F|  |TAMS 0x0000000091000000| PB 0x0000000091000000| Untracked 
|  75|0x0000000091100000, 0x0000000091100000, 0x0000000091200000|  0%| F|  |TAMS 0x0000000091100000| PB 0x0000000091100000| Untracked 
|  76|0x0000000091200000, 0x0000000091200000, 0x0000000091300000|  0%| F|  |TAMS 0x0000000091200000| PB 0x0000000091200000| Untracked 
|  77|0x0000000091300000, 0x0000000091300000, 0x0000000091400000|  0%| F|  |TAMS 0x0000000091300000| PB 0x0000000091300000| Untracked 
|  78|0x0000000091400000, 0x0000000091400000, 0x0000000091500000|  0%| F|  |TAMS 0x0000000091400000| PB 0x0000000091400000| Untracked 
|  79|0x0000000091500000, 0x0000000091500000, 0x0000000091600000|  0%| F|  |TAMS 0x0000000091500000| PB 0x0000000091500000| Untracked 
|  80|0x0000000091600000, 0x0000000091600000, 0x0000000091700000|  0%| F|  |TAMS 0x0000000091600000| PB 0x0000000091600000| Untracked 
|  81|0x0000000091700000, 0x0000000091700000, 0x0000000091800000|  0%| F|  |TAMS 0x0000000091700000| PB 0x0000000091700000| Untracked 
|  82|0x0000000091800000, 0x0000000091800000, 0x0000000091900000|  0%| F|  |TAMS 0x0000000091800000| PB 0x0000000091800000| Untracked 
|  83|0x0000000091900000, 0x0000000091900000, 0x0000000091a00000|  0%| F|  |TAMS 0x0000000091900000| PB 0x0000000091900000| Untracked 
|  84|0x0000000091a00000, 0x0000000091a00000, 0x0000000091b00000|  0%| F|  |TAMS 0x0000000091a00000| PB 0x0000000091a00000| Untracked 
|  85|0x0000000091b00000, 0x0000000091b00000, 0x0000000091c00000|  0%| F|  |TAMS 0x0000000091b00000| PB 0x0000000091b00000| Untracked 
|  86|0x0000000091c00000, 0x0000000091c00000, 0x0000000091d00000|  0%| F|  |TAMS 0x0000000091c00000| PB 0x0000000091c00000| Untracked 
|  87|0x0000000091d00000, 0x0000000091d00000, 0x0000000091e00000|  0%| F|  |TAMS 0x0000000091d00000| PB 0x0000000091d00000| Untracked 
|  88|0x0000000091e00000, 0x0000000091e00000, 0x0000000091f00000|  0%| F|  |TAMS 0x0000000091e00000| PB 0x0000000091e00000| Untracked 
|  89|0x0000000091f00000, 0x0000000091f00000, 0x0000000092000000|  0%| F|  |TAMS 0x0000000091f00000| PB 0x0000000091f00000| Untracked 
|  90|0x0000000092000000, 0x0000000092000000, 0x0000000092100000|  0%| F|  |TAMS 0x0000000092000000| PB 0x0000000092000000| Untracked 
|  91|0x0000000092100000, 0x0000000092100000, 0x0000000092200000|  0%| F|  |TAMS 0x0000000092100000| PB 0x0000000092100000| Untracked 
|  92|0x0000000092200000, 0x0000000092200000, 0x0000000092300000|  0%| F|  |TAMS 0x0000000092200000| PB 0x0000000092200000| Untracked 
|  93|0x0000000092300000, 0x0000000092400000, 0x0000000092400000|100%| E|  |TAMS 0x0000000092300000| PB 0x0000000092300000| Complete 
|  94|0x0000000092400000, 0x0000000092500000, 0x0000000092500000|100%| E|CS|TAMS 0x0000000092400000| PB 0x0000000092400000| Complete 
|  95|0x0000000092500000, 0x0000000092600000, 0x0000000092600000|100%| E|CS|TAMS 0x0000000092500000| PB 0x0000000092500000| Complete 
|  96|0x0000000092600000, 0x0000000092700000, 0x0000000092700000|100%| E|CS|TAMS 0x0000000092600000| PB 0x0000000092600000| Complete 
|  97|0x0000000092700000, 0x0000000092800000, 0x0000000092800000|100%| E|CS|TAMS 0x0000000092700000| PB 0x0000000092700000| Complete 
|  98|0x0000000092800000, 0x0000000092900000, 0x0000000092900000|100%| E|CS|TAMS 0x0000000092800000| PB 0x0000000092800000| Complete 
|  99|0x0000000092900000, 0x0000000092a00000, 0x0000000092a00000|100%| E|CS|TAMS 0x0000000092900000| PB 0x0000000092900000| Complete 
| 100|0x0000000092a00000, 0x0000000092b00000, 0x0000000092b00000|100%| E|CS|TAMS 0x0000000092a00000| PB 0x0000000092a00000| Complete 
| 101|0x0000000092b00000, 0x0000000092c00000, 0x0000000092c00000|100%| E|CS|TAMS 0x0000000092b00000| PB 0x0000000092b00000| Complete 
| 102|0x0000000092c00000, 0x0000000092d00000, 0x0000000092d00000|100%| E|CS|TAMS 0x0000000092c00000| PB 0x0000000092c00000| Complete 
| 103|0x0000000092d00000, 0x0000000092e00000, 0x0000000092e00000|100%| E|CS|TAMS 0x0000000092d00000| PB 0x0000000092d00000| Complete 
| 104|0x0000000092e00000, 0x0000000092f00000, 0x0000000092f00000|100%| E|CS|TAMS 0x0000000092e00000| PB 0x0000000092e00000| Complete 
| 105|0x0000000092f00000, 0x0000000093000000, 0x0000000093000000|100%| E|CS|TAMS 0x0000000092f00000| PB 0x0000000092f00000| Complete 
| 106|0x0000000093000000, 0x0000000093100000, 0x0000000093100000|100%| E|CS|TAMS 0x0000000093000000| PB 0x0000000093000000| Complete 
| 107|0x0000000093100000, 0x0000000093200000, 0x0000000093200000|100%| E|CS|TAMS 0x0000000093100000| PB 0x0000000093100000| Complete 
| 108|0x0000000093200000, 0x0000000093300000, 0x0000000093300000|100%| E|CS|TAMS 0x0000000093200000| PB 0x0000000093200000| Complete 
| 109|0x0000000093300000, 0x0000000093400000, 0x0000000093400000|100%| E|CS|TAMS 0x0000000093300000| PB 0x0000000093300000| Complete 
| 110|0x0000000093400000, 0x0000000093500000, 0x0000000093500000|100%| E|  |TAMS 0x0000000093400000| PB 0x0000000093400000| Complete 
| 111|0x0000000093500000, 0x0000000093600000, 0x0000000093600000|100%| E|CS|TAMS 0x0000000093500000| PB 0x0000000093500000| Complete 
| 112|0x0000000093600000, 0x0000000093700000, 0x0000000093700000|100%| E|CS|TAMS 0x0000000093600000| PB 0x0000000093600000| Complete 
| 113|0x0000000093700000, 0x0000000093800000, 0x0000000093800000|100%| E|CS|TAMS 0x0000000093700000| PB 0x0000000093700000| Complete 
| 114|0x0000000093800000, 0x0000000093900000, 0x0000000093900000|100%| E|CS|TAMS 0x0000000093800000| PB 0x0000000093800000| Complete 
| 115|0x0000000093900000, 0x0000000093a00000, 0x0000000093a00000|100%| E|CS|TAMS 0x0000000093900000| PB 0x0000000093900000| Complete 

Card table byte_map: [0x000001a2d9ba0000,0x000001a2d9f40000] _byte_map_base: 0x000001a2d973d000

Marking Bits: (CMBitMap*) 0x000001a2d2b9ad40
 Bits: [0x000001a2d9f40000, 0x000001a2dbc28000)

Polling page: 0x000001a2d22f0000

Metaspace:

Usage:
  Non-class:      6.39 MB used.
      Class:    909.51 KB used.
       Both:      7.28 MB used.

Virtual space:
  Non-class space:       64.00 MB reserved,       6.50 MB ( 10%) committed,  1 nodes.
      Class space:        1.00 GB reserved,       1.00 MB ( <1%) committed,  1 nodes.
             Both:        1.06 GB reserved,       7.50 MB ( <1%) committed. 

Chunk freelists:
   Non-Class:  8.56 MB
       Class:  15.02 MB
        Both:  23.58 MB

MaxMetaspaceSize: unlimited
CompressedClassSpaceSize: 1.00 GB
Initial GC threshold: 21.00 MB
Current GC threshold: 21.00 MB
CDS: on
 - commit_granule_bytes: 65536.
 - commit_granule_words: 8192.
 - virtual_space_node_default_size: 8388608.
 - enlarge_chunks_in_place: 1.
 - use_allocation_guard: 0.


Internal statistics:

num_allocs_failed_limit: 0.
num_arena_births: 270.
num_arena_deaths: 0.
num_vsnodes_births: 2.
num_vsnodes_deaths: 0.
num_space_committed: 120.
num_space_uncommitted: 0.
num_chunks_returned_to_freelist: 0.
num_chunks_taken_from_freelist: 416.
num_chunk_merges: 0.
num_chunk_splits: 239.
num_chunks_enlarged: 102.
num_inconsistent_stats: 0.

CodeCache: size=49152Kb used=3958Kb max_used=3958Kb free=45193Kb
 bounds [0x000001a2d64d0000, 0x000001a2d68b0000, 0x000001a2d94d0000]
 total_blobs=1995 nmethods=1511 adapters=408
 compilation: enabled
              stopped_count=0, restarted_count=0
 full_count=0

Compilation events (20 events):
Event: 0.759 Thread 0x000001a2dea10680 1502       1       java.lang.Byte::hashCode (8 bytes)
Event: 0.759 Thread 0x000001a2dea10680 nmethod 1502 0x000001a2d68a4310 code [0x000001a2d68a44a0, 0x000001a2d68a4568]
Event: 0.759 Thread 0x000001a2dea10680 1503       1       java.lang.Byte::hashCode (2 bytes)
Event: 0.759 Thread 0x000001a2de917f30 nmethod 1499 0x000001a2d68a4610 code [0x000001a2d68a4800, 0x000001a2d68a4da8]
Event: 0.759 Thread 0x000001a2dea10680 nmethod 1503 0x000001a2d68a4f90 code [0x000001a2d68a5120, 0x000001a2d68a51c8]
Event: 0.759 Thread 0x000001a2de917f30 1505       1       java.util.ArrayList::<init> (61 bytes)
Event: 0.759 Thread 0x000001a2dea10680 1504       1       java.util.stream.ReferencePipeline$StatelessOp::opIsStateful (2 bytes)
Event: 0.759 Thread 0x000001a2dea10680 nmethod 1504 0x000001a2d68a5290 code [0x000001a2d68a5420, 0x000001a2d68a54e8]
Event: 0.759 Thread 0x000001a2de917f30 nmethod 1505 0x000001a2d68a5590 code [0x000001a2d68a57a0, 0x000001a2d68a5c38]
Event: 0.760 Thread 0x000001a2dea10680 1506       1       java.util.Spliterators$ArraySpliterator::characteristics (5 bytes)
Event: 0.760 Thread 0x000001a2dea10680 nmethod 1506 0x000001a2d68a5e10 code [0x000001a2d68a5fa0, 0x000001a2d68a6068]
Event: 0.760 Thread 0x000001a2dea10680 1507       1       org.springframework.util.StringUtils::hasLength (17 bytes)
Event: 0.760 Thread 0x000001a2dea10680 nmethod 1507 0x000001a2d68a6110 code [0x000001a2d68a62a0, 0x000001a2d68a6388]
Event: 0.761 Thread 0x000001a2dea10680 1508       1       java.util.stream.StreamOpFlag::combineOpFlags (9 bytes)
Event: 0.761 Thread 0x000001a2de917f30 1509       1       java.util.stream.StreamOpFlag::getMask (30 bytes)
Event: 0.761 Thread 0x000001a2de917f30 nmethod 1509 0x000001a2d68a6490 code [0x000001a2d68a6620, 0x000001a2d68a6718]
Event: 0.761 Thread 0x000001a2dea10680 nmethod 1508 0x000001a2d68a6790 code [0x000001a2d68a6920, 0x000001a2d68a69f8]
Event: 0.762 Thread 0x000001a2dea10680 1510       1       java.util.stream.StreamOpFlag::isKnown (19 bytes)
Event: 0.762 Thread 0x000001a2dea10680 nmethod 1510 0x000001a2d68a6a90 code [0x000001a2d68a6c20, 0x000001a2d68a6d00]
Event: 0.765 Thread 0x000001a2dea10680 1511       1       java.net.URLStreamHandler::parseURL (1124 bytes)

GC Heap History (0 events):
No events

Dll operation events (9 events):
Event: 0.009 Loaded shared library C:\Users\user\Downloads\spring-tools-for-eclipse-4.31.0.RELEASE-e4.36.0-win32.win32.x86_64\sts-4.31.0.RELEASE\plugins\org.eclipse.justj.openjdk.hotspot.jre.full.win32.x86_64_21.0.7.v20250502-0916\jre\bin\java.dll
Event: 0.047 Loaded shared library C:\Users\user\Downloads\spring-tools-for-eclipse-4.31.0.RELEASE-e4.36.0-win32.win32.x86_64\sts-4.31.0.RELEASE\plugins\org.eclipse.justj.openjdk.hotspot.jre.full.win32.x86_64_21.0.7.v20250502-0916\jre\bin\zip.dll
Event: 0.126 Loaded shared library C:\Users\user\Downloads\spring-tools-for-eclipse-4.31.0.RELEASE-e4.36.0-win32.win32.x86_64\sts-4.31.0.RELEASE\plugins\org.eclipse.justj.openjdk.hotspot.jre.full.win32.x86_64_21.0.7.v20250502-0916\jre\bin\jimage.dll
Event: 0.132 Loaded shared library C:\Users\user\Downloads\spring-tools-for-eclipse-4.31.0.RELEASE-e4.36.0-win32.win32.x86_64\sts-4.31.0.RELEASE\plugins\org.eclipse.justj.openjdk.hotspot.jre.full.win32.x86_64_21.0.7.v20250502-0916\jre\bin\net.dll
Event: 0.134 Loaded shared library C:\Users\user\Downloads\spring-tools-for-eclipse-4.31.0.RELEASE-e4.36.0-win32.win32.x86_64\sts-4.31.0.RELEASE\plugins\org.eclipse.justj.openjdk.hotspot.jre.full.win32.x86_64_21.0.7.v20250502-0916\jre\bin\nio.dll
Event: 0.138 Loaded shared library C:\Users\user\Downloads\spring-tools-for-eclipse-4.31.0.RELEASE-e4.36.0-win32.win32.x86_64\sts-4.31.0.RELEASE\plugins\org.eclipse.justj.openjdk.hotspot.jre.full.win32.x86_64_21.0.7.v20250502-0916\jre\bin\zip.dll
Event: 0.201 Loaded shared library C:\Users\user\Downloads\spring-tools-for-eclipse-4.31.0.RELEASE-e4.36.0-win32.win32.x86_64\sts-4.31.0.RELEASE\plugins\org.eclipse.justj.openjdk.hotspot.jre.full.win32.x86_64_21.0.7.v20250502-0916\jre\bin\management.dll
Event: 0.214 Loaded shared library C:\Users\user\Downloads\spring-tools-for-eclipse-4.31.0.RELEASE-e4.36.0-win32.win32.x86_64\sts-4.31.0.RELEASE\plugins\org.eclipse.justj.openjdk.hotspot.jre.full.win32.x86_64_21.0.7.v20250502-0916\jre\bin\management_ext.dll
Event: 0.436 Loaded shared library C:\Users\user\Downloads\spring-tools-for-eclipse-4.31.0.RELEASE-e4.36.0-win32.win32.x86_64\sts-4.31.0.RELEASE\plugins\org.eclipse.justj.openjdk.hotspot.jre.full.win32.x86_64_21.0.7.v20250502-0916\jre\bin\extnet.dll

Deoptimization events (0 events):
No events

Classes loaded (20 events):
Event: 0.750 Loading class java/net/URISyntaxException
Event: 0.751 Loading class java/net/URISyntaxException done
Event: 0.751 Loading class java/nio/file/NoSuchFileException
Event: 0.751 Loading class java/nio/file/FileSystemException
Event: 0.751 Loading class java/nio/file/FileSystemException done
Event: 0.751 Loading class java/nio/file/NoSuchFileException done
Event: 0.751 Loading class java/io/UncheckedIOException
Event: 0.751 Loading class java/io/UncheckedIOException done
Event: 0.753 Loading class java/net/HttpURLConnection
Event: 0.754 Loading class java/net/HttpURLConnection done
Event: 0.757 Loading class java/net/URLDecoder
Event: 0.757 Loading class java/net/URLDecoder done
Event: 0.761 Loading class java/util/stream/DistinctOps
Event: 0.761 Loading class java/util/stream/DistinctOps done
Event: 0.761 Loading class java/util/stream/DistinctOps$1
Event: 0.762 Loading class java/util/stream/ReferencePipeline$StatefulOp
Event: 0.762 Loading class java/util/stream/ReferencePipeline$StatefulOp done
Event: 0.762 Loading class java/util/stream/DistinctOps$1 done
Event: 0.762 Loading class java/util/stream/DistinctOps$1$2
Event: 0.762 Loading class java/util/stream/DistinctOps$1$2 done

Classes unloaded (0 events):
No events

Classes redefined (0 events):
No events

Internal exceptions (20 events):
Event: 0.404 Thread 0x000001a2d0771100 Exception <a 'java/lang/NoSuchMethodError'{0x0000000092c5cd08}: 'java.lang.Object java.lang.invoke.DirectMethodHandle$Holder.invokeStaticInit(java.lang.Object, int, int, int, int)'> (0x0000000092c5cd08) 
thrown [s\src\hotspot\share\interpreter\linkResolver.cpp, line 773]
Event: 0.417 Thread 0x000001a2d0771100 Exception <a 'java/lang/NoSuchMethodError'{0x0000000092c91c70}: 'java.lang.Object java.lang.invoke.DirectMethodHandle$Holder.invokeStaticInit(java.lang.Object, java.lang.Object, int, int, int, int)'> (0x0000000092c91c70) 
thrown [s\src\hotspot\share\interpreter\linkResolver.cpp, line 773]
Event: 0.426 Thread 0x000001a2d0771100 Exception <a 'java/lang/ClassNotFoundException'{0x0000000092cacb70}: javax/management/remote/rmi/RMIServerImpl_Skel> (0x0000000092cacb70) 
thrown [s\src\hotspot\share\classfile\systemDictionary.cpp, line 312]
Event: 0.443 Thread 0x000001a2d0771100 Exception <a 'java/lang/NoSuchMethodError'{0x0000000092cd0cd8}: 'long java.lang.invoke.DirectMethodHandle$Holder.invokeSpecial(java.lang.Object, java.lang.Object)'> (0x0000000092cd0cd8) 
thrown [s\src\hotspot\share\interpreter\linkResolver.cpp, line 773]
Event: 0.444 Thread 0x000001a2d0771100 Exception <a 'java/lang/NoSuchMethodError'{0x0000000092cd43c0}: 'long java.lang.invoke.Invokers$Holder.invokeExact_MT(java.lang.Object, java.lang.Object)'> (0x0000000092cd43c0) 
thrown [s\src\hotspot\share\interpreter\linkResolver.cpp, line 773]
Event: 0.451 Thread 0x000001a2d0771100 Exception <a 'java/lang/NoSuchMethodError'{0x0000000092b026e8}: 'void java.lang.invoke.DirectMethodHandle$Holder.invokeSpecial(java.lang.Object, java.lang.Object, java.lang.Object)'> (0x0000000092b026e8) 
thrown [s\src\hotspot\share\interpreter\linkResolver.cpp, line 773]
Event: 0.477 Thread 0x000001a2d0771100 Exception <a 'java/lang/ClassNotFoundException'{0x0000000092a18228}: jdk/internal/agent/resources/spi/agentProvider> (0x0000000092a18228) 
thrown [s\src\hotspot\share\classfile\systemDictionary.cpp, line 312]
Event: 0.629 Thread 0x000001a2e32b27c0 Exception <a 'java/lang/NoSuchMethodError'{0x0000000092725f90}: static [B.<clinit>()V> (0x0000000092725f90) 
thrown [s\src\hotspot\share\prims\jni.cpp, line 1111]
Event: 0.634 Thread 0x000001a2d0771100 Exception <a 'java/lang/ClassNotFoundException'{0x0000000092792aa0}: javax/smartcardio/CardPermission> (0x0000000092792aa0) 
thrown [s\src\hotspot\share\classfile\systemDictionary.cpp, line 312]
Event: 0.634 Thread 0x000001a2e32b27c0 Exception <a 'java/lang/NoSuchMethodError'{0x0000000092727b48}: 'java.lang.Object java.lang.invoke.DirectMethodHandle$Holder.invokeInterface(java.lang.Object, java.lang.Object, java.lang.Object)'> (0x0000000092727b48) 
thrown [s\src\hotspot\share\interpreter\linkResolver.cpp, line 773]
Event: 0.638 Thread 0x000001a2d0771100 Exception <a 'java/io/FileNotFoundException'{0x00000000927a1b68}> (0x00000000927a1b68) 
thrown [s\src\hotspot\share\prims\jni.cpp, line 520]
Event: 0.646 Thread 0x000001a2e32b27c0 Exception <a 'java/lang/ClassNotFoundException'{0x000000009274d5b0}: javax/management/remote/rmi/RMIConnectionImpl_Skel> (0x000000009274d5b0) 
thrown [s\src\hotspot\share\classfile\systemDictionary.cpp, line 312]
Event: 0.648 Thread 0x000001a2e32b34e0 Exception <a 'java/lang/NoSuchMethodError'{0x00000000926192b8}: 'java.lang.Object java.lang.invoke.Invokers$Holder.linkToTargetMethod(java.lang.Object, long, java.lang.Object)'> (0x00000000926192b8) 
thrown [s\src\hotspot\share\interpreter\linkResolver.cpp, line 773]
Event: 0.656 Thread 0x000001a2e32b27c0 Exception <a 'java/lang/NoSuchMethodError'{0x000000009276ce70}: 'java.lang.Object java.lang.invoke.DirectMethodHandle$Holder.invokeInterface(java.lang.Object, java.lang.Object)'> (0x000000009276ce70) 
thrown [s\src\hotspot\share\interpreter\linkResolver.cpp, line 773]
Event: 0.657 Thread 0x000001a2d0771100 Exception <a 'java/lang/NoSuchMethodError'{0x0000000092685490}: 'java.lang.Object java.lang.invoke.DirectMethodHandle$Holder.invokeSpecial(java.lang.Object, java.lang.Object, java.lang.Object, long, java.lang.Object)'> (0x0000000092685490) 
thrown [s\src\hotspot\share\interpreter\linkResolver.cpp, line 773]
Event: 0.657 Thread 0x000001a2d0771100 Exception <a 'java/lang/NoSuchMethodError'{0x0000000092688e00}: 'java.lang.Object java.lang.invoke.Invokers$Holder.linkToTargetMethod(java.lang.Object, long, java.lang.Object, java.lang.Object)'> (0x0000000092688e00) 
thrown [s\src\hotspot\share\interpreter\linkResolver.cpp, line 773]
Event: 0.663 Thread 0x000001a2e32b27c0 Exception <a 'java/lang/NoSuchMethodError'{0x000000009250a048}: 'java.lang.Object java.lang.invoke.DirectMethodHandle$Holder.invokeInterface(java.lang.Object, java.lang.Object, java.lang.Object, java.lang.Object, java.lang.Object)'> (0x000000009250a048) 
thrown [s\src\hotspot\share\interpreter\linkResolver.cpp, line 773]
Event: 0.665 Thread 0x000001a2e32b27c0 Exception <a 'java/lang/NoSuchMethodError'{0x000000009251d7f0}: 'java.lang.Object java.lang.invoke.Invokers$Holder.invokeExact_MT(java.lang.Object, java.lang.Object, java.lang.Object, java.lang.Object, java.lang.Object, java.lang.Object)'> (0x000000009251d7f0) 
thrown [s\src\hotspot\share\interpreter\linkResolver.cpp, line 773]
Event: 0.670 Thread 0x000001a2e32b27c0 Exception <a 'java/lang/NoSuchMethodError'{0x000000009254d8e0}: static [Ljava/lang/StackTraceElement;.<clinit>()V> (0x000000009254d8e0) 
thrown [s\src\hotspot\share\prims\jni.cpp, line 1111]
Event: 0.738 Thread 0x000001a2d0771100 Exception <a 'java/lang/NoSuchMethodError'{0x00000000923074e0}: 'void java.lang.invoke.DirectMethodHandle$Holder.invokeStatic(java.lang.Object, java.lang.Object, java.lang.Object, java.lang.Object)'> (0x00000000923074e0) 
thrown [s\src\hotspot\share\interpreter\linkResolver.cpp, line 773]

ZGC Phase Switch (0 events):
No events

VM Operations (20 events):
Event: 0.357 Executing VM operation: HandshakeAllThreads (Deoptimize)
Event: 0.357 Executing VM operation: HandshakeAllThreads (Deoptimize) done
Event: 0.382 Executing VM operation: HandshakeAllThreads (Deoptimize)
Event: 0.382 Executing VM operation: HandshakeAllThreads (Deoptimize) done
Event: 0.425 Executing VM operation: HandshakeAllThreads (Deoptimize)
Event: 0.425 Executing VM operation: HandshakeAllThreads (Deoptimize) done
Event: 0.426 Executing VM operation: HandshakeAllThreads (Deoptimize)
Event: 0.426 Executing VM operation: HandshakeAllThreads (Deoptimize) done
Event: 0.479 Executing VM operation: HandshakeAllThreads (Deoptimize)
Event: 0.479 Executing VM operation: HandshakeAllThreads (Deoptimize) done
Event: 0.531 Executing VM operation: HandshakeAllThreads (Deoptimize)
Event: 0.531 Executing VM operation: HandshakeAllThreads (Deoptimize) done
Event: 0.536 Executing VM operation: HandshakeAllThreads (Deoptimize)
Event: 0.536 Executing VM operation: HandshakeAllThreads (Deoptimize) done
Event: 0.538 Executing VM operation: HandshakeAllThreads (Deoptimize)
Event: 0.596 Executing VM operation: HandshakeAllThreads (Deoptimize) done
Event: 0.645 Executing VM operation: HandshakeAllThreads (Deoptimize)
Event: 0.645 Executing VM operation: HandshakeAllThreads (Deoptimize) done
Event: 0.719 Executing VM operation: ICBufferFull
Event: 0.719 Executing VM operation: ICBufferFull done

Memory protections (0 events):
No events

Nmethod flushes (0 events):
No events

Events (18 events):
Event: 0.033 Thread 0x000001a2d0771100 Thread added: 0x000001a2d0771100
Event: 0.048 Thread 0x000001a2d0771100 Thread added: 0x000001a2de90b080
Event: 0.048 Thread 0x000001a2d0771100 Thread added: 0x000001a2de90c500
Event: 0.049 Thread 0x000001a2d0771100 Thread added: 0x000001a2de90e460
Event: 0.049 Thread 0x000001a2d0771100 Thread added: 0x000001a2de911250
Event: 0.049 Thread 0x000001a2d0771100 Thread added: 0x000001a2de90fea0
Event: 0.049 Thread 0x000001a2d0771100 Thread added: 0x000001a2de910bc0
Event: 0.049 Thread 0x000001a2d0771100 Thread added: 0x000001a2de917f30
Event: 0.097 Thread 0x000001a2d0771100 Thread added: 0x000001a2de90eaf0
Event: 0.104 Thread 0x000001a2de917f30 Thread added: 0x000001a2dea10680
Event: 0.120 Thread 0x000001a2d0771100 Thread added: 0x000001a2de90f810
Event: 0.440 Thread 0x000001a2d0771100 Thread added: 0x000001a2de9118e0
Event: 0.459 Thread 0x000001a2d0771100 Thread added: 0x000001a2de910530
Event: 0.487 Thread 0x000001a2d0771100 Thread added: 0x000001a2de90f180
Event: 0.590 Thread 0x000001a2de910530 Thread added: 0x000001a2e32b4f20
Event: 0.604 Thread 0x000001a2e32b4f20 Thread added: 0x000001a2e32b2e50
Event: 0.619 Thread 0x000001a2de9118e0 Thread added: 0x000001a2e32b27c0
Event: 0.642 Thread 0x000001a2e32b27c0 Thread added: 0x000001a2e32b34e0


Dynamic libraries:
0x00007ff771c20000 - 0x00007ff771c2e000 	C:\Users\user\Downloads\spring-tools-for-eclipse-4.31.0.RELEASE-e4.36.0-win32.win32.x86_64\sts-4.31.0.RELEASE\plugins\org.eclipse.justj.openjdk.hotspot.jre.full.win32.x86_64_21.0.7.v20250502-0916\jre\bin\javaw.exe
0x00007ff88f470000 - 0x00007ff88f687000 	C:\WINDOWS\SYSTEM32\ntdll.dll
0x00007ff846920000 - 0x00007ff846940000 	C:\Program Files\Avast Software\Avast\aswhook.dll
0x00007ff88d7d0000 - 0x00007ff88d894000 	C:\WINDOWS\System32\KERNEL32.DLL
0x00007ff88c560000 - 0x00007ff88c932000 	C:\WINDOWS\System32\KERNELBASE.dll
0x00007ff88cf40000 - 0x00007ff88d051000 	C:\WINDOWS\System32\ucrtbase.dll
0x00007ff889410000 - 0x00007ff88942e000 	C:\Users\user\Downloads\spring-tools-for-eclipse-4.31.0.RELEASE-e4.36.0-win32.win32.x86_64\sts-4.31.0.RELEASE\plugins\org.eclipse.justj.openjdk.hotspot.jre.full.win32.x86_64_21.0.7.v20250502-0916\jre\bin\VCRUNTIME140.dll
0x00007ff87dc80000 - 0x00007ff87dc98000 	C:\Users\user\Downloads\spring-tools-for-eclipse-4.31.0.RELEASE-e4.36.0-win32.win32.x86_64\sts-4.31.0.RELEASE\plugins\org.eclipse.justj.openjdk.hotspot.jre.full.win32.x86_64_21.0.7.v20250502-0916\jre\bin\jli.dll
0x00007ff88ddc0000 - 0x00007ff88df71000 	C:\WINDOWS\System32\USER32.dll
0x00007ff88cf10000 - 0x00007ff88cf36000 	C:\WINDOWS\System32\win32u.dll
0x00007ff870d20000 - 0x00007ff870fbb000 	C:\WINDOWS\WinSxS\amd64_microsoft.windows.common-controls_6595b64144ccf1df_6.0.22621.5415_none_270d77d17387d7da\COMCTL32.dll
0x00007ff88d690000 - 0x00007ff88d6b9000 	C:\WINDOWS\System32\GDI32.dll
0x00007ff88cde0000 - 0x00007ff88cf03000 	C:\WINDOWS\System32\gdi32full.dll
0x00007ff88d060000 - 0x00007ff88d0fa000 	C:\WINDOWS\System32\msvcp_win.dll
0x00007ff88efe0000 - 0x00007ff88f087000 	C:\WINDOWS\System32\msvcrt.dll
0x00007ff88d900000 - 0x00007ff88d931000 	C:\WINDOWS\System32\IMM32.DLL
0x00007ff87db60000 - 0x00007ff87db6c000 	C:\Users\user\Downloads\spring-tools-for-eclipse-4.31.0.RELEASE-e4.36.0-win32.win32.x86_64\sts-4.31.0.RELEASE\plugins\org.eclipse.justj.openjdk.hotspot.jre.full.win32.x86_64_21.0.7.v20250502-0916\jre\bin\vcruntime140_1.dll
0x00007ff84db00000 - 0x00007ff84db8d000 	C:\Users\user\Downloads\spring-tools-for-eclipse-4.31.0.RELEASE-e4.36.0-win32.win32.x86_64\sts-4.31.0.RELEASE\plugins\org.eclipse.justj.openjdk.hotspot.jre.full.win32.x86_64_21.0.7.v20250502-0916\jre\bin\msvcp140.dll
0x00007ff828c20000 - 0x00007ff8299b0000 	C:\Users\user\Downloads\spring-tools-for-eclipse-4.31.0.RELEASE-e4.36.0-win32.win32.x86_64\sts-4.31.0.RELEASE\plugins\org.eclipse.justj.openjdk.hotspot.jre.full.win32.x86_64_21.0.7.v20250502-0916\jre\bin\server\jvm.dll
0x00007ff88d490000 - 0x00007ff88d541000 	C:\WINDOWS\System32\ADVAPI32.dll
0x00007ff88d570000 - 0x00007ff88d618000 	C:\WINDOWS\System32\sechost.dll
0x00007ff88c9c0000 - 0x00007ff88c9e8000 	C:\WINDOWS\System32\bcrypt.dll
0x00007ff88e110000 - 0x00007ff88e224000 	C:\WINDOWS\System32\RPCRT4.dll
0x00007ff88d100000 - 0x00007ff88d171000 	C:\WINDOWS\System32\WS2_32.dll
0x00007ff88b3a0000 - 0x00007ff88b3ed000 	C:\WINDOWS\SYSTEM32\POWRPROF.dll
0x00007ff887cc0000 - 0x00007ff887cf4000 	C:\WINDOWS\SYSTEM32\WINMM.dll
0x00007ff888140000 - 0x00007ff88814a000 	C:\WINDOWS\SYSTEM32\VERSION.dll
0x00007ff88b380000 - 0x00007ff88b393000 	C:\WINDOWS\SYSTEM32\UMPDC.dll
0x00007ff88b640000 - 0x00007ff88b658000 	C:\WINDOWS\SYSTEM32\kernel.appcore.dll
0x00007ff887620000 - 0x00007ff88762a000 	C:\Users\user\Downloads\spring-tools-for-eclipse-4.31.0.RELEASE-e4.36.0-win32.win32.x86_64\sts-4.31.0.RELEASE\plugins\org.eclipse.justj.openjdk.hotspot.jre.full.win32.x86_64_21.0.7.v20250502-0916\jre\bin\jimage.dll
0x00007ff88a070000 - 0x00007ff88a2a3000 	C:\WINDOWS\SYSTEM32\DBGHELP.DLL
0x00007ff88f090000 - 0x00007ff88f423000 	C:\WINDOWS\System32\combase.dll
0x00007ff88e230000 - 0x00007ff88e307000 	C:\WINDOWS\System32\OLEAUT32.dll
0x00007ff881060000 - 0x00007ff881092000 	C:\WINDOWS\SYSTEM32\dbgcore.DLL
0x00007ff88c940000 - 0x00007ff88c9bb000 	C:\WINDOWS\System32\bcryptPrimitives.dll
0x00007ff87be40000 - 0x00007ff87be5f000 	C:\Users\user\Downloads\spring-tools-for-eclipse-4.31.0.RELEASE-e4.36.0-win32.win32.x86_64\sts-4.31.0.RELEASE\plugins\org.eclipse.justj.openjdk.hotspot.jre.full.win32.x86_64_21.0.7.v20250502-0916\jre\bin\java.dll
0x00007ff88e6a0000 - 0x00007ff88ef42000 	C:\WINDOWS\System32\SHELL32.dll
0x00007ff88cc20000 - 0x00007ff88cd5f000 	C:\WINDOWS\System32\wintypes.dll
0x00007ff88a450000 - 0x00007ff88ad6e000 	C:\WINDOWS\SYSTEM32\windows.storage.dll
0x00007ff88d6c0000 - 0x00007ff88d7cb000 	C:\WINDOWS\System32\SHCORE.dll
0x00007ff88d1d0000 - 0x00007ff88d239000 	C:\WINDOWS\System32\shlwapi.dll
0x00007ff88c490000 - 0x00007ff88c4bb000 	C:\WINDOWS\SYSTEM32\profapi.dll
0x00007ff87bda0000 - 0x00007ff87bdb8000 	C:\Users\user\Downloads\spring-tools-for-eclipse-4.31.0.RELEASE-e4.36.0-win32.win32.x86_64\sts-4.31.0.RELEASE\plugins\org.eclipse.justj.openjdk.hotspot.jre.full.win32.x86_64_21.0.7.v20250502-0916\jre\bin\zip.dll
0x00007ff880040000 - 0x00007ff880050000 	C:\Users\user\Downloads\spring-tools-for-eclipse-4.31.0.RELEASE-e4.36.0-win32.win32.x86_64\sts-4.31.0.RELEASE\plugins\org.eclipse.justj.openjdk.hotspot.jre.full.win32.x86_64_21.0.7.v20250502-0916\jre\bin\net.dll
0x00007ff889040000 - 0x00007ff88916c000 	C:\WINDOWS\SYSTEM32\WINHTTP.dll
0x00007ff88bab0000 - 0x00007ff88bb19000 	C:\WINDOWS\system32\mswsock.dll
0x00007ff87ae00000 - 0x00007ff87ae16000 	C:\Users\user\Downloads\spring-tools-for-eclipse-4.31.0.RELEASE-e4.36.0-win32.win32.x86_64\sts-4.31.0.RELEASE\plugins\org.eclipse.justj.openjdk.hotspot.jre.full.win32.x86_64_21.0.7.v20250502-0916\jre\bin\nio.dll
0x00007ff87c9f0000 - 0x00007ff87c9fa000 	C:\Users\user\Downloads\spring-tools-for-eclipse-4.31.0.RELEASE-e4.36.0-win32.win32.x86_64\sts-4.31.0.RELEASE\plugins\org.eclipse.justj.openjdk.hotspot.jre.full.win32.x86_64_21.0.7.v20250502-0916\jre\bin\management.dll
0x00007ff87be90000 - 0x00007ff87be9b000 	C:\Users\user\Downloads\spring-tools-for-eclipse-4.31.0.RELEASE-e4.36.0-win32.win32.x86_64\sts-4.31.0.RELEASE\plugins\org.eclipse.justj.openjdk.hotspot.jre.full.win32.x86_64_21.0.7.v20250502-0916\jre\bin\management_ext.dll
0x00007ff88df80000 - 0x00007ff88df88000 	C:\WINDOWS\System32\PSAPI.DLL
0x00007ff86c690000 - 0x00007ff86c6a7000 	C:\WINDOWS\system32\napinsp.dll
0x00007ff86c670000 - 0x00007ff86c68b000 	C:\WINDOWS\system32\pnrpnsp.dll
0x00007ff88b070000 - 0x00007ff88b168000 	C:\WINDOWS\SYSTEM32\DNSAPI.dll
0x00007ff88b040000 - 0x00007ff88b06d000 	C:\WINDOWS\SYSTEM32\IPHLPAPI.DLL
0x00007ff88e0f0000 - 0x00007ff88e0f9000 	C:\WINDOWS\System32\NSI.dll
0x00007ff86c650000 - 0x00007ff86c661000 	C:\WINDOWS\System32\winrnr.dll
0x00007ff86c600000 - 0x00007ff86c61f000 	C:\WINDOWS\system32\wshbth.dll
0x00007ff86c5d0000 - 0x00007ff86c5f1000 	C:\WINDOWS\system32\nlansp_c.dll
0x00007ff888150000 - 0x00007ff88815a000 	C:\Windows\System32\rasadhlp.dll
0x00007ff8879d0000 - 0x00007ff887a54000 	C:\WINDOWS\System32\fwpuclnt.dll
0x00007ff88be00000 - 0x00007ff88be1b000 	C:\WINDOWS\SYSTEM32\CRYPTSP.dll
0x00007ff88b5a0000 - 0x00007ff88b5d7000 	C:\WINDOWS\system32\rsaenh.dll
0x00007ff88bb50000 - 0x00007ff88bb78000 	C:\WINDOWS\SYSTEM32\USERENV.dll
0x00007ff88bde0000 - 0x00007ff88bdec000 	C:\WINDOWS\SYSTEM32\CRYPTBASE.dll
0x00007ff889430000 - 0x00007ff889439000 	C:\Users\user\Downloads\spring-tools-for-eclipse-4.31.0.RELEASE-e4.36.0-win32.win32.x86_64\sts-4.31.0.RELEASE\plugins\org.eclipse.justj.openjdk.hotspot.jre.full.win32.x86_64_21.0.7.v20250502-0916\jre\bin\extnet.dll

dbghelp: loaded successfully - version: 4.0.5 - missing functions: none
symbol engine: initialized successfully - sym options: 0x614 - pdb path: .;C:\Users\user\Downloads\spring-tools-for-eclipse-4.31.0.RELEASE-e4.36.0-win32.win32.x86_64\sts-4.31.0.RELEASE\plugins\org.eclipse.justj.openjdk.hotspot.jre.full.win32.x86_64_21.0.7.v20250502-0916\jre\bin;C:\WINDOWS\SYSTEM32;C:\Program Files\Avast Software\Avast;C:\WINDOWS\WinSxS\amd64_microsoft.windows.common-controls_6595b64144ccf1df_6.0.22621.5415_none_270d77d17387d7da;C:\Users\user\Downloads\spring-tools-for-eclipse-4.31.0.RELEASE-e4.36.0-win32.win32.x86_64\sts-4.31.0.RELEASE\plugins\org.eclipse.justj.openjdk.hotspot.jre.full.win32.x86_64_21.0.7.v20250502-0916\jre\bin\server

VM Arguments:
jvm_args: -Dcom.sun.management.jmxremote -Dcom.sun.management.jmxremote.port=57018 -Dcom.sun.management.jmxremote.authenticate=false -Dcom.sun.management.jmxremote.ssl=false -Djava.rmi.server.hostname=localhost -Dspring.jmx.enabled=true -Dmanagement.endpoints.jmx.exposure.include=* -Dspring.application.admin.enabled=true -Dspring.output.ansi.enabled=always -XX:TieredStopAtLevel=1 -Dspring.boot.project.name=carro -Dfile.encoding=UTF-8 -Dstdout.encoding=UTF-8 -Dstderr.encoding=UTF-8 -XX:+ShowCodeDetailsInExceptionMessages 
java_command: carro.carro.CarroApplication
java_class_path (initial): C:\Users\user\Downloads\carro\carro\target\classes;C:\Users\user\.m2\repository\org\springframework\boot\spring-boot-starter-data-jpa\3.4.3\spring-boot-starter-data-jpa-3.4.3.jar;C:\Users\user\.m2\repository\org\springframework\boot\spring-boot-starter\3.4.3\spring-boot-starter-3.4.3.jar;C:\Users\user\.m2\repository\org\springframework\boot\spring-boot\3.4.3\spring-boot-3.4.3.jar;C:\Users\user\.m2\repository\org\springframework\boot\spring-boot-autoconfigure\3.4.3\spring-boot-autoconfigure-3.4.3.jar;C:\Users\user\.m2\repository\org\springframework\boot\spring-boot-starter-logging\3.4.3\spring-boot-starter-logging-3.4.3.jar;C:\Users\user\.m2\repository\ch\qos\logback\logback-classic\1.5.16\logback-classic-1.5.16.jar;C:\Users\user\.m2\repository\ch\qos\logback\logback-core\1.5.16\logback-core-1.5.16.jar;C:\Users\user\.m2\repository\org\apache\logging\log4j\log4j-to-slf4j\2.24.3\log4j-to-slf4j-2.24.3.jar;C:\Users\user\.m2\repository\org\apache\logging\log4j\log4j-api\2.24.3\log4j-api-2.24.3.jar;C:\Users\user\.m2\repository\org\slf4j\jul-to-slf4j\2.0.16\jul-to-slf4j-2.0.16.jar;C:\Users\user\.m2\repository\jakarta\annotation\jakarta.annotation-api\2.1.1\jakarta.annotation-api-2.1.1.jar;C:\Users\user\.m2\repository\org\yaml\snakeyaml\2.3\snakeyaml-2.3.jar;C:\Users\user\.m2\repository\org\springframework\boot\spring-boot-starter-jdbc\3.4.3\spring-boot-starter-jdbc-3.4.3.jar;C:\Users\user\.m2\repository\com\zaxxer\HikariCP\5.1.0\HikariCP-5.1.0.jar;C:\Users\user\.m2\repository\org\springframework\spring-jdbc\6.2.3\spring-jdbc-6.2.3.jar;C:\Users\user\.m2\repository\org\hibernate\orm\hibernate-core\6.6.8.Final\hibernate-core-6.6.8.Final.jar;C:\Users\user\.m2\repository\jakarta\persistence\jakarta.persistence-api\3.1.0\jakarta.persistence-api-3.1.0.jar;C:\Users\user\.m2\repository\jakarta\transaction\jakarta.transaction-api\2.0.1\jakarta.transaction-api-2.0.1.jar;C:\Users\user\.m2\repository\org\jboss\logging\jboss-logging\3.6.1.Final\jboss-logging-3.6.1.Final.jar;C:\Users\user\.m2\repository\org\hibernate\common\hibernate-commons-annotations\7.0.3.Final\hibernate-commons-annotations-7.0.3.Final.jar;C:\Users\user\.m2\repository\io\smallrye\jandex\3.2.0\jandex-3.2.0.jar;C:\Users\user\.m2\repository\com\fasterxml\classmate\1.7.0\classmate-1.7.0.jar;C:\Users\user\.m2\repository\net\bytebuddy\byte-buddy\1.15.11\byte-buddy-1.15.11.jar;C:\Users\user\.m2\repository\org\glassfish\jaxb\jaxb-runtime\4.0.5\jaxb-runtime-4.0.5.jar;C:\Users\user\.m2\repository\org\glassfish\jaxb\jaxb-core\4.0.5\jaxb-core-4.0.5.jar;C:\Users\user\.m2\repository\org\eclipse\angus\angus-activation\2.0.2\angus-activation-2.0.2.jar;C:\Users\user\.m2\repository\org\glassfish\jaxb\txw2\4.0.5\txw2-4.0.5.jar;C:\Users\user\.m2\repository\com\sun\istack\istack-commons-runtime\4.1.2\istack-commons-runtime-4.1.2.jar;C:\Users\user\.m2\repository\jakarta\inject\jakarta.inject-api\2.0.1\jakarta.inject-api-2.0.1.jar;C:\Users\user\.m2\repository\org\antlr\antlr4-runtime\4.13.0\antlr4-runtime-4.13.0.jar;C:\Users\user\.m2\repository\org\springframework\data\spring-data-jpa\3.4.3\spring-data-jpa-3.4.3.jar;C:\Users\user\.m2\repository\org\springframework\data\spring-data-commons\3.4.3\spring-data-commons-3.4.3.jar;C:\Users\user\.m2\repository\org\springframework\spring-orm\6.2.3\spring-orm-6.2.3.jar;C:\Users\user\.m2\repository\org\springframework\spring-context\6.2.3\spring-context-6.2.3.jar;C:\Users\user\.m2\repository\org\springframework\spring-tx\6.2.3\spring-tx-6.2.3.jar;C:\Users\user\.m2\repository\org\springframework\spring-beans\6.2.3\spring-beans-6.2.3.jar;C:\Users\user\.m2\repository\org\slf4j\slf4j-api\2.0.16\slf4j-api-2.0.16.jar;C:\Users\user\.m2\repository\org\springframework\spring-aspects\6.2.3\spring-aspects-6.2.3.jar;C:\Users\user\.m2\repository\org\aspectj\aspectjweaver\1.9.22.1\aspectjweaver-1.9.22.1.jar;C:\Users\user\.m2\repository\org\springframework\boot\spring-boot-starter-web\3.4.3\spring-boot-starter-web-3.4.3.jar;C:\Users\user\.m2\repository\org\springframework\boot\spring-boot-starter-json\3.4.3\spring-boot-starter-json-3.4.3.jar;C:\Users\user\.m2\repository\com\fasterxml\jackson\datatype\jackson-datatype-jdk8\2.18.2\jackson-datatype-jdk8-2.18.2.jar;C:\Users\user\.m2\repository\com\fasterxml\jackson\datatype\jackson-datatype-jsr310\2.18.2\jackson-datatype-jsr310-2.18.2.jar;C:\Users\user\.m2\repository\com\fasterxml\jackson\module\jackson-module-parameter-names\2.18.2\jackson-module-parameter-names-2.18.2.jar;C:\Users\user\.m2\repository\org\springframework\boot\spring-boot-starter-tomcat\3.4.3\spring-boot-starter-tomcat-3.4.3.jar;C:\Users\user\.m2\repository\org\apache\tomcat\embed\tomcat-embed-core\10.1.36\tomcat-embed-core-10.1.36.jar;C:\Users\user\.m2\repository\org\apache\tomcat\embed\tomcat-embed-websocket\10.1.36\tomcat-embed-websocket-10.1.36.jar;C:\Users\user\.m2\repository\org\springframework\spring-web\6.2.3\spring-web-6.2.3.jar;C:\Users\user\.m2\repository\io\micrometer\micrometer-observation\1.14.4\micrometer-observation-1.14.4.jar;C:\Users\user\.m2\repository\io\micrometer\micrometer-commons\1.14.4\micrometer-commons-1.14.4.jar;C:\Users\user\.m2\repository\org\springframework\spring-webmvc\6.2.3\spring-webmvc-6.2.3.jar;C:\Users\user\.m2\repository\org\springframework\spring-expression\6.2.3\spring-expression-6.2.3.jar;C:\Users\user\.m2\repository\org\springframework\boot\spring-boot-starter-security\3.4.3\spring-boot-starter-security-3.4.3.jar;C:\Users\user\.m2\repository\org\springframework\spring-aop\6.2.3\spring-aop-6.2.3.jar;C:\Users\user\.m2\repository\org\springframework\security\spring-security-config\6.4.3\spring-security-config-6.4.3.jar;C:\Users\user\.m2\repository\org\springframework\security\spring-security-core\6.4.3\spring-security-core-6.4.3.jar;C:\Users\user\.m2\repository\org\springframework\security\spring-security-crypto\6.4.3\spring-security-crypto-6.4.3.jar;C:\Users\user\.m2\repository\org\springframework\security\spring-security-web\6.4.3\spring-security-web-6.4.3.jar;C:\Users\user\.m2\repository\org\springframework\boot\spring-boot-starter-validation\3.4.3\spring-boot-starter-validation-3.4.3.jar;C:\Users\user\.m2\repository\org\apache\tomcat\embed\tomcat-embed-el\10.1.36\tomcat-embed-el-10.1.36.jar;C:\Users\user\.m2\repository\org\hibernate\validator\hibernate-validator\8.0.2.Final\hibernate-validator-8.0.2.Final.jar;C:\Users\user\.m2\repository\jakarta\validation\jakarta.validation-api\3.0.2\jakarta.validation-api-3.0.2.jar;C:\Users\user\.m2\repository\com\mysql\mysql-connector-j\9.1.0\mysql-connector-j-9.1.0.jar;C:\Users\user\.m2\repository\org\projectlombok\lombok\1.18.32\lombok-1.18.32.jar;C:\Users\user\.m2\repository\io\jsonwebtoken\jjwt-api\0.11.5\jjwt-api-0.11.5.jar;C:\Users\user\.m2\repository\io\jsonwebtoken\jjwt-impl\0.11.5\jjwt-impl-0.11.5.jar;C:\Users\user\.m2\repository\io\jsonwebtoken\jjwt-jackson\0.11.5\jjwt-jackson-0.11.5.jar;C:\Users\user\.m2\repository\com\fasterxml\jackson\core\jackson-databind\2.18.2\jackson-databind-2.18.2.jar;C:\Users\user\.m2\repository\com\fasterxml\jackson\core\jackson-annotations\2.18.2\jackson-annotations-2.18.2.jar;C:\Users\user\.m2\repository\com\fasterxml\jackson\core\jackson-core\2.18.2\jackson-core-2.18.2.jar;C:\Users\user\.m2\repository\jakarta\xml\bind\jakarta.xml.bind-api\4.0.2\jakarta.xml.bind-api-4.0.2.jar;C:\Users\user\.m2\repository\jakarta\activation\jakarta.activation-api\2.1.3\jakarta.activation-api-2.1.3.jar;C:\Users\user\.m2\repository\org\springframework\spring-core\6.2.3\spring-core-6.2.3.jar;C:\Users\user\.m2\repository\org\springframework\spring-jcl\6.2.3\spring-jcl-6.2.3.jar
Launcher Type: SUN_STANDARD

[Global flags]
     intx CICompilerCount                          = 4                                         {product} {ergonomic}
     uint ConcGCThreads                            = 3                                         {product} {ergonomic}
     uint G1ConcRefinementThreads                  = 10                                        {product} {ergonomic}
   size_t G1HeapRegionSize                         = 1048576                                   {product} {ergonomic}
    uintx GCDrainStackTargetSize                   = 64                                        {product} {ergonomic}
   size_t InitialHeapSize                          = 121634816                                 {product} {ergonomic}
     bool ManagementServer                         = true                                      {product} {command line}
   size_t MarkStackSize                            = 4194304                                   {product} {ergonomic}
   size_t MaxHeapSize                              = 1939865600                                {product} {ergonomic}
   size_t MaxNewSize                               = 1163919360                                {product} {ergonomic}
   size_t MinHeapDeltaBytes                        = 1048576                                   {product} {ergonomic}
   size_t MinHeapSize                              = 8388608                                   {product} {ergonomic}
    uintx NonNMethodCodeHeapSize                   = 4096                                   {pd product} {ergonomic}
    uintx NonProfiledCodeHeapSize                  = 0                                      {pd product} {ergonomic}
     bool ProfileInterpreter                       = false                                  {pd product} {command line}
    uintx ProfiledCodeHeapSize                     = 0                                      {pd product} {ergonomic}
     bool ShowCodeDetailsInExceptionMessages       = true                                   {manageable} {command line}
   size_t SoftMaxHeapSize                          = 1939865600                             {manageable} {ergonomic}
     intx TieredStopAtLevel                        = 1                                         {product} {command line}
     bool UseCompressedOops                        = true                           {product lp64_product} {ergonomic}
     bool UseG1GC                                  = true                                      {product} {ergonomic}
     bool UseLargePagesIndividualAllocation        = false                                  {pd product} {ergonomic}

Logging:
Log output configuration:
 #0: stdout all=warning uptime,level,tags foldmultilines=false
 #1: stderr all=off uptime,level,tags foldmultilines=false

Environment Variables:
PATH=C:/Users/user/Downloads/spring-tools-for-eclipse-4.31.0.RELEASE-e4.36.0-win32.win32.x86_64/sts-4.31.0.RELEASE//plugins/org.eclipse.justj.openjdk.hotspot.jre.full.win32.x86_64_21.0.7.v20250502-0916/jre/bin/server;C:/Users/user/Downloads/spring-tools-for-eclipse-4.31.0.RELEASE-e4.36.0-win32.win32.x86_64/sts-4.31.0.RELEASE//plugins/org.eclipse.justj.openjdk.hotspot.jre.full.win32.x86_64_21.0.7.v20250502-0916/jre/bin;C:\Program Files\Common Files\Oracle\Java\javapath;C:\Program Files (x86)\Common Files\Oracle\Java\java8path;C:\Program Files (x86)\Common Files\Oracle\Java\javapath;C:\WINDOWS\system32;C:\WINDOWS;C:\WINDOWS\System32\Wbem;C:\WINDOWS\System32\WindowsPowerShell\v1.0\;C:\WINDOWS\System32\OpenSSH\;C:\Program Files\dotnet\;C:\Program Files\Git\cmd;C:\Program Files\nodejs\dowload\;C:\Users\user\AppData\Local\Programs\Python\Python313\Scripts\;C:\Users\user\AppData\Local\Programs\Python\Python313\;C:\Users\user\AppData\Local\Microsoft\WindowsApps;C:\Users\user\.dotnet\tools;;C:\Program Files\JetBrains\IntelliJ IDEA Community Edition 2025.1.2\bin;;C:\Users\user\AppData\Roaming\npm;C:\Users\user\Downloads\IntelliJ IDEA Community Edition 2025.1.2\bin;;C:\Users\user\AppData\Local\Programs\Microsoft VS Code\bin;C:\Users\user\Downloads\spring-tools-for-eclipse-4.31.0.RELEASE-e4.36.0-win32.win32.x86_64\sts-4.31.0.RELEASE;
USERNAME=user
OS=Windows_NT
PROCESSOR_IDENTIFIER=AMD64 Family 23 Model 96 Stepping 1, AuthenticAMD
TMP=C:\Users\user\AppData\Local\Temp
TEMP=C:\Users\user\AppData\Local\Temp




Periodic native trim disabled

---------------  S Y S T E M  ---------------

OS:
 Windows 11 , 64 bit Build 22621 (10.0.22621.5415)
OS uptime: 7 days 3:39 hours
Hyper-V role detected

CPU: total 12 (initial active 12) (12 cores per cpu, 2 threads per core) family 23 model 96 stepping 1 microcode 0x0, cx8, cmov, fxsr, ht, mmx, 3dnowpref, sse, sse2, sse3, ssse3, sse4a, sse4.1, sse4.2, popcnt, lzcnt, tsc, tscinvbit, avx, avx2, aes, clmul, bmi1, bmi2, adx, sha, fma, vzeroupper, clflush, clflushopt, hv, rdtscp, rdpid, f16c
Processor Information for the first 12 processors :
  Max Mhz: 2100, Current Mhz: 2100, Mhz Limit: 2100

Memory: 4k page, system-wide physical 7399M (298M free)
TotalPageFile size 18987M (AvailPageFile size 0M)
current process WorkingSet (physical memory assigned to process): 78M, peak: 78M
current process commit charge ("private bytes"): 213M, peak: 213M

vm_info: OpenJDK 64-Bit Server VM (21.0.7+6-LTS) for windows-amd64 JRE (21.0.7+6-LTS), built on 2025-04-15T00:00:00Z by "admin" with MS VC++ 17.7 (VS2022)

END.
