#
# There is insufficient memory for the Java Runtime Environment to continue.
# Native memory allocation (mmap) failed to map 65536 bytes. Error detail: Failed to commit metaspace.
# Possible reasons:
#   The system is out of physical RAM or swap space
#   This process is running with CompressedOops enabled, and the Java Heap may be blocking the growth of the native heap
# Possible solutions:
#   Reduce memory load on the system
#   Increase physical memory or swap space
#   Check if swap backing store is full
#   Decrease Java heap size (-Xmx/-Xms)
#   Decrease number of Java threads
#   Decrease Java thread stack sizes (-Xss)
#   Set larger code cache with -XX:ReservedCodeCacheSize=
#   JVM is running with Unscaled Compressed Oops mode in which the Java heap is
#     placed in the first 4GB address space. The Java Heap base address is the
#     maximum limit for the native heap growth. Please use -XX:HeapBaseMinAddress
#     to set the Java Heap base and to place the Java Heap above 4GB virtual address.
# This output file may be truncated or incomplete.
#
#  Out of Memory Error (virtualSpaceNode.cpp:113), pid=18628, tid=23796
#
# JRE version: OpenJDK Runtime Environment Temurin-21.0.7+6 (21.0.7+6) (build 21.0.7+6-LTS)
# Java VM: OpenJDK 64-Bit Server VM Temurin-21.0.7+6 (21.0.7+6-LTS, mixed mode, emulated-client, sharing, tiered, compressed oops, compressed class ptrs, g1 gc, windows-amd64)
# No core dump will be written. Minidumps are not enabled by default on client versions of Windows
#

---------------  S U M M A R Y ------------

Command Line: -Dcom.sun.management.jmxremote -Dcom.sun.management.jmxremote.port=57013 -Dcom.sun.management.jmxremote.authenticate=false -Dcom.sun.management.jmxremote.ssl=false -Djava.rmi.server.hostname=localhost -Dspring.jmx.enabled=true -Dmanagement.endpoints.jmx.exposure.include=* -Dspring.application.admin.enabled=true -Dspring.output.ansi.enabled=always -XX:TieredStopAtLevel=1 -Dspring.boot.project.name=carro -Dfile.encoding=UTF-8 -Dstdout.encoding=UTF-8 -Dstderr.encoding=UTF-8 -XX:+ShowCodeDetailsInExceptionMessages carro.carro.CarroApplication

Host: AMD Ryzen 5 PRO 4650U with Radeon Graphics, 12 cores, 7G,  Windows 11 , 64 bit Build 22621 (10.0.22621.5415)
Time: Wed Sep 17 17:17:48 2025 GMT Summer Time elapsed time: 0.606055 seconds (0d 0h 0m 0s)

---------------  T H R E A D  ---------------

Current thread (0x00000242c57b1940):  JavaThread "main"             [_thread_in_vm, id=23796, stack(0x00000087f8300000,0x00000087f8400000) (1024K)]

Stack: [0x00000087f8300000,0x00000087f8400000]
Native frames: (J=compiled Java code, j=interpreted, Vv=VM code, C=native code)
V  [jvm.dll+0x6ce119]
V  [jvm.dll+0x8a84a1]
V  [jvm.dll+0x8aa9ce]
V  [jvm.dll+0x8ab0b3]
V  [jvm.dll+0x27f8a6]
V  [jvm.dll+0x8a41ee]
V  [jvm.dll+0x670575]
V  [jvm.dll+0x6705da]
V  [jvm.dll+0x672dc2]
V  [jvm.dll+0x672c92]
V  [jvm.dll+0x670f4e]
V  [jvm.dll+0x2695bf]
V  [jvm.dll+0x67b1b5]
V  [jvm.dll+0x21563d]
V  [jvm.dll+0x215bba]
V  [jvm.dll+0x2165e5]
V  [jvm.dll+0x20bbae]
V  [jvm.dll+0x5ae58c]
V  [jvm.dll+0x21d26a]
V  [jvm.dll+0x820d6c]
V  [jvm.dll+0x821d94]
V  [jvm.dll+0x822362]
V  [jvm.dll+0x821fe8]
V  [jvm.dll+0x26cf1b]
V  [jvm.dll+0x26d14a]
V  [jvm.dll+0x5d1997]
V  [jvm.dll+0x5d497f]
V  [jvm.dll+0x3d8605]
V  [jvm.dll+0x3d7c7d]
C  0x00000242c9158435

The last pc belongs to invokestatic (printed below).
Java frames: (J=compiled Java code, j=interpreted, Vv=VM code)
j  jdk.internal.reflect.ClassFileAssembler.emitConstantPoolUTF8(Ljava/lang/String;)V+1 java.base@21.0.7
j  jdk.internal.reflect.MethodAccessorGenerator.generate(Ljava/lang/Class;Ljava/lang/String;[Ljava/lang/Class;Ljava/lang/Class;IZZLjava/lang/Class;)Ljdk/internal/reflect/MagicAccessorImpl;+135 java.base@21.0.7
j  jdk.internal.reflect.MethodAccessorGenerator.generateSerializationConstructor(Ljava/lang/Class;[Ljava/lang/Class;ILjava/lang/Class;)Ljdk/internal/reflect/SerializationConstructorAccessorImpl;+13 java.base@21.0.7
j  jdk.internal.reflect.ReflectionFactory.generateConstructor(Ljava/lang/Class;Ljava/lang/reflect/Constructor;)Ljava/lang/reflect/Constructor;+20 java.base@21.0.7
j  jdk.internal.reflect.ReflectionFactory.newConstructorForSerialization(Ljava/lang/Class;)Ljava/lang/reflect/Constructor;+90 java.base@21.0.7
j  java.io.ObjectStreamClass.getSerializableConstructor(Ljava/lang/Class;)Ljava/lang/reflect/Constructor;+4 java.base@21.0.7
j  java.io.ObjectStreamClass$2.run()Ljava/lang/Void;+210 java.base@21.0.7
j  java.io.ObjectStreamClass$2.run()Ljava/lang/Object;+1 java.base@21.0.7
j  java.security.AccessController.executePrivileged(Ljava/security/PrivilegedAction;Ljava/security/AccessControlContext;Ljava/lang/Class;)Ljava/lang/Object;+29 java.base@21.0.7
j  java.security.AccessController.doPrivileged(Ljava/security/PrivilegedAction;)Ljava/lang/Object;+5 java.base@21.0.7
j  java.io.ObjectStreamClass.<init>(Ljava/lang/Class;)V+111 java.base@21.0.7
j  java.io.ObjectStreamClass$Caches$1.computeValue(Ljava/lang/Class;)Ljava/io/ObjectStreamClass;+5 java.base@21.0.7
j  java.io.ObjectStreamClass$Caches$1.computeValue(Ljava/lang/Class;)Ljava/lang/Object;+2 java.base@21.0.7
j  java.io.ClassCache$1.computeValue(Ljava/lang/Class;)Ljava/io/ClassCache$CacheRef;+5 java.base@21.0.7
j  java.io.ClassCache$1.computeValue(Ljava/lang/Class;)Ljava/lang/Object;+2 java.base@21.0.7
j  java.lang.ClassValue.getFromHashMap(Ljava/lang/Class;)Ljava/lang/Object;+29 java.base@21.0.7
j  java.lang.ClassValue.getFromBackup([Ljava/lang/ClassValue$Entry;Ljava/lang/Class;)Ljava/lang/Object;+17 java.base@21.0.7
j  java.lang.ClassValue.get(Ljava/lang/Class;)Ljava/lang/Object;+27 java.base@21.0.7
j  java.io.ClassCache.get(Ljava/lang/Class;)Ljava/lang/Object;+9 java.base@21.0.7
j  java.io.ObjectStreamClass.lookup(Ljava/lang/Class;Z)Ljava/io/ObjectStreamClass;+19 java.base@21.0.7
j  java.io.ObjectStreamClass.<init>(Ljava/lang/Class;)V+80 java.base@21.0.7
j  java.io.ObjectStreamClass$Caches$1.computeValue(Ljava/lang/Class;)Ljava/io/ObjectStreamClass;+5 java.base@21.0.7
j  java.io.ObjectStreamClass$Caches$1.computeValue(Ljava/lang/Class;)Ljava/lang/Object;+2 java.base@21.0.7
j  java.io.ClassCache$1.computeValue(Ljava/lang/Class;)Ljava/io/ClassCache$CacheRef;+5 java.base@21.0.7
j  java.io.ClassCache$1.computeValue(Ljava/lang/Class;)Ljava/lang/Object;+2 java.base@21.0.7
j  java.lang.ClassValue.getFromHashMap(Ljava/lang/Class;)Ljava/lang/Object;+29 java.base@21.0.7
j  java.lang.ClassValue.getFromBackup([Ljava/lang/ClassValue$Entry;Ljava/lang/Class;)Ljava/lang/Object;+17 java.base@21.0.7
j  java.lang.ClassValue.get(Ljava/lang/Class;)Ljava/lang/Object;+27 java.base@21.0.7
j  java.io.ClassCache.get(Ljava/lang/Class;)Ljava/lang/Object;+9 java.base@21.0.7
j  java.io.ObjectStreamClass.lookup(Ljava/lang/Class;Z)Ljava/io/ObjectStreamClass;+19 java.base@21.0.7
j  java.io.ObjectStreamClass.<init>(Ljava/lang/Class;)V+80 java.base@21.0.7
j  java.io.ObjectStreamClass$Caches$1.computeValue(Ljava/lang/Class;)Ljava/io/ObjectStreamClass;+5 java.base@21.0.7
j  java.io.ObjectStreamClass$Caches$1.computeValue(Ljava/lang/Class;)Ljava/lang/Object;+2 java.base@21.0.7
j  java.io.ClassCache$1.computeValue(Ljava/lang/Class;)Ljava/io/ClassCache$CacheRef;+5 java.base@21.0.7
j  java.io.ClassCache$1.computeValue(Ljava/lang/Class;)Ljava/lang/Object;+2 java.base@21.0.7
j  java.lang.ClassValue.getFromHashMap(Ljava/lang/Class;)Ljava/lang/Object;+29 java.base@21.0.7
j  java.lang.ClassValue.getFromBackup([Ljava/lang/ClassValue$Entry;Ljava/lang/Class;)Ljava/lang/Object;+17 java.base@21.0.7
j  java.lang.ClassValue.get(Ljava/lang/Class;)Ljava/lang/Object;+27 java.base@21.0.7
j  java.io.ClassCache.get(Ljava/lang/Class;)Ljava/lang/Object;+9 java.base@21.0.7
j  java.io.ObjectStreamClass.lookup(Ljava/lang/Class;Z)Ljava/io/ObjectStreamClass;+19 java.base@21.0.7
j  java.io.ObjectOutputStream.writeObject0(Ljava/lang/Object;Z)V+185 java.base@21.0.7
j  java.io.ObjectOutputStream.writeObject(Ljava/lang/Object;)V+16 java.base@21.0.7
j  javax.management.remote.rmi.RMIConnectorServer.encodeJRMPStub(Ljavax/management/remote/rmi/RMIServer;Ljava/util/Map;)Ljava/lang/String;+19 java.management.rmi@21.0.7
j  javax.management.remote.rmi.RMIConnectorServer.encodeStub(Ljavax/management/remote/rmi/RMIServer;Ljava/util/Map;)Ljava/lang/String;+2 java.management.rmi@21.0.7
j  javax.management.remote.rmi.RMIConnectorServer.encodeStubInAddress(Ljavax/management/remote/rmi/RMIServer;Ljava/util/Map;)V+64 java.management.rmi@21.0.7
j  javax.management.remote.rmi.RMIConnectorServer.start()V+460 java.management.rmi@21.0.7
j  sun.management.jmxremote.ConnectorBootstrap.exportMBeanServer(Ljavax/management/MBeanServer;IIZZLjava/lang/String;[Ljava/lang/String;[Ljava/lang/String;ZZLjava/lang/String;Ljava/lang/String;ZLjava/lang/String;Ljava/lang/String;Ljava/lang/String;)Lsun/management/jmxremote/ConnectorBootstrap$JMXConnectorServerData;+348 jdk.management.agent@21.0.7
j  sun.management.jmxremote.ConnectorBootstrap.startRemoteConnectorServer(Ljava/lang/String;Ljava/util/Properties;)Ljavax/management/remote/JMXConnectorServer;+620 jdk.management.agent@21.0.7
j  jdk.internal.agent.Agent.startAgent(Ljava/util/Properties;)V+48 jdk.management.agent@21.0.7
j  jdk.internal.agent.Agent.startAgent()V+20 jdk.management.agent@21.0.7
v  ~StubRoutines::call_stub 0x00000242c914100d
invokestatic  184 invokestatic  [0x00000242c9158380, 0x00000242c91584e0]  352 bytes
[MachCode]
  0x00000242c9158380: 4883 ec08 | c5fa 1104 | 24eb 1f48 | 83ec 10c5 | fb11 0424 | eb14 4883 | ec10 4889 | 0424 48c7 
  0x00000242c91583a0: 4424 0800 | 0000 00eb | 0150 4c89 | 6dc0 410f | b755 0148 | 8b4d d0c1 | e202 8b5c | d138 c1eb 
  0x00000242c91583c0: 1081 e3ff | 0000 0081 | fbb8 0000 | 000f 84b4 | 0000 00bb | b800 0000 | e805 0000 | 00e9 9900 
  0x00000242c91583e0: 0000 488b | d348 8d44 | 2408 4c89 | 6dc0 498b | cfc5 f877 | 4989 afa8 | 0300 0049 | 8987 9803 
  0x00000242c9158400: 0000 4883 | ec20 40f6 | c40f 0f84 | 1900 0000 | 4883 ec08 | 48b8 107c | ff28 f87f | 0000 ffd0 
  0x00000242c9158420: 4883 c408 | e90c 0000 | 0048 b810 | 7cff 28f8 | 7f00 00ff | d048 83c4 | 2049 c787 | 9803 0000 
  0x00000242c9158440: 0000 0000 | 49c7 87a8 | 0300 0000 | 0000 0049 | c787 a003 | 0000 0000 | 0000 c5f8 | 7749 837f 
  0x00000242c9158460: 0800 0f84 | 0500 0000 | e993 8afe | ff4c 8b6d | c04c 8b75 | c84e 8d74 | f500 c341 | 0fb7 5501 
  0x00000242c9158480: 488b 4dd0 | c1e2 0248 | 8b5c d140 | 488b 5b08 | 488b 5b08 | 488b 5b18 | 80bb 2101 | 0000 040f 
  0x00000242c91584a0: 840d 0000 | 004c 3bbb | 2801 0000 | 0f85 21ff | ffff 488b | 5cd1 408b | 54d1 50c1 | ea1c 49ba 
  0x00000242c91584c0: c0df 8d29 | f87f 0000 | 498b 14d2 | 524c 8d6c | 2408 4c89 | 6df0 ff63 | 500f 1f80 | 0000 0000 
[/MachCode]

---------------  P R O C E S S  ---------------

Threads class SMR info:
_java_thread_list=0x00000242d6118450, length=12, elements={
0x00000242c57b1940, 0x00000242d0da8730, 0x00000242d0da92e0, 0x00000242d0dac7d0,
0x00000242d0db65b0, 0x00000242d0db7000, 0x00000242d0db9b90, 0x00000242d0dc7060,
0x00000242d16347f0, 0x00000242d0d7f350, 0x00000242d1634e80, 0x00000242d1634160
}

Java Threads: ( => current thread )
=>0x00000242c57b1940 JavaThread "main"                              [_thread_in_vm, id=23796, stack(0x00000087f8300000,0x00000087f8400000) (1024K)]
  0x00000242d0da8730 JavaThread "Reference Handler"          daemon [_thread_blocked, id=3132, stack(0x00000087f8b00000,0x00000087f8c00000) (1024K)]
  0x00000242d0da92e0 JavaThread "Finalizer"                  daemon [_thread_blocked, id=14404, stack(0x00000087f8c00000,0x00000087f8d00000) (1024K)]
  0x00000242d0dac7d0 JavaThread "Signal Dispatcher"          daemon [_thread_blocked, id=31836, stack(0x00000087f8d00000,0x00000087f8e00000) (1024K)]
  0x00000242d0db65b0 JavaThread "Attach Listener"            daemon [_thread_blocked, id=9432, stack(0x00000087f8e00000,0x00000087f8f00000) (1024K)]
  0x00000242d0db7000 JavaThread "Service Thread"             daemon [_thread_blocked, id=6304, stack(0x00000087f8f00000,0x00000087f9000000) (1024K)]
  0x00000242d0db9b90 JavaThread "Monitor Deflation Thread"   daemon [_thread_blocked, id=16516, stack(0x00000087f9000000,0x00000087f9100000) (1024K)]
  0x00000242d0dc7060 JavaThread "C1 CompilerThread0"         daemon [_thread_blocked, id=28184, stack(0x00000087f9100000,0x00000087f9200000) (1024K)]
  0x00000242d16347f0 JavaThread "Common-Cleaner"             daemon [_thread_blocked, id=26836, stack(0x00000087f9200000,0x00000087f9300000) (1024K)]
  0x00000242d0d7f350 JavaThread "C1 CompilerThread1"         daemon [_thread_blocked, id=27508, stack(0x00000087f9300000,0x00000087f9400000) (1024K)]
  0x00000242d1634e80 JavaThread "Notification Thread"        daemon [_thread_blocked, id=28040, stack(0x00000087f9400000,0x00000087f9500000) (1024K)]
  0x00000242d1634160 JavaThread "RMI TCP Accept-0"           daemon [_thread_in_native, id=23324, stack(0x00000087f9500000,0x00000087f9600000) (1024K)]
Total: 12

Other Threads:
  0x00000242d0d8f650 VMThread "VM Thread"                           [id=17264, stack(0x00000087f8a00000,0x00000087f8b00000) (1024K)]
  0x00000242c57b8ea0 WatcherThread "VM Periodic Task Thread"        [id=11056, stack(0x00000087f8900000,0x00000087f8a00000) (1024K)]
  0x00000242c58059e0 WorkerThread "GC Thread#0"                     [id=19208, stack(0x00000087f8400000,0x00000087f8500000) (1024K)]
  0x00000242c5815ec0 ConcurrentGCThread "G1 Main Marker"            [id=19836, stack(0x00000087f8500000,0x00000087f8600000) (1024K)]
  0x00000242c5817230 WorkerThread "G1 Conc#0"                       [id=29796, stack(0x00000087f8600000,0x00000087f8700000) (1024K)]
  0x00000242d0c4d020 ConcurrentGCThread "G1 Refine#0"               [id=30832, stack(0x00000087f8700000,0x00000087f8800000) (1024K)]
  0x00000242d0c4d9a0 ConcurrentGCThread "G1 Service"                [id=31112, stack(0x00000087f8800000,0x00000087f8900000) (1024K)]
Total: 7

Threads with active compile tasks:
Total: 0

VM state: not at safepoint (normal execution)

VM Mutex/Monitor currently owned by a thread:  ([mutex/lock_event])
[0x00007ff8298cc308] Metaspace_lock - owner thread: 0x00000242c57b1940

Heap address: 0x000000008c600000, size: 1850 MB, Compressed Oops mode: 32-bit

CDS archive(s) mapped at: [0x0000024280000000-0x0000024280c80000-0x0000024280c80000), size 13107200, SharedBaseAddress: 0x0000024280000000, ArchiveRelocationMode: 1.
Compressed class space mapped at: 0x0000024281000000-0x00000242c1000000, reserved size: 1073741824
Narrow klass base: 0x0000024280000000, Narrow klass shift: 0, Narrow klass range: 0x100000000

GC Precious Log:
 CardTable entry size: 512
 Card Set container configuration: InlinePtr #cards 5 size 8 Array Of Cards #cards 12 size 40 Howl #buckets 4 coarsen threshold 1843 Howl Bitmap #cards 512 size 80 coarsen threshold 460 Card regions per heap region 1 cards per card region 2048
 CPUs: 12 total, 12 available
 Memory: 7399M
 Large Page Support: Disabled
 NUMA Support: Disabled
 Compressed Oops: Enabled (32-bit)
 Heap Region Size: 1M
 Heap Min Capacity: 8M
 Heap Initial Capacity: 116M
 Heap Max Capacity: 1850M
 Pre-touch: Disabled
 Parallel Workers: 10
 Concurrent Workers: 3
 Concurrent Refinement Workers: 10
 Periodic GC: Disabled

Heap:
 garbage-first heap   total 118784K, used 14336K [0x000000008c600000, 0x0000000100000000)
  region size 1024K, 14 young (14336K), 0 survivors (0K)
 Metaspace       used 4629K, committed 4800K, reserved 1114112K
  class space    used 538K, committed 640K, reserved 1048576K

Heap Regions: E=young(eden), S=young(survivor), O=old, HS=humongous(starts), HC=humongous(continues), CS=collection set, F=free, TAMS=top-at-mark-start, PB=parsable bottom
|   0|0x000000008c600000, 0x000000008c700000, 0x000000008c700000|100%|HS|  |TAMS 0x000000008c600000| PB 0x000000008c600000| Complete 
|   1|0x000000008c700000, 0x000000008c800000, 0x000000008c800000|100%|HS|  |TAMS 0x000000008c700000| PB 0x000000008c700000| Complete 
|   2|0x000000008c800000, 0x000000008c800000, 0x000000008c900000|  0%| F|  |TAMS 0x000000008c800000| PB 0x000000008c800000| Untracked 
|   3|0x000000008c900000, 0x000000008c900000, 0x000000008ca00000|  0%| F|  |TAMS 0x000000008c900000| PB 0x000000008c900000| Untracked 
|   4|0x000000008ca00000, 0x000000008ca00000, 0x000000008cb00000|  0%| F|  |TAMS 0x000000008ca00000| PB 0x000000008ca00000| Untracked 
|   5|0x000000008cb00000, 0x000000008cb00000, 0x000000008cc00000|  0%| F|  |TAMS 0x000000008cb00000| PB 0x000000008cb00000| Untracked 
|   6|0x000000008cc00000, 0x000000008cc00000, 0x000000008cd00000|  0%| F|  |TAMS 0x000000008cc00000| PB 0x000000008cc00000| Untracked 
|   7|0x000000008cd00000, 0x000000008cd00000, 0x000000008ce00000|  0%| F|  |TAMS 0x000000008cd00000| PB 0x000000008cd00000| Untracked 
|   8|0x000000008ce00000, 0x000000008ce00000, 0x000000008cf00000|  0%| F|  |TAMS 0x000000008ce00000| PB 0x000000008ce00000| Untracked 
|   9|0x000000008cf00000, 0x000000008cf00000, 0x000000008d000000|  0%| F|  |TAMS 0x000000008cf00000| PB 0x000000008cf00000| Untracked 
|  10|0x000000008d000000, 0x000000008d000000, 0x000000008d100000|  0%| F|  |TAMS 0x000000008d000000| PB 0x000000008d000000| Untracked 
|  11|0x000000008d100000, 0x000000008d100000, 0x000000008d200000|  0%| F|  |TAMS 0x000000008d100000| PB 0x000000008d100000| Untracked 
|  12|0x000000008d200000, 0x000000008d200000, 0x000000008d300000|  0%| F|  |TAMS 0x000000008d200000| PB 0x000000008d200000| Untracked 
|  13|0x000000008d300000, 0x000000008d300000, 0x000000008d400000|  0%| F|  |TAMS 0x000000008d300000| PB 0x000000008d300000| Untracked 
|  14|0x000000008d400000, 0x000000008d400000, 0x000000008d500000|  0%| F|  |TAMS 0x000000008d400000| PB 0x000000008d400000| Untracked 
|  15|0x000000008d500000, 0x000000008d500000, 0x000000008d600000|  0%| F|  |TAMS 0x000000008d500000| PB 0x000000008d500000| Untracked 
|  16|0x000000008d600000, 0x000000008d600000, 0x000000008d700000|  0%| F|  |TAMS 0x000000008d600000| PB 0x000000008d600000| Untracked 
|  17|0x000000008d700000, 0x000000008d700000, 0x000000008d800000|  0%| F|  |TAMS 0x000000008d700000| PB 0x000000008d700000| Untracked 
|  18|0x000000008d800000, 0x000000008d800000, 0x000000008d900000|  0%| F|  |TAMS 0x000000008d800000| PB 0x000000008d800000| Untracked 
|  19|0x000000008d900000, 0x000000008d900000, 0x000000008da00000|  0%| F|  |TAMS 0x000000008d900000| PB 0x000000008d900000| Untracked 
|  20|0x000000008da00000, 0x000000008da00000, 0x000000008db00000|  0%| F|  |TAMS 0x000000008da00000| PB 0x000000008da00000| Untracked 
|  21|0x000000008db00000, 0x000000008db00000, 0x000000008dc00000|  0%| F|  |TAMS 0x000000008db00000| PB 0x000000008db00000| Untracked 
|  22|0x000000008dc00000, 0x000000008dc00000, 0x000000008dd00000|  0%| F|  |TAMS 0x000000008dc00000| PB 0x000000008dc00000| Untracked 
|  23|0x000000008dd00000, 0x000000008dd00000, 0x000000008de00000|  0%| F|  |TAMS 0x000000008dd00000| PB 0x000000008dd00000| Untracked 
|  24|0x000000008de00000, 0x000000008de00000, 0x000000008df00000|  0%| F|  |TAMS 0x000000008de00000| PB 0x000000008de00000| Untracked 
|  25|0x000000008df00000, 0x000000008df00000, 0x000000008e000000|  0%| F|  |TAMS 0x000000008df00000| PB 0x000000008df00000| Untracked 
|  26|0x000000008e000000, 0x000000008e000000, 0x000000008e100000|  0%| F|  |TAMS 0x000000008e000000| PB 0x000000008e000000| Untracked 
|  27|0x000000008e100000, 0x000000008e100000, 0x000000008e200000|  0%| F|  |TAMS 0x000000008e100000| PB 0x000000008e100000| Untracked 
|  28|0x000000008e200000, 0x000000008e200000, 0x000000008e300000|  0%| F|  |TAMS 0x000000008e200000| PB 0x000000008e200000| Untracked 
|  29|0x000000008e300000, 0x000000008e300000, 0x000000008e400000|  0%| F|  |TAMS 0x000000008e300000| PB 0x000000008e300000| Untracked 
|  30|0x000000008e400000, 0x000000008e400000, 0x000000008e500000|  0%| F|  |TAMS 0x000000008e400000| PB 0x000000008e400000| Untracked 
|  31|0x000000008e500000, 0x000000008e500000, 0x000000008e600000|  0%| F|  |TAMS 0x000000008e500000| PB 0x000000008e500000| Untracked 
|  32|0x000000008e600000, 0x000000008e600000, 0x000000008e700000|  0%| F|  |TAMS 0x000000008e600000| PB 0x000000008e600000| Untracked 
|  33|0x000000008e700000, 0x000000008e700000, 0x000000008e800000|  0%| F|  |TAMS 0x000000008e700000| PB 0x000000008e700000| Untracked 
|  34|0x000000008e800000, 0x000000008e800000, 0x000000008e900000|  0%| F|  |TAMS 0x000000008e800000| PB 0x000000008e800000| Untracked 
|  35|0x000000008e900000, 0x000000008e900000, 0x000000008ea00000|  0%| F|  |TAMS 0x000000008e900000| PB 0x000000008e900000| Untracked 
|  36|0x000000008ea00000, 0x000000008ea00000, 0x000000008eb00000|  0%| F|  |TAMS 0x000000008ea00000| PB 0x000000008ea00000| Untracked 
|  37|0x000000008eb00000, 0x000000008eb00000, 0x000000008ec00000|  0%| F|  |TAMS 0x000000008eb00000| PB 0x000000008eb00000| Untracked 
|  38|0x000000008ec00000, 0x000000008ec00000, 0x000000008ed00000|  0%| F|  |TAMS 0x000000008ec00000| PB 0x000000008ec00000| Untracked 
|  39|0x000000008ed00000, 0x000000008ed00000, 0x000000008ee00000|  0%| F|  |TAMS 0x000000008ed00000| PB 0x000000008ed00000| Untracked 
|  40|0x000000008ee00000, 0x000000008ee00000, 0x000000008ef00000|  0%| F|  |TAMS 0x000000008ee00000| PB 0x000000008ee00000| Untracked 
|  41|0x000000008ef00000, 0x000000008ef00000, 0x000000008f000000|  0%| F|  |TAMS 0x000000008ef00000| PB 0x000000008ef00000| Untracked 
|  42|0x000000008f000000, 0x000000008f000000, 0x000000008f100000|  0%| F|  |TAMS 0x000000008f000000| PB 0x000000008f000000| Untracked 
|  43|0x000000008f100000, 0x000000008f100000, 0x000000008f200000|  0%| F|  |TAMS 0x000000008f100000| PB 0x000000008f100000| Untracked 
|  44|0x000000008f200000, 0x000000008f200000, 0x000000008f300000|  0%| F|  |TAMS 0x000000008f200000| PB 0x000000008f200000| Untracked 
|  45|0x000000008f300000, 0x000000008f300000, 0x000000008f400000|  0%| F|  |TAMS 0x000000008f300000| PB 0x000000008f300000| Untracked 
|  46|0x000000008f400000, 0x000000008f400000, 0x000000008f500000|  0%| F|  |TAMS 0x000000008f400000| PB 0x000000008f400000| Untracked 
|  47|0x000000008f500000, 0x000000008f500000, 0x000000008f600000|  0%| F|  |TAMS 0x000000008f500000| PB 0x000000008f500000| Untracked 
|  48|0x000000008f600000, 0x000000008f600000, 0x000000008f700000|  0%| F|  |TAMS 0x000000008f600000| PB 0x000000008f600000| Untracked 
|  49|0x000000008f700000, 0x000000008f700000, 0x000000008f800000|  0%| F|  |TAMS 0x000000008f700000| PB 0x000000008f700000| Untracked 
|  50|0x000000008f800000, 0x000000008f800000, 0x000000008f900000|  0%| F|  |TAMS 0x000000008f800000| PB 0x000000008f800000| Untracked 
|  51|0x000000008f900000, 0x000000008f900000, 0x000000008fa00000|  0%| F|  |TAMS 0x000000008f900000| PB 0x000000008f900000| Untracked 
|  52|0x000000008fa00000, 0x000000008fa00000, 0x000000008fb00000|  0%| F|  |TAMS 0x000000008fa00000| PB 0x000000008fa00000| Untracked 
|  53|0x000000008fb00000, 0x000000008fb00000, 0x000000008fc00000|  0%| F|  |TAMS 0x000000008fb00000| PB 0x000000008fb00000| Untracked 
|  54|0x000000008fc00000, 0x000000008fc00000, 0x000000008fd00000|  0%| F|  |TAMS 0x000000008fc00000| PB 0x000000008fc00000| Untracked 
|  55|0x000000008fd00000, 0x000000008fd00000, 0x000000008fe00000|  0%| F|  |TAMS 0x000000008fd00000| PB 0x000000008fd00000| Untracked 
|  56|0x000000008fe00000, 0x000000008fe00000, 0x000000008ff00000|  0%| F|  |TAMS 0x000000008fe00000| PB 0x000000008fe00000| Untracked 
|  57|0x000000008ff00000, 0x000000008ff00000, 0x0000000090000000|  0%| F|  |TAMS 0x000000008ff00000| PB 0x000000008ff00000| Untracked 
|  58|0x0000000090000000, 0x0000000090000000, 0x0000000090100000|  0%| F|  |TAMS 0x0000000090000000| PB 0x0000000090000000| Untracked 
|  59|0x0000000090100000, 0x0000000090100000, 0x0000000090200000|  0%| F|  |TAMS 0x0000000090100000| PB 0x0000000090100000| Untracked 
|  60|0x0000000090200000, 0x0000000090200000, 0x0000000090300000|  0%| F|  |TAMS 0x0000000090200000| PB 0x0000000090200000| Untracked 
|  61|0x0000000090300000, 0x0000000090300000, 0x0000000090400000|  0%| F|  |TAMS 0x0000000090300000| PB 0x0000000090300000| Untracked 
|  62|0x0000000090400000, 0x0000000090400000, 0x0000000090500000|  0%| F|  |TAMS 0x0000000090400000| PB 0x0000000090400000| Untracked 
|  63|0x0000000090500000, 0x0000000090500000, 0x0000000090600000|  0%| F|  |TAMS 0x0000000090500000| PB 0x0000000090500000| Untracked 
|  64|0x0000000090600000, 0x0000000090600000, 0x0000000090700000|  0%| F|  |TAMS 0x0000000090600000| PB 0x0000000090600000| Untracked 
|  65|0x0000000090700000, 0x0000000090700000, 0x0000000090800000|  0%| F|  |TAMS 0x0000000090700000| PB 0x0000000090700000| Untracked 
|  66|0x0000000090800000, 0x0000000090800000, 0x0000000090900000|  0%| F|  |TAMS 0x0000000090800000| PB 0x0000000090800000| Untracked 
|  67|0x0000000090900000, 0x0000000090900000, 0x0000000090a00000|  0%| F|  |TAMS 0x0000000090900000| PB 0x0000000090900000| Untracked 
|  68|0x0000000090a00000, 0x0000000090a00000, 0x0000000090b00000|  0%| F|  |TAMS 0x0000000090a00000| PB 0x0000000090a00000| Untracked 
|  69|0x0000000090b00000, 0x0000000090b00000, 0x0000000090c00000|  0%| F|  |TAMS 0x0000000090b00000| PB 0x0000000090b00000| Untracked 
|  70|0x0000000090c00000, 0x0000000090c00000, 0x0000000090d00000|  0%| F|  |TAMS 0x0000000090c00000| PB 0x0000000090c00000| Untracked 
|  71|0x0000000090d00000, 0x0000000090d00000, 0x0000000090e00000|  0%| F|  |TAMS 0x0000000090d00000| PB 0x0000000090d00000| Untracked 
|  72|0x0000000090e00000, 0x0000000090e00000, 0x0000000090f00000|  0%| F|  |TAMS 0x0000000090e00000| PB 0x0000000090e00000| Untracked 
|  73|0x0000000090f00000, 0x0000000090f00000, 0x0000000091000000|  0%| F|  |TAMS 0x0000000090f00000| PB 0x0000000090f00000| Untracked 
|  74|0x0000000091000000, 0x0000000091000000, 0x0000000091100000|  0%| F|  |TAMS 0x0000000091000000| PB 0x0000000091000000| Untracked 
|  75|0x0000000091100000, 0x0000000091100000, 0x0000000091200000|  0%| F|  |TAMS 0x0000000091100000| PB 0x0000000091100000| Untracked 
|  76|0x0000000091200000, 0x0000000091200000, 0x0000000091300000|  0%| F|  |TAMS 0x0000000091200000| PB 0x0000000091200000| Untracked 
|  77|0x0000000091300000, 0x0000000091300000, 0x0000000091400000|  0%| F|  |TAMS 0x0000000091300000| PB 0x0000000091300000| Untracked 
|  78|0x0000000091400000, 0x0000000091400000, 0x0000000091500000|  0%| F|  |TAMS 0x0000000091400000| PB 0x0000000091400000| Untracked 
|  79|0x0000000091500000, 0x0000000091500000, 0x0000000091600000|  0%| F|  |TAMS 0x0000000091500000| PB 0x0000000091500000| Untracked 
|  80|0x0000000091600000, 0x0000000091600000, 0x0000000091700000|  0%| F|  |TAMS 0x0000000091600000| PB 0x0000000091600000| Untracked 
|  81|0x0000000091700000, 0x0000000091700000, 0x0000000091800000|  0%| F|  |TAMS 0x0000000091700000| PB 0x0000000091700000| Untracked 
|  82|0x0000000091800000, 0x0000000091800000, 0x0000000091900000|  0%| F|  |TAMS 0x0000000091800000| PB 0x0000000091800000| Untracked 
|  83|0x0000000091900000, 0x0000000091900000, 0x0000000091a00000|  0%| F|  |TAMS 0x0000000091900000| PB 0x0000000091900000| Untracked 
|  84|0x0000000091a00000, 0x0000000091a00000, 0x0000000091b00000|  0%| F|  |TAMS 0x0000000091a00000| PB 0x0000000091a00000| Untracked 
|  85|0x0000000091b00000, 0x0000000091b00000, 0x0000000091c00000|  0%| F|  |TAMS 0x0000000091b00000| PB 0x0000000091b00000| Untracked 
|  86|0x0000000091c00000, 0x0000000091c00000, 0x0000000091d00000|  0%| F|  |TAMS 0x0000000091c00000| PB 0x0000000091c00000| Untracked 
|  87|0x0000000091d00000, 0x0000000091d00000, 0x0000000091e00000|  0%| F|  |TAMS 0x0000000091d00000| PB 0x0000000091d00000| Untracked 
|  88|0x0000000091e00000, 0x0000000091e00000, 0x0000000091f00000|  0%| F|  |TAMS 0x0000000091e00000| PB 0x0000000091e00000| Untracked 
|  89|0x0000000091f00000, 0x0000000091f00000, 0x0000000092000000|  0%| F|  |TAMS 0x0000000091f00000| PB 0x0000000091f00000| Untracked 
|  90|0x0000000092000000, 0x0000000092000000, 0x0000000092100000|  0%| F|  |TAMS 0x0000000092000000| PB 0x0000000092000000| Untracked 
|  91|0x0000000092100000, 0x0000000092100000, 0x0000000092200000|  0%| F|  |TAMS 0x0000000092100000| PB 0x0000000092100000| Untracked 
|  92|0x0000000092200000, 0x0000000092200000, 0x0000000092300000|  0%| F|  |TAMS 0x0000000092200000| PB 0x0000000092200000| Untracked 
|  93|0x0000000092300000, 0x0000000092300000, 0x0000000092400000|  0%| F|  |TAMS 0x0000000092300000| PB 0x0000000092300000| Untracked 
|  94|0x0000000092400000, 0x0000000092400000, 0x0000000092500000|  0%| F|  |TAMS 0x0000000092400000| PB 0x0000000092400000| Untracked 
|  95|0x0000000092500000, 0x0000000092500000, 0x0000000092600000|  0%| F|  |TAMS 0x0000000092500000| PB 0x0000000092500000| Untracked 
|  96|0x0000000092600000, 0x0000000092600000, 0x0000000092700000|  0%| F|  |TAMS 0x0000000092600000| PB 0x0000000092600000| Untracked 
|  97|0x0000000092700000, 0x0000000092700000, 0x0000000092800000|  0%| F|  |TAMS 0x0000000092700000| PB 0x0000000092700000| Untracked 
|  98|0x0000000092800000, 0x0000000092800000, 0x0000000092900000|  0%| F|  |TAMS 0x0000000092800000| PB 0x0000000092800000| Untracked 
|  99|0x0000000092900000, 0x0000000092900000, 0x0000000092a00000|  0%| F|  |TAMS 0x0000000092900000| PB 0x0000000092900000| Untracked 
| 100|0x0000000092a00000, 0x0000000092a00000, 0x0000000092b00000|  0%| F|  |TAMS 0x0000000092a00000| PB 0x0000000092a00000| Untracked 
| 101|0x0000000092b00000, 0x0000000092b00000, 0x0000000092c00000|  0%| F|  |TAMS 0x0000000092b00000| PB 0x0000000092b00000| Untracked 
| 102|0x0000000092c00000, 0x0000000092d00000, 0x0000000092d00000|100%| E|  |TAMS 0x0000000092c00000| PB 0x0000000092c00000| Complete 
| 103|0x0000000092d00000, 0x0000000092e00000, 0x0000000092e00000|100%| E|CS|TAMS 0x0000000092d00000| PB 0x0000000092d00000| Complete 
| 104|0x0000000092e00000, 0x0000000092f00000, 0x0000000092f00000|100%| E|CS|TAMS 0x0000000092e00000| PB 0x0000000092e00000| Complete 
| 105|0x0000000092f00000, 0x0000000093000000, 0x0000000093000000|100%| E|CS|TAMS 0x0000000092f00000| PB 0x0000000092f00000| Complete 
| 106|0x0000000093000000, 0x0000000093100000, 0x0000000093100000|100%| E|CS|TAMS 0x0000000093000000| PB 0x0000000093000000| Complete 
| 107|0x0000000093100000, 0x0000000093200000, 0x0000000093200000|100%| E|CS|TAMS 0x0000000093100000| PB 0x0000000093100000| Complete 
| 108|0x0000000093200000, 0x0000000093300000, 0x0000000093300000|100%| E|CS|TAMS 0x0000000093200000| PB 0x0000000093200000| Complete 
| 109|0x0000000093300000, 0x0000000093400000, 0x0000000093400000|100%| E|CS|TAMS 0x0000000093300000| PB 0x0000000093300000| Complete 
| 110|0x0000000093400000, 0x0000000093500000, 0x0000000093500000|100%| E|  |TAMS 0x0000000093400000| PB 0x0000000093400000| Complete 
| 111|0x0000000093500000, 0x0000000093600000, 0x0000000093600000|100%| E|CS|TAMS 0x0000000093500000| PB 0x0000000093500000| Complete 
| 112|0x0000000093600000, 0x0000000093700000, 0x0000000093700000|100%| E|CS|TAMS 0x0000000093600000| PB 0x0000000093600000| Complete 
| 113|0x0000000093700000, 0x0000000093800000, 0x0000000093800000|100%| E|CS|TAMS 0x0000000093700000| PB 0x0000000093700000| Complete 
| 114|0x0000000093800000, 0x0000000093900000, 0x0000000093900000|100%| E|CS|TAMS 0x0000000093800000| PB 0x0000000093800000| Complete 
| 115|0x0000000093900000, 0x0000000093a00000, 0x0000000093a00000|100%| E|CS|TAMS 0x0000000093900000| PB 0x0000000093900000| Complete 

Card table byte_map: [0x00000242cc810000,0x00000242ccbb0000] _byte_map_base: 0x00000242cc3ad000

Marking Bits: (CMBitMap*) 0x00000242c58060e0
 Bits: [0x00000242ccbb0000, 0x00000242ce898000)

Polling page: 0x00000242c35c0000

Metaspace:

Usage:
  Non-class:      4.00 MB used.
      Class:    538.63 KB used.
       Both:      4.52 MB used.

Virtual space:
  Non-class space:       64.00 MB reserved,       4.06 MB (  6%) committed,  1 nodes.
      Class space:        1.00 GB reserved,     640.00 KB ( <1%) committed,  1 nodes.
             Both:        1.06 GB reserved,       4.69 MB ( <1%) committed. 

Chunk freelists:
   Non-Class:  11.91 MB
       Class:  15.25 MB
        Both:  27.16 MB

MaxMetaspaceSize: unlimited
CompressedClassSpaceSize: 1.00 GB
Initial GC threshold: 21.00 MB
Current GC threshold: 21.00 MB
CDS: on
 - commit_granule_bytes: 65536.
 - commit_granule_words: 8192.
 - virtual_space_node_default_size: 8388608.
 - enlarge_chunks_in_place: 1.
 - use_allocation_guard: 0.


Internal statistics:

num_allocs_failed_limit: 0.
num_arena_births: 96.
num_arena_deaths: 0.
num_vsnodes_births: 2.
num_vsnodes_deaths: 0.
num_space_committed: 75.
num_space_uncommitted: 0.
num_chunks_returned_to_freelist: 0.
num_chunks_taken_from_freelist: 102.
num_chunk_merges: 0.
num_chunk_splits: 72.
num_chunks_enlarged: 45.
num_inconsistent_stats: 0.

CodeCache: size=49152Kb used=3233Kb max_used=3233Kb free=45918Kb
 bounds [0x00000242c9140000, 0x00000242c9470000, 0x00000242cc140000]
 total_blobs=1497 nmethods=1049 adapters=372
 compilation: enabled
              stopped_count=0, restarted_count=0
 full_count=0

Compilation events (20 events):
Event: 0.586 Thread 0x00000242d0d7f350 nmethod 1038 0x00000242c9462390 code [0x00000242c9462520, 0x00000242c94625e8]
Event: 0.586 Thread 0x00000242d0d7f350 1039       1       jdk.internal.org.objectweb.asm.MethodWriter::computeMethodInfoSize (571 bytes)
Event: 0.586 Thread 0x00000242d0dc7060 nmethod 1035 0x00000242c9462690 code [0x00000242c94628e0, 0x00000242c9463158]
Event: 0.588 Thread 0x00000242d0d7f350 nmethod 1039 0x00000242c9463510 code [0x00000242c94637c0, 0x00000242c9463fb0]
Event: 0.588 Thread 0x00000242d0d7f350 1040       1       java.lang.invoke.MethodHandleNatives::isPullModeBSM (2 bytes)
Event: 0.589 Thread 0x00000242d0d7f350 nmethod 1040 0x00000242c9464610 code [0x00000242c94647a0, 0x00000242c9464848]
Event: 0.589 Thread 0x00000242d0d7f350 1041       1       java.lang.invoke.DirectMethodHandle$Constructor::<init> (44 bytes)
Event: 0.589 Thread 0x00000242d0dc7060 1042       1       java.lang.invoke.ConstantCallSite::getTarget (20 bytes)
Event: 0.589 Thread 0x00000242d0d7f350 nmethod 1041 0x00000242c9464910 code [0x00000242c9464ac0, 0x00000242c9464c58]
Event: 0.589 Thread 0x00000242d0dc7060 nmethod 1042 0x00000242c9464d10 code [0x00000242c9464ec0, 0x00000242c9465040]
Event: 0.593 Thread 0x00000242d0d7f350 1043       1       java.lang.ref.SoftReference::<init> (13 bytes)
Event: 0.593 Thread 0x00000242d0d7f350 nmethod 1043 0x00000242c9465e90 code [0x00000242c9466040, 0x00000242c94661d0]
Event: 0.598 Thread 0x00000242d0d7f350 1044       1       java.lang.Class::getComponentType (14 bytes)
Event: 0.598 Thread 0x00000242d0d7f350 nmethod 1044 0x00000242c9466290 code [0x00000242c9466440, 0x00000242c9466568]
Event: 0.598 Thread 0x00000242d0d7f350 1045       1       java.lang.invoke.MethodHandleNatives::refKindHasReceiver (33 bytes)
Event: 0.598 Thread 0x00000242d0d7f350 nmethod 1045 0x00000242c9466f10 code [0x00000242c94670a0, 0x00000242c9467158]
Event: 0.601 Thread 0x00000242d0d7f350 1048       1       java.lang.invoke.LambdaForm$Name::<init> (19 bytes)
Event: 0.602 Thread 0x00000242d0dc7060 1049       1       jdk.internal.org.objectweb.asm.SymbolTable::getConstantPoolCount (5 bytes)
Event: 0.602 Thread 0x00000242d0d7f350 nmethod 1048 0x00000242c9467810 code [0x00000242c9467a00, 0x00000242c9467cb8]
Event: 0.602 Thread 0x00000242d0dc7060 nmethod 1049 0x00000242c9467f10 code [0x00000242c94680a0, 0x00000242c9468168]

GC Heap History (0 events):
No events

Dll operation events (9 events):
Event: 0.011 Loaded shared library C:\Users\user\Downloads\spring-tools-for-eclipse-4.31.0.RELEASE-e4.36.0-win32.win32.x86_64\sts-4.31.0.RELEASE\plugins\org.eclipse.justj.openjdk.hotspot.jre.full.win32.x86_64_21.0.7.v20250502-0916\jre\bin\java.dll
Event: 0.105 Loaded shared library C:\Users\user\Downloads\spring-tools-for-eclipse-4.31.0.RELEASE-e4.36.0-win32.win32.x86_64\sts-4.31.0.RELEASE\plugins\org.eclipse.justj.openjdk.hotspot.jre.full.win32.x86_64_21.0.7.v20250502-0916\jre\bin\zip.dll
Event: 0.212 Loaded shared library C:\Users\user\Downloads\spring-tools-for-eclipse-4.31.0.RELEASE-e4.36.0-win32.win32.x86_64\sts-4.31.0.RELEASE\plugins\org.eclipse.justj.openjdk.hotspot.jre.full.win32.x86_64_21.0.7.v20250502-0916\jre\bin\jimage.dll
Event: 0.224 Loaded shared library C:\Users\user\Downloads\spring-tools-for-eclipse-4.31.0.RELEASE-e4.36.0-win32.win32.x86_64\sts-4.31.0.RELEASE\plugins\org.eclipse.justj.openjdk.hotspot.jre.full.win32.x86_64_21.0.7.v20250502-0916\jre\bin\net.dll
Event: 0.228 Loaded shared library C:\Users\user\Downloads\spring-tools-for-eclipse-4.31.0.RELEASE-e4.36.0-win32.win32.x86_64\sts-4.31.0.RELEASE\plugins\org.eclipse.justj.openjdk.hotspot.jre.full.win32.x86_64_21.0.7.v20250502-0916\jre\bin\nio.dll
Event: 0.231 Loaded shared library C:\Users\user\Downloads\spring-tools-for-eclipse-4.31.0.RELEASE-e4.36.0-win32.win32.x86_64\sts-4.31.0.RELEASE\plugins\org.eclipse.justj.openjdk.hotspot.jre.full.win32.x86_64_21.0.7.v20250502-0916\jre\bin\zip.dll
Event: 0.303 Loaded shared library C:\Users\user\Downloads\spring-tools-for-eclipse-4.31.0.RELEASE-e4.36.0-win32.win32.x86_64\sts-4.31.0.RELEASE\plugins\org.eclipse.justj.openjdk.hotspot.jre.full.win32.x86_64_21.0.7.v20250502-0916\jre\bin\management.dll
Event: 0.330 Loaded shared library C:\Users\user\Downloads\spring-tools-for-eclipse-4.31.0.RELEASE-e4.36.0-win32.win32.x86_64\sts-4.31.0.RELEASE\plugins\org.eclipse.justj.openjdk.hotspot.jre.full.win32.x86_64_21.0.7.v20250502-0916\jre\bin\management_ext.dll
Event: 0.595 Loaded shared library C:\Users\user\Downloads\spring-tools-for-eclipse-4.31.0.RELEASE-e4.36.0-win32.win32.x86_64\sts-4.31.0.RELEASE\plugins\org.eclipse.justj.openjdk.hotspot.jre.full.win32.x86_64_21.0.7.v20250502-0916\jre\bin\extnet.dll

Deoptimization events (0 events):
No events

Classes loaded (20 events):
Event: 0.601 Loading class java/io/ObjectStreamClass$Caches$2 done
Event: 0.601 Loading class java/io/ObjectStreamClass$2
Event: 0.601 Loading class java/io/ObjectStreamClass$2 done
Event: 0.601 Loading class jdk/internal/reflect/MethodHandleLongFieldAccessorImpl
Event: 0.601 Loading class jdk/internal/reflect/MethodHandleLongFieldAccessorImpl done
Event: 0.602 Loading class jdk/internal/reflect/MethodAccessorGenerator
Event: 0.603 Loading class jdk/internal/reflect/AccessorGenerator
Event: 0.603 Loading class jdk/internal/reflect/ClassFileConstants
Event: 0.603 Loading class jdk/internal/reflect/ClassFileConstants done
Event: 0.603 Loading class jdk/internal/reflect/AccessorGenerator done
Event: 0.603 Loading class jdk/internal/reflect/MethodAccessorGenerator done
Event: 0.604 Loading class jdk/internal/reflect/ByteVectorFactory
Event: 0.604 Loading class jdk/internal/reflect/ByteVectorFactory done
Event: 0.604 Loading class jdk/internal/reflect/ByteVectorImpl
Event: 0.604 Loading class jdk/internal/reflect/ByteVector
Event: 0.604 Loading class jdk/internal/reflect/ByteVector done
Event: 0.604 Loading class jdk/internal/reflect/ByteVectorImpl done
Event: 0.604 Loading class jdk/internal/reflect/ClassFileAssembler
Event: 0.604 Loading class jdk/internal/reflect/ClassFileAssembler done
Event: 0.604 Loading class jdk/internal/reflect/UTF8

Classes unloaded (0 events):
No events

Classes redefined (0 events):
No events

Internal exceptions (13 events):
Event: 0.334 Thread 0x00000242c57b1940 Exception <a 'java/lang/NoSuchMethodError'{0x0000000093252f48}: 'int java.lang.invoke.DirectMethodHandle$Holder.invokeInterface(java.lang.Object, java.lang.Object)'> (0x0000000093252f48) 
thrown [s\src\hotspot\share\interpreter\linkResolver.cpp, line 773]
Event: 0.334 Thread 0x00000242c57b1940 Exception <a 'java/lang/IncompatibleClassChangeError'{0x0000000093256350}: Found class java.lang.Object, but interface was expected> (0x0000000093256350) 
thrown [s\src\hotspot\share\interpreter\linkResolver.cpp, line 840]
Event: 0.335 Thread 0x00000242c57b1940 Exception <a 'java/lang/NoSuchMethodError'{0x000000009325b6e0}: 'void java.lang.invoke.DirectMethodHandle$Holder.invokeStatic(java.lang.Object, java.lang.Object)'> (0x000000009325b6e0) 
thrown [s\src\hotspot\share\interpreter\linkResolver.cpp, line 773]
Event: 0.390 Thread 0x00000242c57b1940 Exception <a 'java/lang/NoSuchMethodError'{0x000000009312c2f0}: 'int java.lang.invoke.DirectMethodHandle$Holder.invokeSpecial(java.lang.Object, java.lang.Object, java.lang.Object)'> (0x000000009312c2f0) 
thrown [s\src\hotspot\share\interpreter\linkResolver.cpp, line 773]
Event: 0.436 Thread 0x00000242c57b1940 Exception <a 'java/lang/NoSuchMethodError'{0x00000000930d7258}: 'java.lang.Object java.lang.invoke.DirectMethodHandle$Holder.invokeStaticInit(java.lang.Object, java.lang.Object, java.lang.Object)'> (0x00000000930d7258) 
thrown [s\src\hotspot\share\interpreter\linkResolver.cpp, line 773]
Event: 0.490 Thread 0x00000242c57b1940 Exception <a 'java/lang/NoSuchMethodError'{0x0000000092d9e0b8}: 'void java.lang.invoke.DirectMethodHandle$Holder.invokeStatic(java.lang.Object, java.lang.Object, java.lang.Object)'> (0x0000000092d9e0b8) 
thrown [s\src\hotspot\share\interpreter\linkResolver.cpp, line 773]
Event: 0.518 Thread 0x00000242c57b1940 Exception <a 'java/lang/NoSuchMethodError'{0x0000000092de6ca0}: 'int java.lang.invoke.DirectMethodHandle$Holder.invokeSpecialIFC(java.lang.Object, java.lang.Object, java.lang.Object)'> (0x0000000092de6ca0) 
thrown [s\src\hotspot\share\interpreter\linkResolver.cpp, line 773]
Event: 0.558 Thread 0x00000242c57b1940 Exception <a 'java/lang/NoSuchMethodError'{0x0000000092c5ccc8}: 'java.lang.Object java.lang.invoke.DirectMethodHandle$Holder.invokeStaticInit(java.lang.Object, int, int, int, int)'> (0x0000000092c5ccc8) 
thrown [s\src\hotspot\share\interpreter\linkResolver.cpp, line 773]
Event: 0.569 Thread 0x00000242c57b1940 Exception <a 'java/net/SocketException'{0x0000000092c69398}> (0x0000000092c69398) 
thrown [s\src\hotspot\share\prims\jni.cpp, line 520]
Event: 0.574 Thread 0x00000242c57b1940 Exception <a 'java/lang/NoSuchMethodError'{0x0000000092c8e138}: 'java.lang.Object java.lang.invoke.DirectMethodHandle$Holder.invokeStaticInit(java.lang.Object, java.lang.Object, int, int, int, int)'> (0x0000000092c8e138) 
thrown [s\src\hotspot\share\interpreter\linkResolver.cpp, line 773]
Event: 0.584 Thread 0x00000242c57b1940 Exception <a 'java/lang/ClassNotFoundException'{0x0000000092ca9038}: javax/management/remote/rmi/RMIServerImpl_Skel> (0x0000000092ca9038) 
thrown [s\src\hotspot\share\classfile\systemDictionary.cpp, line 312]
Event: 0.602 Thread 0x00000242c57b1940 Exception <a 'java/lang/NoSuchMethodError'{0x0000000092ccd1a0}: 'long java.lang.invoke.DirectMethodHandle$Holder.invokeSpecial(java.lang.Object, java.lang.Object)'> (0x0000000092ccd1a0) 
thrown [s\src\hotspot\share\interpreter\linkResolver.cpp, line 773]
Event: 0.602 Thread 0x00000242c57b1940 Exception <a 'java/lang/NoSuchMethodError'{0x0000000092cd0888}: 'long java.lang.invoke.Invokers$Holder.invokeExact_MT(java.lang.Object, java.lang.Object)'> (0x0000000092cd0888) 
thrown [s\src\hotspot\share\interpreter\linkResolver.cpp, line 773]

ZGC Phase Switch (0 events):
No events

VM Operations (12 events):
Event: 0.178 Executing VM operation: HandshakeAllThreads (Deoptimize)
Event: 0.190 Executing VM operation: HandshakeAllThreads (Deoptimize) done
Event: 0.342 Executing VM operation: HandshakeAllThreads (Deoptimize)
Event: 0.342 Executing VM operation: HandshakeAllThreads (Deoptimize) done
Event: 0.498 Executing VM operation: HandshakeAllThreads (Deoptimize)
Event: 0.498 Executing VM operation: HandshakeAllThreads (Deoptimize) done
Event: 0.534 Executing VM operation: HandshakeAllThreads (Deoptimize)
Event: 0.534 Executing VM operation: HandshakeAllThreads (Deoptimize) done
Event: 0.569 Executing VM operation: HandshakeAllThreads (Deoptimize)
Event: 0.569 Executing VM operation: HandshakeAllThreads (Deoptimize) done
Event: 0.583 Executing VM operation: HandshakeAllThreads (Deoptimize)
Event: 0.583 Executing VM operation: HandshakeAllThreads (Deoptimize) done

Memory protections (0 events):
No events

Nmethod flushes (0 events):
No events

Events (12 events):
Event: 0.085 Thread 0x00000242c57b1940 Thread added: 0x00000242c57b1940
Event: 0.107 Thread 0x00000242c57b1940 Thread added: 0x00000242d0da8730
Event: 0.107 Thread 0x00000242c57b1940 Thread added: 0x00000242d0da92e0
Event: 0.108 Thread 0x00000242c57b1940 Thread added: 0x00000242d0dac7d0
Event: 0.108 Thread 0x00000242c57b1940 Thread added: 0x00000242d0db65b0
Event: 0.108 Thread 0x00000242c57b1940 Thread added: 0x00000242d0db7000
Event: 0.108 Thread 0x00000242c57b1940 Thread added: 0x00000242d0db9b90
Event: 0.108 Thread 0x00000242c57b1940 Thread added: 0x00000242d0dc7060
Event: 0.171 Thread 0x00000242c57b1940 Thread added: 0x00000242d16347f0
Event: 0.182 Thread 0x00000242d0dc7060 Thread added: 0x00000242d0d7f350
Event: 0.201 Thread 0x00000242c57b1940 Thread added: 0x00000242d1634e80
Event: 0.597 Thread 0x00000242c57b1940 Thread added: 0x00000242d1634160


Dynamic libraries:
0x00007ff771c20000 - 0x00007ff771c2e000 	C:\Users\user\Downloads\spring-tools-for-eclipse-4.31.0.RELEASE-e4.36.0-win32.win32.x86_64\sts-4.31.0.RELEASE\plugins\org.eclipse.justj.openjdk.hotspot.jre.full.win32.x86_64_21.0.7.v20250502-0916\jre\bin\javaw.exe
0x00007ff88f470000 - 0x00007ff88f687000 	C:\WINDOWS\SYSTEM32\ntdll.dll
0x00007ff846920000 - 0x00007ff846940000 	C:\Program Files\Avast Software\Avast\aswhook.dll
0x00007ff88d7d0000 - 0x00007ff88d894000 	C:\WINDOWS\System32\KERNEL32.DLL
0x00007ff88c560000 - 0x00007ff88c932000 	C:\WINDOWS\System32\KERNELBASE.dll
0x00007ff88cf40000 - 0x00007ff88d051000 	C:\WINDOWS\System32\ucrtbase.dll
0x00007ff87dc80000 - 0x00007ff87dc98000 	C:\Users\user\Downloads\spring-tools-for-eclipse-4.31.0.RELEASE-e4.36.0-win32.win32.x86_64\sts-4.31.0.RELEASE\plugins\org.eclipse.justj.openjdk.hotspot.jre.full.win32.x86_64_21.0.7.v20250502-0916\jre\bin\jli.dll
0x00007ff889410000 - 0x00007ff88942e000 	C:\Users\user\Downloads\spring-tools-for-eclipse-4.31.0.RELEASE-e4.36.0-win32.win32.x86_64\sts-4.31.0.RELEASE\plugins\org.eclipse.justj.openjdk.hotspot.jre.full.win32.x86_64_21.0.7.v20250502-0916\jre\bin\VCRUNTIME140.dll
0x00007ff88ddc0000 - 0x00007ff88df71000 	C:\WINDOWS\System32\USER32.dll
0x00007ff88cf10000 - 0x00007ff88cf36000 	C:\WINDOWS\System32\win32u.dll
0x00007ff870d20000 - 0x00007ff870fbb000 	C:\WINDOWS\WinSxS\amd64_microsoft.windows.common-controls_6595b64144ccf1df_6.0.22621.5415_none_270d77d17387d7da\COMCTL32.dll
0x00007ff88d690000 - 0x00007ff88d6b9000 	C:\WINDOWS\System32\GDI32.dll
0x00007ff88cde0000 - 0x00007ff88cf03000 	C:\WINDOWS\System32\gdi32full.dll
0x00007ff88d060000 - 0x00007ff88d0fa000 	C:\WINDOWS\System32\msvcp_win.dll
0x00007ff88efe0000 - 0x00007ff88f087000 	C:\WINDOWS\System32\msvcrt.dll
0x00007ff88d900000 - 0x00007ff88d931000 	C:\WINDOWS\System32\IMM32.DLL
0x00007ff87db60000 - 0x00007ff87db6c000 	C:\Users\user\Downloads\spring-tools-for-eclipse-4.31.0.RELEASE-e4.36.0-win32.win32.x86_64\sts-4.31.0.RELEASE\plugins\org.eclipse.justj.openjdk.hotspot.jre.full.win32.x86_64_21.0.7.v20250502-0916\jre\bin\vcruntime140_1.dll
0x00007ff84db00000 - 0x00007ff84db8d000 	C:\Users\user\Downloads\spring-tools-for-eclipse-4.31.0.RELEASE-e4.36.0-win32.win32.x86_64\sts-4.31.0.RELEASE\plugins\org.eclipse.justj.openjdk.hotspot.jre.full.win32.x86_64_21.0.7.v20250502-0916\jre\bin\msvcp140.dll
0x00007ff828c20000 - 0x00007ff8299b0000 	C:\Users\user\Downloads\spring-tools-for-eclipse-4.31.0.RELEASE-e4.36.0-win32.win32.x86_64\sts-4.31.0.RELEASE\plugins\org.eclipse.justj.openjdk.hotspot.jre.full.win32.x86_64_21.0.7.v20250502-0916\jre\bin\server\jvm.dll
0x00007ff88d490000 - 0x00007ff88d541000 	C:\WINDOWS\System32\ADVAPI32.dll
0x00007ff88d570000 - 0x00007ff88d618000 	C:\WINDOWS\System32\sechost.dll
0x00007ff88c9c0000 - 0x00007ff88c9e8000 	C:\WINDOWS\System32\bcrypt.dll
0x00007ff88e110000 - 0x00007ff88e224000 	C:\WINDOWS\System32\RPCRT4.dll
0x00007ff88d100000 - 0x00007ff88d171000 	C:\WINDOWS\System32\WS2_32.dll
0x00007ff88b3a0000 - 0x00007ff88b3ed000 	C:\WINDOWS\SYSTEM32\POWRPROF.dll
0x00007ff887cc0000 - 0x00007ff887cf4000 	C:\WINDOWS\SYSTEM32\WINMM.dll
0x00007ff888140000 - 0x00007ff88814a000 	C:\WINDOWS\SYSTEM32\VERSION.dll
0x00007ff88b380000 - 0x00007ff88b393000 	C:\WINDOWS\SYSTEM32\UMPDC.dll
0x00007ff88b640000 - 0x00007ff88b658000 	C:\WINDOWS\SYSTEM32\kernel.appcore.dll
0x00007ff887620000 - 0x00007ff88762a000 	C:\Users\user\Downloads\spring-tools-for-eclipse-4.31.0.RELEASE-e4.36.0-win32.win32.x86_64\sts-4.31.0.RELEASE\plugins\org.eclipse.justj.openjdk.hotspot.jre.full.win32.x86_64_21.0.7.v20250502-0916\jre\bin\jimage.dll
0x00007ff88a070000 - 0x00007ff88a2a3000 	C:\WINDOWS\SYSTEM32\DBGHELP.DLL
0x00007ff88f090000 - 0x00007ff88f423000 	C:\WINDOWS\System32\combase.dll
0x00007ff88e230000 - 0x00007ff88e307000 	C:\WINDOWS\System32\OLEAUT32.dll
0x00007ff881060000 - 0x00007ff881092000 	C:\WINDOWS\SYSTEM32\dbgcore.DLL
0x00007ff88c940000 - 0x00007ff88c9bb000 	C:\WINDOWS\System32\bcryptPrimitives.dll
0x00007ff87be40000 - 0x00007ff87be5f000 	C:\Users\user\Downloads\spring-tools-for-eclipse-4.31.0.RELEASE-e4.36.0-win32.win32.x86_64\sts-4.31.0.RELEASE\plugins\org.eclipse.justj.openjdk.hotspot.jre.full.win32.x86_64_21.0.7.v20250502-0916\jre\bin\java.dll
0x00007ff88e6a0000 - 0x00007ff88ef42000 	C:\WINDOWS\System32\SHELL32.dll
0x00007ff88cc20000 - 0x00007ff88cd5f000 	C:\WINDOWS\System32\wintypes.dll
0x00007ff88a450000 - 0x00007ff88ad6e000 	C:\WINDOWS\SYSTEM32\windows.storage.dll
0x00007ff88d6c0000 - 0x00007ff88d7cb000 	C:\WINDOWS\System32\SHCORE.dll
0x00007ff88d1d0000 - 0x00007ff88d239000 	C:\WINDOWS\System32\shlwapi.dll
0x00007ff88c490000 - 0x00007ff88c4bb000 	C:\WINDOWS\SYSTEM32\profapi.dll
0x00007ff87bda0000 - 0x00007ff87bdb8000 	C:\Users\user\Downloads\spring-tools-for-eclipse-4.31.0.RELEASE-e4.36.0-win32.win32.x86_64\sts-4.31.0.RELEASE\plugins\org.eclipse.justj.openjdk.hotspot.jre.full.win32.x86_64_21.0.7.v20250502-0916\jre\bin\zip.dll
0x00007ff880040000 - 0x00007ff880050000 	C:\Users\user\Downloads\spring-tools-for-eclipse-4.31.0.RELEASE-e4.36.0-win32.win32.x86_64\sts-4.31.0.RELEASE\plugins\org.eclipse.justj.openjdk.hotspot.jre.full.win32.x86_64_21.0.7.v20250502-0916\jre\bin\net.dll
0x00007ff889040000 - 0x00007ff88916c000 	C:\WINDOWS\SYSTEM32\WINHTTP.dll
0x00007ff88bab0000 - 0x00007ff88bb19000 	C:\WINDOWS\system32\mswsock.dll
0x00007ff87ae00000 - 0x00007ff87ae16000 	C:\Users\user\Downloads\spring-tools-for-eclipse-4.31.0.RELEASE-e4.36.0-win32.win32.x86_64\sts-4.31.0.RELEASE\plugins\org.eclipse.justj.openjdk.hotspot.jre.full.win32.x86_64_21.0.7.v20250502-0916\jre\bin\nio.dll
0x00007ff87c9f0000 - 0x00007ff87c9fa000 	C:\Users\user\Downloads\spring-tools-for-eclipse-4.31.0.RELEASE-e4.36.0-win32.win32.x86_64\sts-4.31.0.RELEASE\plugins\org.eclipse.justj.openjdk.hotspot.jre.full.win32.x86_64_21.0.7.v20250502-0916\jre\bin\management.dll
0x00007ff87be90000 - 0x00007ff87be9b000 	C:\Users\user\Downloads\spring-tools-for-eclipse-4.31.0.RELEASE-e4.36.0-win32.win32.x86_64\sts-4.31.0.RELEASE\plugins\org.eclipse.justj.openjdk.hotspot.jre.full.win32.x86_64_21.0.7.v20250502-0916\jre\bin\management_ext.dll
0x00007ff88df80000 - 0x00007ff88df88000 	C:\WINDOWS\System32\PSAPI.DLL
0x00007ff86c690000 - 0x00007ff86c6a7000 	C:\WINDOWS\system32\napinsp.dll
0x00007ff86c670000 - 0x00007ff86c68b000 	C:\WINDOWS\system32\pnrpnsp.dll
0x00007ff88b070000 - 0x00007ff88b168000 	C:\WINDOWS\SYSTEM32\DNSAPI.dll
0x00007ff88b040000 - 0x00007ff88b06d000 	C:\WINDOWS\SYSTEM32\IPHLPAPI.DLL
0x00007ff88e0f0000 - 0x00007ff88e0f9000 	C:\WINDOWS\System32\NSI.dll
0x00007ff86c650000 - 0x00007ff86c661000 	C:\WINDOWS\System32\winrnr.dll
0x00007ff86c600000 - 0x00007ff86c61f000 	C:\WINDOWS\system32\wshbth.dll
0x00007ff86c5d0000 - 0x00007ff86c5f1000 	C:\WINDOWS\system32\nlansp_c.dll
0x00007ff888150000 - 0x00007ff88815a000 	C:\Windows\System32\rasadhlp.dll
0x00007ff8879d0000 - 0x00007ff887a54000 	C:\WINDOWS\System32\fwpuclnt.dll
0x00007ff88be00000 - 0x00007ff88be1b000 	C:\WINDOWS\SYSTEM32\CRYPTSP.dll
0x00007ff88b5a0000 - 0x00007ff88b5d7000 	C:\WINDOWS\system32\rsaenh.dll
0x00007ff88bb50000 - 0x00007ff88bb78000 	C:\WINDOWS\SYSTEM32\USERENV.dll
0x00007ff88bde0000 - 0x00007ff88bdec000 	C:\WINDOWS\SYSTEM32\CRYPTBASE.dll
0x00007ff889430000 - 0x00007ff889439000 	C:\Users\user\Downloads\spring-tools-for-eclipse-4.31.0.RELEASE-e4.36.0-win32.win32.x86_64\sts-4.31.0.RELEASE\plugins\org.eclipse.justj.openjdk.hotspot.jre.full.win32.x86_64_21.0.7.v20250502-0916\jre\bin\extnet.dll

dbghelp: loaded successfully - version: 4.0.5 - missing functions: none
symbol engine: initialized successfully - sym options: 0x614 - pdb path: .;C:\Users\user\Downloads\spring-tools-for-eclipse-4.31.0.RELEASE-e4.36.0-win32.win32.x86_64\sts-4.31.0.RELEASE\plugins\org.eclipse.justj.openjdk.hotspot.jre.full.win32.x86_64_21.0.7.v20250502-0916\jre\bin;C:\WINDOWS\SYSTEM32;C:\Program Files\Avast Software\Avast;C:\WINDOWS\WinSxS\amd64_microsoft.windows.common-controls_6595b64144ccf1df_6.0.22621.5415_none_270d77d17387d7da;C:\Users\user\Downloads\spring-tools-for-eclipse-4.31.0.RELEASE-e4.36.0-win32.win32.x86_64\sts-4.31.0.RELEASE\plugins\org.eclipse.justj.openjdk.hotspot.jre.full.win32.x86_64_21.0.7.v20250502-0916\jre\bin\server

VM Arguments:
jvm_args: -Dcom.sun.management.jmxremote -Dcom.sun.management.jmxremote.port=57013 -Dcom.sun.management.jmxremote.authenticate=false -Dcom.sun.management.jmxremote.ssl=false -Djava.rmi.server.hostname=localhost -Dspring.jmx.enabled=true -Dmanagement.endpoints.jmx.exposure.include=* -Dspring.application.admin.enabled=true -Dspring.output.ansi.enabled=always -XX:TieredStopAtLevel=1 -Dspring.boot.project.name=carro -Dfile.encoding=UTF-8 -Dstdout.encoding=UTF-8 -Dstderr.encoding=UTF-8 -XX:+ShowCodeDetailsInExceptionMessages 
java_command: carro.carro.CarroApplication
java_class_path (initial): C:\Users\user\Downloads\carro\carro\target\classes;C:\Users\user\.m2\repository\org\springframework\boot\spring-boot-starter-data-jpa\3.4.3\spring-boot-starter-data-jpa-3.4.3.jar;C:\Users\user\.m2\repository\org\springframework\boot\spring-boot-starter\3.4.3\spring-boot-starter-3.4.3.jar;C:\Users\user\.m2\repository\org\springframework\boot\spring-boot\3.4.3\spring-boot-3.4.3.jar;C:\Users\user\.m2\repository\org\springframework\boot\spring-boot-autoconfigure\3.4.3\spring-boot-autoconfigure-3.4.3.jar;C:\Users\user\.m2\repository\org\springframework\boot\spring-boot-starter-logging\3.4.3\spring-boot-starter-logging-3.4.3.jar;C:\Users\user\.m2\repository\ch\qos\logback\logback-classic\1.5.16\logback-classic-1.5.16.jar;C:\Users\user\.m2\repository\ch\qos\logback\logback-core\1.5.16\logback-core-1.5.16.jar;C:\Users\user\.m2\repository\org\apache\logging\log4j\log4j-to-slf4j\2.24.3\log4j-to-slf4j-2.24.3.jar;C:\Users\user\.m2\repository\org\apache\logging\log4j\log4j-api\2.24.3\log4j-api-2.24.3.jar;C:\Users\user\.m2\repository\org\slf4j\jul-to-slf4j\2.0.16\jul-to-slf4j-2.0.16.jar;C:\Users\user\.m2\repository\jakarta\annotation\jakarta.annotation-api\2.1.1\jakarta.annotation-api-2.1.1.jar;C:\Users\user\.m2\repository\org\yaml\snakeyaml\2.3\snakeyaml-2.3.jar;C:\Users\user\.m2\repository\org\springframework\boot\spring-boot-starter-jdbc\3.4.3\spring-boot-starter-jdbc-3.4.3.jar;C:\Users\user\.m2\repository\com\zaxxer\HikariCP\5.1.0\HikariCP-5.1.0.jar;C:\Users\user\.m2\repository\org\springframework\spring-jdbc\6.2.3\spring-jdbc-6.2.3.jar;C:\Users\user\.m2\repository\org\hibernate\orm\hibernate-core\6.6.8.Final\hibernate-core-6.6.8.Final.jar;C:\Users\user\.m2\repository\jakarta\persistence\jakarta.persistence-api\3.1.0\jakarta.persistence-api-3.1.0.jar;C:\Users\user\.m2\repository\jakarta\transaction\jakarta.transaction-api\2.0.1\jakarta.transaction-api-2.0.1.jar;C:\Users\user\.m2\repository\org\jboss\logging\jboss-logging\3.6.1.Final\jboss-logging-3.6.1.Final.jar;C:\Users\user\.m2\repository\org\hibernate\common\hibernate-commons-annotations\7.0.3.Final\hibernate-commons-annotations-7.0.3.Final.jar;C:\Users\user\.m2\repository\io\smallrye\jandex\3.2.0\jandex-3.2.0.jar;C:\Users\user\.m2\repository\com\fasterxml\classmate\1.7.0\classmate-1.7.0.jar;C:\Users\user\.m2\repository\net\bytebuddy\byte-buddy\1.15.11\byte-buddy-1.15.11.jar;C:\Users\user\.m2\repository\org\glassfish\jaxb\jaxb-runtime\4.0.5\jaxb-runtime-4.0.5.jar;C:\Users\user\.m2\repository\org\glassfish\jaxb\jaxb-core\4.0.5\jaxb-core-4.0.5.jar;C:\Users\user\.m2\repository\org\eclipse\angus\angus-activation\2.0.2\angus-activation-2.0.2.jar;C:\Users\user\.m2\repository\org\glassfish\jaxb\txw2\4.0.5\txw2-4.0.5.jar;C:\Users\user\.m2\repository\com\sun\istack\istack-commons-runtime\4.1.2\istack-commons-runtime-4.1.2.jar;C:\Users\user\.m2\repository\jakarta\inject\jakarta.inject-api\2.0.1\jakarta.inject-api-2.0.1.jar;C:\Users\user\.m2\repository\org\antlr\antlr4-runtime\4.13.0\antlr4-runtime-4.13.0.jar;C:\Users\user\.m2\repository\org\springframework\data\spring-data-jpa\3.4.3\spring-data-jpa-3.4.3.jar;C:\Users\user\.m2\repository\org\springframework\data\spring-data-commons\3.4.3\spring-data-commons-3.4.3.jar;C:\Users\user\.m2\repository\org\springframework\spring-orm\6.2.3\spring-orm-6.2.3.jar;C:\Users\user\.m2\repository\org\springframework\spring-context\6.2.3\spring-context-6.2.3.jar;C:\Users\user\.m2\repository\org\springframework\spring-tx\6.2.3\spring-tx-6.2.3.jar;C:\Users\user\.m2\repository\org\springframework\spring-beans\6.2.3\spring-beans-6.2.3.jar;C:\Users\user\.m2\repository\org\slf4j\slf4j-api\2.0.16\slf4j-api-2.0.16.jar;C:\Users\user\.m2\repository\org\springframework\spring-aspects\6.2.3\spring-aspects-6.2.3.jar;C:\Users\user\.m2\repository\org\aspectj\aspectjweaver\1.9.22.1\aspectjweaver-1.9.22.1.jar;C:\Users\user\.m2\repository\org\springframework\boot\spring-boot-starter-web\3.4.3\spring-boot-starter-web-3.4.3.jar;C:\Users\user\.m2\repository\org\springframework\boot\spring-boot-starter-json\3.4.3\spring-boot-starter-json-3.4.3.jar;C:\Users\user\.m2\repository\com\fasterxml\jackson\datatype\jackson-datatype-jdk8\2.18.2\jackson-datatype-jdk8-2.18.2.jar;C:\Users\user\.m2\repository\com\fasterxml\jackson\datatype\jackson-datatype-jsr310\2.18.2\jackson-datatype-jsr310-2.18.2.jar;C:\Users\user\.m2\repository\com\fasterxml\jackson\module\jackson-module-parameter-names\2.18.2\jackson-module-parameter-names-2.18.2.jar;C:\Users\user\.m2\repository\org\springframework\boot\spring-boot-starter-tomcat\3.4.3\spring-boot-starter-tomcat-3.4.3.jar;C:\Users\user\.m2\repository\org\apache\tomcat\embed\tomcat-embed-core\10.1.36\tomcat-embed-core-10.1.36.jar;C:\Users\user\.m2\repository\org\apache\tomcat\embed\tomcat-embed-websocket\10.1.36\tomcat-embed-websocket-10.1.36.jar;C:\Users\user\.m2\repository\org\springframework\spring-web\6.2.3\spring-web-6.2.3.jar;C:\Users\user\.m2\repository\io\micrometer\micrometer-observation\1.14.4\micrometer-observation-1.14.4.jar;C:\Users\user\.m2\repository\io\micrometer\micrometer-commons\1.14.4\micrometer-commons-1.14.4.jar;C:\Users\user\.m2\repository\org\springframework\spring-webmvc\6.2.3\spring-webmvc-6.2.3.jar;C:\Users\user\.m2\repository\org\springframework\spring-expression\6.2.3\spring-expression-6.2.3.jar;C:\Users\user\.m2\repository\org\springframework\boot\spring-boot-starter-security\3.4.3\spring-boot-starter-security-3.4.3.jar;C:\Users\user\.m2\repository\org\springframework\spring-aop\6.2.3\spring-aop-6.2.3.jar;C:\Users\user\.m2\repository\org\springframework\security\spring-security-config\6.4.3\spring-security-config-6.4.3.jar;C:\Users\user\.m2\repository\org\springframework\security\spring-security-core\6.4.3\spring-security-core-6.4.3.jar;C:\Users\user\.m2\repository\org\springframework\security\spring-security-crypto\6.4.3\spring-security-crypto-6.4.3.jar;C:\Users\user\.m2\repository\org\springframework\security\spring-security-web\6.4.3\spring-security-web-6.4.3.jar;C:\Users\user\.m2\repository\org\springframework\boot\spring-boot-starter-validation\3.4.3\spring-boot-starter-validation-3.4.3.jar;C:\Users\user\.m2\repository\org\apache\tomcat\embed\tomcat-embed-el\10.1.36\tomcat-embed-el-10.1.36.jar;C:\Users\user\.m2\repository\org\hibernate\validator\hibernate-validator\8.0.2.Final\hibernate-validator-8.0.2.Final.jar;C:\Users\user\.m2\repository\jakarta\validation\jakarta.validation-api\3.0.2\jakarta.validation-api-3.0.2.jar;C:\Users\user\.m2\repository\com\mysql\mysql-connector-j\9.1.0\mysql-connector-j-9.1.0.jar;C:\Users\user\.m2\repository\org\projectlombok\lombok\1.18.32\lombok-1.18.32.jar;C:\Users\user\.m2\repository\io\jsonwebtoken\jjwt-api\0.11.5\jjwt-api-0.11.5.jar;C:\Users\user\.m2\repository\io\jsonwebtoken\jjwt-impl\0.11.5\jjwt-impl-0.11.5.jar;C:\Users\user\.m2\repository\io\jsonwebtoken\jjwt-jackson\0.11.5\jjwt-jackson-0.11.5.jar;C:\Users\user\.m2\repository\com\fasterxml\jackson\core\jackson-databind\2.18.2\jackson-databind-2.18.2.jar;C:\Users\user\.m2\repository\com\fasterxml\jackson\core\jackson-annotations\2.18.2\jackson-annotations-2.18.2.jar;C:\Users\user\.m2\repository\com\fasterxml\jackson\core\jackson-core\2.18.2\jackson-core-2.18.2.jar;C:\Users\user\.m2\repository\jakarta\xml\bind\jakarta.xml.bind-api\4.0.2\jakarta.xml.bind-api-4.0.2.jar;C:\Users\user\.m2\repository\jakarta\activation\jakarta.activation-api\2.1.3\jakarta.activation-api-2.1.3.jar;C:\Users\user\.m2\repository\org\springframework\spring-core\6.2.3\spring-core-6.2.3.jar;C:\Users\user\.m2\repository\org\springframework\spring-jcl\6.2.3\spring-jcl-6.2.3.jar
Launcher Type: SUN_STANDARD

[Global flags]
     intx CICompilerCount                          = 4                                         {product} {ergonomic}
     uint ConcGCThreads                            = 3                                         {product} {ergonomic}
     uint G1ConcRefinementThreads                  = 10                                        {product} {ergonomic}
   size_t G1HeapRegionSize                         = 1048576                                   {product} {ergonomic}
    uintx GCDrainStackTargetSize                   = 64                                        {product} {ergonomic}
   size_t InitialHeapSize                          = 121634816                                 {product} {ergonomic}
     bool ManagementServer                         = true                                      {product} {command line}
   size_t MarkStackSize                            = 4194304                                   {product} {ergonomic}
   size_t MaxHeapSize                              = 1939865600                                {product} {ergonomic}
   size_t MaxNewSize                               = 1163919360                                {product} {ergonomic}
   size_t MinHeapDeltaBytes                        = 1048576                                   {product} {ergonomic}
   size_t MinHeapSize                              = 8388608                                   {product} {ergonomic}
    uintx NonNMethodCodeHeapSize                   = 4096                                   {pd product} {ergonomic}
    uintx NonProfiledCodeHeapSize                  = 0                                      {pd product} {ergonomic}
     bool ProfileInterpreter                       = false                                  {pd product} {command line}
    uintx ProfiledCodeHeapSize                     = 0                                      {pd product} {ergonomic}
     bool ShowCodeDetailsInExceptionMessages       = true                                   {manageable} {command line}
   size_t SoftMaxHeapSize                          = 1939865600                             {manageable} {ergonomic}
     intx TieredStopAtLevel                        = 1                                         {product} {command line}
     bool UseCompressedOops                        = true                           {product lp64_product} {ergonomic}
     bool UseG1GC                                  = true                                      {product} {ergonomic}
     bool UseLargePagesIndividualAllocation        = false                                  {pd product} {ergonomic}

Logging:
Log output configuration:
 #0: stdout all=warning uptime,level,tags foldmultilines=false
 #1: stderr all=off uptime,level,tags foldmultilines=false

Environment Variables:
PATH=C:/Users/user/Downloads/spring-tools-for-eclipse-4.31.0.RELEASE-e4.36.0-win32.win32.x86_64/sts-4.31.0.RELEASE//plugins/org.eclipse.justj.openjdk.hotspot.jre.full.win32.x86_64_21.0.7.v20250502-0916/jre/bin/server;C:/Users/user/Downloads/spring-tools-for-eclipse-4.31.0.RELEASE-e4.36.0-win32.win32.x86_64/sts-4.31.0.RELEASE//plugins/org.eclipse.justj.openjdk.hotspot.jre.full.win32.x86_64_21.0.7.v20250502-0916/jre/bin;C:\Program Files\Common Files\Oracle\Java\javapath;C:\Program Files (x86)\Common Files\Oracle\Java\java8path;C:\Program Files (x86)\Common Files\Oracle\Java\javapath;C:\WINDOWS\system32;C:\WINDOWS;C:\WINDOWS\System32\Wbem;C:\WINDOWS\System32\WindowsPowerShell\v1.0\;C:\WINDOWS\System32\OpenSSH\;C:\Program Files\dotnet\;C:\Program Files\Git\cmd;C:\Program Files\nodejs\dowload\;C:\Users\user\AppData\Local\Programs\Python\Python313\Scripts\;C:\Users\user\AppData\Local\Programs\Python\Python313\;C:\Users\user\AppData\Local\Microsoft\WindowsApps;C:\Users\user\.dotnet\tools;;C:\Program Files\JetBrains\IntelliJ IDEA Community Edition 2025.1.2\bin;;C:\Users\user\AppData\Roaming\npm;C:\Users\user\Downloads\IntelliJ IDEA Community Edition 2025.1.2\bin;;C:\Users\user\AppData\Local\Programs\Microsoft VS Code\bin;C:\Users\user\Downloads\spring-tools-for-eclipse-4.31.0.RELEASE-e4.36.0-win32.win32.x86_64\sts-4.31.0.RELEASE;
USERNAME=user
OS=Windows_NT
PROCESSOR_IDENTIFIER=AMD64 Family 23 Model 96 Stepping 1, AuthenticAMD
TMP=C:\Users\user\AppData\Local\Temp
TEMP=C:\Users\user\AppData\Local\Temp




Periodic native trim disabled

---------------  S Y S T E M  ---------------

OS:
 Windows 11 , 64 bit Build 22621 (10.0.22621.5415)
OS uptime: 7 days 3:39 hours
Hyper-V role detected

CPU: total 12 (initial active 12) (12 cores per cpu, 2 threads per core) family 23 model 96 stepping 1 microcode 0x0, cx8, cmov, fxsr, ht, mmx, 3dnowpref, sse, sse2, sse3, ssse3, sse4a, sse4.1, sse4.2, popcnt, lzcnt, tsc, tscinvbit, avx, avx2, aes, clmul, bmi1, bmi2, adx, sha, fma, vzeroupper, clflush, clflushopt, hv, rdtscp, rdpid, f16c
Processor Information for the first 12 processors :
  Max Mhz: 2100, Current Mhz: 2100, Mhz Limit: 2100

Memory: 4k page, system-wide physical 7399M (247M free)
TotalPageFile size 18987M (AvailPageFile size 0M)
current process WorkingSet (physical memory assigned to process): 61M, peak: 61M
current process commit charge ("private bytes"): 205M, peak: 206M

vm_info: OpenJDK 64-Bit Server VM (21.0.7+6-LTS) for windows-amd64 JRE (21.0.7+6-LTS), built on 2025-04-15T00:00:00Z by "admin" with MS VC++ 17.7 (VS2022)

END.
